<?xml version="1.0" encoding="UTF-8"?><testrun name="LoginTests (1)" project="MifosTestAutomation" tests="256" started="232" failures="2" errors="28" ignored="42">
  <testsuite name="com.mifos.tests.LoginTests" incomplete="true">
    <testsuite name="Feature: LoanRBI" incomplete="true">
      <testsuite name="Scenario Outline: As User creates the product loan using excelsheet">
        <testsuite name="Examples:">
          <testsuite name="| 389-RBI-EI-DB-DL-REC-NON-RNI-CTPD-SAR-MD-TR-1-EarlyRePayment-Loanproduct.xlsx |" incomplete="true">
            <error>org.openqa.selenium.TimeoutException: Timed out after 100 seconds waiting for visibility of element located by By.selector: legend.ng-binding
Build info: version: '2.29.1', revision: 'dfb1306b85be4934d23c123122e06e602a15e446', time: '2013-01-22 12:58:05'
System info: os.name: 'Windows 8.1', os.arch: 'amd64', os.version: '6.3', java.version: '1.7.0_60'
Driver info: driver.version: unknown&#13;
	at org.openqa.selenium.support.ui.FluentWait.timeoutException(FluentWait.java:259)&#13;
	at org.openqa.selenium.support.ui.FluentWait.until(FluentWait.java:228)&#13;
	at com.mifos.pages.MifosWebPage.waitForElementToBeVisible(MifosWebPage.java:239)&#13;
	at com.mifos.pages.MifosWebPage.getElement(MifosWebPage.java:916)&#13;
	at com.mifos.pages.MifosWebPage.getElement(MifosWebPage.java:901)&#13;
	at com.mifos.pages.MifosWebPage.getText(MifosWebPage.java:1204)&#13;
	at com.mifos.pages.MifosWebPage.validateSame(MifosWebPage.java:1237)&#13;
	at com.mifos.pages.MifosWebPage.verifySuccessMessage(MifosWebPage.java:1228)&#13;
	at com.mifos.pages.FrontPage.verifyProduct(FrontPage.java:349)&#13;
	at com.mifos.steps.LoanProductSteps.I_should_see_product_loan_created_successfully_from_Sheet(LoanProductSteps.java:37)&#13;
	at ✽.Then I should see product loan created successfully	from "ProductLoanOutput" Sheet(src\test\resources\features\Test.feature:15)&#13;
Caused by: org.openqa.selenium.NoSuchElementException: no such element
  (Session info: chrome=44.0.2403.125)
  (Driver info: chromedriver=2.14.313457 (3d645c400edf2e2c500566c9aa096063e707c9cf),platform=Windows NT 6.3 x86_64) (WARNING: The server did not provide any stacktrace information)
Command duration or timeout: 30.06 seconds
For documentation on this error, please visit: http://seleniumhq.org/exceptions/no_such_element.html
Build info: version: '2.29.1', revision: 'dfb1306b85be4934d23c123122e06e602a15e446', time: '2013-01-22 12:58:05'
System info: os.name: 'Windows 8.1', os.arch: 'amd64', os.version: '6.3', java.version: '1.7.0_60'
Session ID: 5ab8461eb866b7a4d97e15a1231f18ad
Driver info: org.openqa.selenium.chrome.ChromeDriver
Capabilities [{platform=XP, acceptSslCerts=true, javascriptEnabled=true, browserName=chrome, chrome={userDataDir=C:\Users\30\AppData\Local\Temp\scoped_dir12184_3777}, rotatable=false, locationContextEnabled=true, mobileEmulationEnabled=false, version=44.0.2403.125, takesHeapSnapshot=true, cssSelectorsEnabled=true, databaseEnabled=false, handlesAlerts=true, browserConnectionEnabled=false, webStorageEnabled=true, nativeEvents=true, applicationCacheEnabled=false, takesScreenshot=true}]&#13;
	at sun.reflect.NativeConstructorAccessorImpl.newInstance0(Native Method)&#13;
	at sun.reflect.NativeConstructorAccessorImpl.newInstance(Unknown Source)&#13;
	at sun.reflect.DelegatingConstructorAccessorImpl.newInstance(Unknown Source)&#13;
	at java.lang.reflect.Constructor.newInstance(Unknown Source)&#13;
	at org.openqa.selenium.remote.ErrorHandler.createThrowable(ErrorHandler.java:187)&#13;
	at org.openqa.selenium.remote.ErrorHandler.throwIfResponseFailed(ErrorHandler.java:145)&#13;
	at org.openqa.selenium.remote.RemoteWebDriver.execute(RemoteWebDriver.java:554)&#13;
	at org.openqa.selenium.remote.RemoteWebDriver.findElement(RemoteWebDriver.java:307)&#13;
	at org.openqa.selenium.remote.RemoteWebDriver.findElementByCssSelector(RemoteWebDriver.java:396)&#13;
	at org.openqa.selenium.By$ByCssSelector.findElement(By.java:406)&#13;
	at org.openqa.selenium.remote.RemoteWebDriver.findElement(RemoteWebDriver.java:299)&#13;
	at sun.reflect.GeneratedMethodAccessor6.invoke(Unknown Source)&#13;
	at sun.reflect.DelegatingMethodAccessorImpl.invoke(Unknown Source)&#13;
	at java.lang.reflect.Method.invoke(Unknown Source)&#13;
	at org.openqa.selenium.support.events.EventFiringWebDriver$2.invoke(EventFiringWebDriver.java:101)&#13;
	at com.sun.proxy.$Proxy15.findElement(Unknown Source)&#13;
	at org.openqa.selenium.support.events.EventFiringWebDriver.findElement(EventFiringWebDriver.java:180)&#13;
	at org.openqa.selenium.support.ui.ExpectedConditions.findElement(ExpectedConditions.java:523)&#13;
	at org.openqa.selenium.support.ui.ExpectedConditions.access$000(ExpectedConditions.java:39)&#13;
	at org.openqa.selenium.support.ui.ExpectedConditions$4.apply(ExpectedConditions.java:130)&#13;
	at org.openqa.selenium.support.ui.ExpectedConditions$4.apply(ExpectedConditions.java:126)&#13;
	at org.openqa.selenium.support.ui.FluentWait.until(FluentWait.java:208)&#13;
	at com.mifos.pages.MifosWebPage.waitForElementToBeVisible(MifosWebPage.java:239)&#13;
	at com.mifos.pages.MifosWebPage.getElement(MifosWebPage.java:916)&#13;
	at com.mifos.pages.MifosWebPage.getElement(MifosWebPage.java:901)&#13;
	at com.mifos.pages.MifosWebPage.getText(MifosWebPage.java:1204)&#13;
	at com.mifos.pages.MifosWebPage.validateSame(MifosWebPage.java:1237)&#13;
	at com.mifos.pages.MifosWebPage.verifySuccessMessage(MifosWebPage.java:1228)&#13;
	at com.mifos.pages.FrontPage.verifyProduct(FrontPage.java:349)&#13;
	at com.mifos.steps.LoanProductSteps.I_should_see_product_loan_created_successfully_from_Sheet(LoanProductSteps.java:37)&#13;
	at sun.reflect.NativeMethodAccessorImpl.invoke0(Native Method)&#13;
	at sun.reflect.NativeMethodAccessorImpl.invoke(Unknown Source)&#13;
	at sun.reflect.DelegatingMethodAccessorImpl.invoke(Unknown Source)&#13;
	at java.lang.reflect.Method.invoke(Unknown Source)&#13;
	at cucumber.runtime.Utils$1.call(Utils.java:44)&#13;
	at cucumber.runtime.Timeout.timeout(Timeout.java:12)&#13;
	at cucumber.runtime.Utils.invoke(Utils.java:40)&#13;
	at cucumber.runtime.java.JavaStepDefinition.execute(JavaStepDefinition.java:35)&#13;
	at cucumber.runtime.StepDefinitionMatch.runStep(StepDefinitionMatch.java:38)&#13;
	at cucumber.runtime.Runtime.runStep(Runtime.java:268)&#13;
	at cucumber.runtime.model.StepContainer.runStep(StepContainer.java:45)&#13;
	at cucumber.runtime.model.StepContainer.runSteps(StepContainer.java:40)&#13;
	at cucumber.runtime.model.CucumberScenario.run(CucumberScenario.java:36)&#13;
	at cucumber.runtime.junit.ExecutionUnitRunner.run(ExecutionUnitRunner.java:83)&#13;
	at org.junit.runners.Suite.runChild(Suite.java:127)&#13;
	at org.junit.runners.Suite.runChild(Suite.java:26)&#13;
	at org.junit.runners.ParentRunner$3.run(ParentRunner.java:238)&#13;
	at org.junit.runners.ParentRunner$1.schedule(ParentRunner.java:63)&#13;
	at org.junit.runners.ParentRunner.runChildren(ParentRunner.java:236)&#13;
	at org.junit.runners.ParentRunner.access$000(ParentRunner.java:53)&#13;
	at org.junit.runners.ParentRunner$2.evaluate(ParentRunner.java:229)&#13;
	at org.junit.runners.ParentRunner.run(ParentRunner.java:309)&#13;
	at org.junit.runners.Suite.runChild(Suite.java:127)&#13;
	at org.junit.runners.Suite.runChild(Suite.java:26)&#13;
	at org.junit.runners.ParentRunner$3.run(ParentRunner.java:238)&#13;
	at org.junit.runners.ParentRunner$1.schedule(ParentRunner.java:63)&#13;
	at org.junit.runners.ParentRunner.runChildren(ParentRunner.java:236)&#13;
	at org.junit.runners.ParentRunner.access$000(ParentRunner.java:53)&#13;
	at org.junit.runners.ParentRunner$2.evaluate(ParentRunner.java:229)&#13;
	at org.junit.runners.ParentRunner.run(ParentRunner.java:309)&#13;
	at cucumber.runtime.junit.FeatureRunner.runChild(FeatureRunner.java:63)&#13;
	at cucumber.runtime.junit.FeatureRunner.runChild(FeatureRunner.java:18)&#13;
	at org.junit.runners.ParentRunner$3.run(ParentRunner.java:238)&#13;
	at org.junit.runners.ParentRunner$1.schedule(ParentRunner.java:63)&#13;
	at org.junit.runners.ParentRunner.runChildren(ParentRunner.java:236)&#13;
	at org.junit.runners.ParentRunner.access$000(ParentRunner.java:53)&#13;
	at org.junit.runners.ParentRunner$2.evaluate(ParentRunner.java:229)&#13;
	at org.junit.runners.ParentRunner.run(ParentRunner.java:309)&#13;
	at cucumber.runtime.junit.FeatureRunner.run(FeatureRunner.java:70)&#13;
	at cucumber.api.junit.Cucumber.runChild(Cucumber.java:77)&#13;
	at cucumber.api.junit.Cucumber.runChild(Cucumber.java:37)&#13;
	at org.junit.runners.ParentRunner$3.run(ParentRunner.java:238)&#13;
	at org.junit.runners.ParentRunner$1.schedule(ParentRunner.java:63)&#13;
	at org.junit.runners.ParentRunner.runChildren(ParentRunner.java:236)&#13;
	at org.junit.runners.ParentRunner.access$000(ParentRunner.java:53)&#13;
	at org.junit.runners.ParentRunner$2.evaluate(ParentRunner.java:229)&#13;
	at org.junit.runners.ParentRunner.run(ParentRunner.java:309)&#13;
	at cucumber.api.junit.Cucumber.run(Cucumber.java:82)&#13;
	at org.eclipse.jdt.internal.junit4.runner.JUnit4TestReference.run(JUnit4TestReference.java:50)&#13;
	at org.eclipse.jdt.internal.junit.runner.TestExecution.run(TestExecution.java:38)&#13;
	at org.eclipse.jdt.internal.junit.runner.RemoteTestRunner.runTests(RemoteTestRunner.java:459)&#13;
	at org.eclipse.jdt.internal.junit.runner.RemoteTestRunner.runTests(RemoteTestRunner.java:675)&#13;
	at org.eclipse.jdt.internal.junit.runner.RemoteTestRunner.run(RemoteTestRunner.java:382)&#13;
	at org.eclipse.jdt.internal.junit.runner.RemoteTestRunner.main(RemoteTestRunner.java:192)&#13;
&#13;
</error>
            <testcase name="Given I navigate to mifos" classname="| 389-RBI-EI-DB-DL-REC-NON-RNI-CTPD-SAR-MD-TR-1-EarlyRePayment-Loanproduct.xlsx |" incomplete="true"/>
            <testcase name="And I login into mifos site using &quot;Login&quot; excel sheet" classname="| 389-RBI-EI-DB-DL-REC-NON-RNI-CTPD-SAR-MD-TR-1-EarlyRePayment-Loanproduct.xlsx |" incomplete="true"/>
            <testcase name="Then I should see logged in successfully" classname="| 389-RBI-EI-DB-DL-REC-NON-RNI-CTPD-SAR-MD-TR-1-EarlyRePayment-Loanproduct.xlsx |" incomplete="true"/>
            <testcase name="Given I setup the product loan &quot;Setup&quot;" classname="| 389-RBI-EI-DB-DL-REC-NON-RNI-CTPD-SAR-MD-TR-1-EarlyRePayment-Loanproduct.xlsx |" time="53.642"/>
            <testcase name="Then I entered the values into product loan from &quot;ProductLoanInput&quot; Sheet" classname="| 389-RBI-EI-DB-DL-REC-NON-RNI-CTPD-SAR-MD-TR-1-EarlyRePayment-Loanproduct.xlsx |" time="121.732"/>
            <testcase name="Then I should see product loan created successfully&#9;from &quot;ProductLoanOutput&quot; Sheet" classname="| 389-RBI-EI-DB-DL-REC-NON-RNI-CTPD-SAR-MD-TR-1-EarlyRePayment-Loanproduct.xlsx |" time="0.004">
              <error>org.openqa.selenium.TimeoutException: Timed out after 100 seconds waiting for visibility of element located by By.selector: legend.ng-binding
Build info: version: '2.29.1', revision: 'dfb1306b85be4934d23c123122e06e602a15e446', time: '2013-01-22 12:58:05'
System info: os.name: 'Windows 8.1', os.arch: 'amd64', os.version: '6.3', java.version: '1.7.0_60'
Driver info: driver.version: unknown&#13;
	at org.openqa.selenium.support.ui.FluentWait.timeoutException(FluentWait.java:259)&#13;
	at org.openqa.selenium.support.ui.FluentWait.until(FluentWait.java:228)&#13;
	at com.mifos.pages.MifosWebPage.waitForElementToBeVisible(MifosWebPage.java:239)&#13;
	at com.mifos.pages.MifosWebPage.getElement(MifosWebPage.java:916)&#13;
	at com.mifos.pages.MifosWebPage.getElement(MifosWebPage.java:901)&#13;
	at com.mifos.pages.MifosWebPage.getText(MifosWebPage.java:1204)&#13;
	at com.mifos.pages.MifosWebPage.validateSame(MifosWebPage.java:1237)&#13;
	at com.mifos.pages.MifosWebPage.verifySuccessMessage(MifosWebPage.java:1228)&#13;
	at com.mifos.pages.FrontPage.verifyProduct(FrontPage.java:349)&#13;
	at com.mifos.steps.LoanProductSteps.I_should_see_product_loan_created_successfully_from_Sheet(LoanProductSteps.java:37)&#13;
	at ✽.Then I should see product loan created successfully	from "ProductLoanOutput" Sheet(src\test\resources\features\Test.feature:15)&#13;
Caused by: org.openqa.selenium.NoSuchElementException: no such element
  (Session info: chrome=44.0.2403.125)
  (Driver info: chromedriver=2.14.313457 (3d645c400edf2e2c500566c9aa096063e707c9cf),platform=Windows NT 6.3 x86_64) (WARNING: The server did not provide any stacktrace information)
Command duration or timeout: 30.06 seconds
For documentation on this error, please visit: http://seleniumhq.org/exceptions/no_such_element.html
Build info: version: '2.29.1', revision: 'dfb1306b85be4934d23c123122e06e602a15e446', time: '2013-01-22 12:58:05'
System info: os.name: 'Windows 8.1', os.arch: 'amd64', os.version: '6.3', java.version: '1.7.0_60'
Session ID: 5ab8461eb866b7a4d97e15a1231f18ad
Driver info: org.openqa.selenium.chrome.ChromeDriver
Capabilities [{platform=XP, acceptSslCerts=true, javascriptEnabled=true, browserName=chrome, chrome={userDataDir=C:\Users\30\AppData\Local\Temp\scoped_dir12184_3777}, rotatable=false, locationContextEnabled=true, mobileEmulationEnabled=false, version=44.0.2403.125, takesHeapSnapshot=true, cssSelectorsEnabled=true, databaseEnabled=false, handlesAlerts=true, browserConnectionEnabled=false, webStorageEnabled=true, nativeEvents=true, applicationCacheEnabled=false, takesScreenshot=true}]&#13;
	at sun.reflect.NativeConstructorAccessorImpl.newInstance0(Native Method)&#13;
	at sun.reflect.NativeConstructorAccessorImpl.newInstance(Unknown Source)&#13;
	at sun.reflect.DelegatingConstructorAccessorImpl.newInstance(Unknown Source)&#13;
	at java.lang.reflect.Constructor.newInstance(Unknown Source)&#13;
	at org.openqa.selenium.remote.ErrorHandler.createThrowable(ErrorHandler.java:187)&#13;
	at org.openqa.selenium.remote.ErrorHandler.throwIfResponseFailed(ErrorHandler.java:145)&#13;
	at org.openqa.selenium.remote.RemoteWebDriver.execute(RemoteWebDriver.java:554)&#13;
	at org.openqa.selenium.remote.RemoteWebDriver.findElement(RemoteWebDriver.java:307)&#13;
	at org.openqa.selenium.remote.RemoteWebDriver.findElementByCssSelector(RemoteWebDriver.java:396)&#13;
	at org.openqa.selenium.By$ByCssSelector.findElement(By.java:406)&#13;
	at org.openqa.selenium.remote.RemoteWebDriver.findElement(RemoteWebDriver.java:299)&#13;
	at sun.reflect.GeneratedMethodAccessor6.invoke(Unknown Source)&#13;
	at sun.reflect.DelegatingMethodAccessorImpl.invoke(Unknown Source)&#13;
	at java.lang.reflect.Method.invoke(Unknown Source)&#13;
	at org.openqa.selenium.support.events.EventFiringWebDriver$2.invoke(EventFiringWebDriver.java:101)&#13;
	at com.sun.proxy.$Proxy15.findElement(Unknown Source)&#13;
	at org.openqa.selenium.support.events.EventFiringWebDriver.findElement(EventFiringWebDriver.java:180)&#13;
	at org.openqa.selenium.support.ui.ExpectedConditions.findElement(ExpectedConditions.java:523)&#13;
	at org.openqa.selenium.support.ui.ExpectedConditions.access$000(ExpectedConditions.java:39)&#13;
	at org.openqa.selenium.support.ui.ExpectedConditions$4.apply(ExpectedConditions.java:130)&#13;
	at org.openqa.selenium.support.ui.ExpectedConditions$4.apply(ExpectedConditions.java:126)&#13;
	at org.openqa.selenium.support.ui.FluentWait.until(FluentWait.java:208)&#13;
	at com.mifos.pages.MifosWebPage.waitForElementToBeVisible(MifosWebPage.java:239)&#13;
	at com.mifos.pages.MifosWebPage.getElement(MifosWebPage.java:916)&#13;
	at com.mifos.pages.MifosWebPage.getElement(MifosWebPage.java:901)&#13;
	at com.mifos.pages.MifosWebPage.getText(MifosWebPage.java:1204)&#13;
	at com.mifos.pages.MifosWebPage.validateSame(MifosWebPage.java:1237)&#13;
	at com.mifos.pages.MifosWebPage.verifySuccessMessage(MifosWebPage.java:1228)&#13;
	at com.mifos.pages.FrontPage.verifyProduct(FrontPage.java:349)&#13;
	at com.mifos.steps.LoanProductSteps.I_should_see_product_loan_created_successfully_from_Sheet(LoanProductSteps.java:37)&#13;
	at sun.reflect.NativeMethodAccessorImpl.invoke0(Native Method)&#13;
	at sun.reflect.NativeMethodAccessorImpl.invoke(Unknown Source)&#13;
	at sun.reflect.DelegatingMethodAccessorImpl.invoke(Unknown Source)&#13;
	at java.lang.reflect.Method.invoke(Unknown Source)&#13;
	at cucumber.runtime.Utils$1.call(Utils.java:44)&#13;
	at cucumber.runtime.Timeout.timeout(Timeout.java:12)&#13;
	at cucumber.runtime.Utils.invoke(Utils.java:40)&#13;
	at cucumber.runtime.java.JavaStepDefinition.execute(JavaStepDefinition.java:35)&#13;
	at cucumber.runtime.StepDefinitionMatch.runStep(StepDefinitionMatch.java:38)&#13;
	at cucumber.runtime.Runtime.runStep(Runtime.java:268)&#13;
	at cucumber.runtime.model.StepContainer.runStep(StepContainer.java:45)&#13;
	at cucumber.runtime.model.StepContainer.runSteps(StepContainer.java:40)&#13;
	at cucumber.runtime.model.CucumberScenario.run(CucumberScenario.java:36)&#13;
	at cucumber.runtime.junit.ExecutionUnitRunner.run(ExecutionUnitRunner.java:83)&#13;
	at org.junit.runners.Suite.runChild(Suite.java:127)&#13;
	at org.junit.runners.Suite.runChild(Suite.java:26)&#13;
	at org.junit.runners.ParentRunner$3.run(ParentRunner.java:238)&#13;
	at org.junit.runners.ParentRunner$1.schedule(ParentRunner.java:63)&#13;
	at org.junit.runners.ParentRunner.runChildren(ParentRunner.java:236)&#13;
	at org.junit.runners.ParentRunner.access$000(ParentRunner.java:53)&#13;
	at org.junit.runners.ParentRunner$2.evaluate(ParentRunner.java:229)&#13;
	at org.junit.runners.ParentRunner.run(ParentRunner.java:309)&#13;
	at org.junit.runners.Suite.runChild(Suite.java:127)&#13;
	at org.junit.runners.Suite.runChild(Suite.java:26)&#13;
	at org.junit.runners.ParentRunner$3.run(ParentRunner.java:238)&#13;
	at org.junit.runners.ParentRunner$1.schedule(ParentRunner.java:63)&#13;
	at org.junit.runners.ParentRunner.runChildren(ParentRunner.java:236)&#13;
	at org.junit.runners.ParentRunner.access$000(ParentRunner.java:53)&#13;
	at org.junit.runners.ParentRunner$2.evaluate(ParentRunner.java:229)&#13;
	at org.junit.runners.ParentRunner.run(ParentRunner.java:309)&#13;
	at cucumber.runtime.junit.FeatureRunner.runChild(FeatureRunner.java:63)&#13;
	at cucumber.runtime.junit.FeatureRunner.runChild(FeatureRunner.java:18)&#13;
	at org.junit.runners.ParentRunner$3.run(ParentRunner.java:238)&#13;
	at org.junit.runners.ParentRunner$1.schedule(ParentRunner.java:63)&#13;
	at org.junit.runners.ParentRunner.runChildren(ParentRunner.java:236)&#13;
	at org.junit.runners.ParentRunner.access$000(ParentRunner.java:53)&#13;
	at org.junit.runners.ParentRunner$2.evaluate(ParentRunner.java:229)&#13;
	at org.junit.runners.ParentRunner.run(ParentRunner.java:309)&#13;
	at cucumber.runtime.junit.FeatureRunner.run(FeatureRunner.java:70)&#13;
	at cucumber.api.junit.Cucumber.runChild(Cucumber.java:77)&#13;
	at cucumber.api.junit.Cucumber.runChild(Cucumber.java:37)&#13;
	at org.junit.runners.ParentRunner$3.run(ParentRunner.java:238)&#13;
	at org.junit.runners.ParentRunner$1.schedule(ParentRunner.java:63)&#13;
	at org.junit.runners.ParentRunner.runChildren(ParentRunner.java:236)&#13;
	at org.junit.runners.ParentRunner.access$000(ParentRunner.java:53)&#13;
	at org.junit.runners.ParentRunner$2.evaluate(ParentRunner.java:229)&#13;
	at org.junit.runners.ParentRunner.run(ParentRunner.java:309)&#13;
	at cucumber.api.junit.Cucumber.run(Cucumber.java:82)&#13;
	at org.eclipse.jdt.internal.junit4.runner.JUnit4TestReference.run(JUnit4TestReference.java:50)&#13;
	at org.eclipse.jdt.internal.junit.runner.TestExecution.run(TestExecution.java:38)&#13;
	at org.eclipse.jdt.internal.junit.runner.RemoteTestRunner.runTests(RemoteTestRunner.java:459)&#13;
	at org.eclipse.jdt.internal.junit.runner.RemoteTestRunner.runTests(RemoteTestRunner.java:675)&#13;
	at org.eclipse.jdt.internal.junit.runner.RemoteTestRunner.run(RemoteTestRunner.java:382)&#13;
	at org.eclipse.jdt.internal.junit.runner.RemoteTestRunner.main(RemoteTestRunner.java:192)&#13;
&#13;
</error>
            </testcase>
          </testsuite>
          <testsuite name="| 390-RBI-EI-DB-DL-REC-NON-RNI-CTPD-DL-MD-TR-1-EarlyRePayment-Loanproduct.xlsx |">
            <testcase name="Given I navigate to mifos" classname="| 390-RBI-EI-DB-DL-REC-NON-RNI-CTPD-DL-MD-TR-1-EarlyRePayment-Loanproduct.xlsx |" incomplete="true"/>
            <testcase name="And I login into mifos site using &quot;Login&quot; excel sheet" classname="| 390-RBI-EI-DB-DL-REC-NON-RNI-CTPD-DL-MD-TR-1-EarlyRePayment-Loanproduct.xlsx |" incomplete="true"/>
            <testcase name="Then I should see logged in successfully" classname="| 390-RBI-EI-DB-DL-REC-NON-RNI-CTPD-DL-MD-TR-1-EarlyRePayment-Loanproduct.xlsx |" incomplete="true"/>
            <testcase name="Given I setup the product loan &quot;Setup&quot;" classname="| 390-RBI-EI-DB-DL-REC-NON-RNI-CTPD-DL-MD-TR-1-EarlyRePayment-Loanproduct.xlsx |" time="54.483"/>
            <testcase name="Then I entered the values into product loan from &quot;ProductLoanInput&quot; Sheet" classname="| 390-RBI-EI-DB-DL-REC-NON-RNI-CTPD-DL-MD-TR-1-EarlyRePayment-Loanproduct.xlsx |" time="0.127"/>
            <testcase name="Then I should see product loan created successfully&#9;from &quot;ProductLoanOutput&quot; Sheet" classname="| 390-RBI-EI-DB-DL-REC-NON-RNI-CTPD-DL-MD-TR-1-EarlyRePayment-Loanproduct.xlsx |" time="1.542"/>
          </testsuite>
          <testsuite name="| 391-RBI-EI-DB-DL-REC-NON-RNI-CTRFD-SAR-MD-TR-1-EarlyRePayment-Loanproduct.xlsx |" incomplete="true">
            <error>org.openqa.selenium.TimeoutException: Timed out after 100 seconds waiting for visibility of element located by By.selector: #expertsearch strong.ng-binding
Build info: version: '2.29.1', revision: 'dfb1306b85be4934d23c123122e06e602a15e446', time: '2013-01-22 12:58:05'
System info: os.name: 'Windows 8.1', os.arch: 'amd64', os.version: '6.3', java.version: '1.7.0_60'
Driver info: driver.version: unknown&#13;
	at org.openqa.selenium.support.ui.FluentWait.timeoutException(FluentWait.java:259)&#13;
	at org.openqa.selenium.support.ui.FluentWait.until(FluentWait.java:228)&#13;
	at com.mifos.pages.MifosWebPage.waitForElementToBeVisible(MifosWebPage.java:239)&#13;
	at com.mifos.pages.MifosWebPage.getElement(MifosWebPage.java:916)&#13;
	at com.mifos.pages.MifosWebPage.getElement(MifosWebPage.java:901)&#13;
	at com.mifos.pages.MifosWebPage.getSingleText(MifosWebPage.java:1242)&#13;
	at com.mifos.pages.MifosWebPage.validateContains(MifosWebPage.java:1254)&#13;
	at com.mifos.pages.MifosWebPage.verifyPartialSuccessMessage(MifosWebPage.java:1233)&#13;
	at com.mifos.steps.LoginSteps.I_should_see_login_successfully(LoginSteps.java:43)&#13;
	at ✽.Then I should see logged in successfully(src\test\resources\features\Test.feature:6)&#13;
Caused by: org.openqa.selenium.NoSuchElementException: no such element
  (Session info: chrome=44.0.2403.125)
  (Driver info: chromedriver=2.14.313457 (3d645c400edf2e2c500566c9aa096063e707c9cf),platform=Windows NT 6.3 x86_64) (WARNING: The server did not provide any stacktrace information)
Command duration or timeout: 30.05 seconds
For documentation on this error, please visit: http://seleniumhq.org/exceptions/no_such_element.html
Build info: version: '2.29.1', revision: 'dfb1306b85be4934d23c123122e06e602a15e446', time: '2013-01-22 12:58:05'
System info: os.name: 'Windows 8.1', os.arch: 'amd64', os.version: '6.3', java.version: '1.7.0_60'
Session ID: f505dcb4a4cbd0c0180dcda6efa3f95d
Driver info: org.openqa.selenium.chrome.ChromeDriver
Capabilities [{platform=XP, acceptSslCerts=true, javascriptEnabled=true, browserName=chrome, chrome={userDataDir=C:\Users\30\AppData\Local\Temp\scoped_dir9608_14823}, rotatable=false, locationContextEnabled=true, mobileEmulationEnabled=false, version=44.0.2403.125, takesHeapSnapshot=true, cssSelectorsEnabled=true, databaseEnabled=false, handlesAlerts=true, browserConnectionEnabled=false, webStorageEnabled=true, nativeEvents=true, applicationCacheEnabled=false, takesScreenshot=true}]&#13;
	at sun.reflect.NativeConstructorAccessorImpl.newInstance0(Native Method)&#13;
	at sun.reflect.NativeConstructorAccessorImpl.newInstance(Unknown Source)&#13;
	at sun.reflect.DelegatingConstructorAccessorImpl.newInstance(Unknown Source)&#13;
	at java.lang.reflect.Constructor.newInstance(Unknown Source)&#13;
	at org.openqa.selenium.remote.ErrorHandler.createThrowable(ErrorHandler.java:187)&#13;
	at org.openqa.selenium.remote.ErrorHandler.throwIfResponseFailed(ErrorHandler.java:145)&#13;
	at org.openqa.selenium.remote.RemoteWebDriver.execute(RemoteWebDriver.java:554)&#13;
	at org.openqa.selenium.remote.RemoteWebDriver.findElement(RemoteWebDriver.java:307)&#13;
	at org.openqa.selenium.remote.RemoteWebDriver.findElementByCssSelector(RemoteWebDriver.java:396)&#13;
	at org.openqa.selenium.By$ByCssSelector.findElement(By.java:406)&#13;
	at org.openqa.selenium.remote.RemoteWebDriver.findElement(RemoteWebDriver.java:299)&#13;
	at sun.reflect.GeneratedMethodAccessor6.invoke(Unknown Source)&#13;
	at sun.reflect.DelegatingMethodAccessorImpl.invoke(Unknown Source)&#13;
	at java.lang.reflect.Method.invoke(Unknown Source)&#13;
	at org.openqa.selenium.support.events.EventFiringWebDriver$2.invoke(EventFiringWebDriver.java:101)&#13;
	at com.sun.proxy.$Proxy15.findElement(Unknown Source)&#13;
	at org.openqa.selenium.support.events.EventFiringWebDriver.findElement(EventFiringWebDriver.java:180)&#13;
	at org.openqa.selenium.support.ui.ExpectedConditions.findElement(ExpectedConditions.java:523)&#13;
	at org.openqa.selenium.support.ui.ExpectedConditions.access$000(ExpectedConditions.java:39)&#13;
	at org.openqa.selenium.support.ui.ExpectedConditions$4.apply(ExpectedConditions.java:130)&#13;
	at org.openqa.selenium.support.ui.ExpectedConditions$4.apply(ExpectedConditions.java:126)&#13;
	at org.openqa.selenium.support.ui.FluentWait.until(FluentWait.java:208)&#13;
	at com.mifos.pages.MifosWebPage.waitForElementToBeVisible(MifosWebPage.java:239)&#13;
	at com.mifos.pages.MifosWebPage.getElement(MifosWebPage.java:916)&#13;
	at com.mifos.pages.MifosWebPage.getElement(MifosWebPage.java:901)&#13;
	at com.mifos.pages.MifosWebPage.getSingleText(MifosWebPage.java:1242)&#13;
	at com.mifos.pages.MifosWebPage.validateContains(MifosWebPage.java:1254)&#13;
	at com.mifos.pages.MifosWebPage.verifyPartialSuccessMessage(MifosWebPage.java:1233)&#13;
	at com.mifos.steps.LoginSteps.I_should_see_login_successfully(LoginSteps.java:43)&#13;
	at sun.reflect.NativeMethodAccessorImpl.invoke0(Native Method)&#13;
	at sun.reflect.NativeMethodAccessorImpl.invoke(Unknown Source)&#13;
	at sun.reflect.DelegatingMethodAccessorImpl.invoke(Unknown Source)&#13;
	at java.lang.reflect.Method.invoke(Unknown Source)&#13;
	at cucumber.runtime.Utils$1.call(Utils.java:44)&#13;
	at cucumber.runtime.Timeout.timeout(Timeout.java:12)&#13;
	at cucumber.runtime.Utils.invoke(Utils.java:40)&#13;
	at cucumber.runtime.java.JavaStepDefinition.execute(JavaStepDefinition.java:35)&#13;
	at cucumber.runtime.StepDefinitionMatch.runStep(StepDefinitionMatch.java:38)&#13;
	at cucumber.runtime.Runtime.runStep(Runtime.java:268)&#13;
	at cucumber.runtime.model.StepContainer.runStep(StepContainer.java:45)&#13;
	at cucumber.runtime.model.StepContainer.runSteps(StepContainer.java:40)&#13;
	at cucumber.runtime.model.CucumberScenario.runBackground(CucumberScenario.java:45)&#13;
	at cucumber.runtime.model.CucumberScenario.run(CucumberScenario.java:34)&#13;
	at cucumber.runtime.junit.ExecutionUnitRunner.run(ExecutionUnitRunner.java:83)&#13;
	at org.junit.runners.Suite.runChild(Suite.java:127)&#13;
	at org.junit.runners.Suite.runChild(Suite.java:26)&#13;
	at org.junit.runners.ParentRunner$3.run(ParentRunner.java:238)&#13;
	at org.junit.runners.ParentRunner$1.schedule(ParentRunner.java:63)&#13;
	at org.junit.runners.ParentRunner.runChildren(ParentRunner.java:236)&#13;
	at org.junit.runners.ParentRunner.access$000(ParentRunner.java:53)&#13;
	at org.junit.runners.ParentRunner$2.evaluate(ParentRunner.java:229)&#13;
	at org.junit.runners.ParentRunner.run(ParentRunner.java:309)&#13;
	at org.junit.runners.Suite.runChild(Suite.java:127)&#13;
	at org.junit.runners.Suite.runChild(Suite.java:26)&#13;
	at org.junit.runners.ParentRunner$3.run(ParentRunner.java:238)&#13;
	at org.junit.runners.ParentRunner$1.schedule(ParentRunner.java:63)&#13;
	at org.junit.runners.ParentRunner.runChildren(ParentRunner.java:236)&#13;
	at org.junit.runners.ParentRunner.access$000(ParentRunner.java:53)&#13;
	at org.junit.runners.ParentRunner$2.evaluate(ParentRunner.java:229)&#13;
	at org.junit.runners.ParentRunner.run(ParentRunner.java:309)&#13;
	at cucumber.runtime.junit.FeatureRunner.runChild(FeatureRunner.java:63)&#13;
	at cucumber.runtime.junit.FeatureRunner.runChild(FeatureRunner.java:18)&#13;
	at org.junit.runners.ParentRunner$3.run(ParentRunner.java:238)&#13;
	at org.junit.runners.ParentRunner$1.schedule(ParentRunner.java:63)&#13;
	at org.junit.runners.ParentRunner.runChildren(ParentRunner.java:236)&#13;
	at org.junit.runners.ParentRunner.access$000(ParentRunner.java:53)&#13;
	at org.junit.runners.ParentRunner$2.evaluate(ParentRunner.java:229)&#13;
	at org.junit.runners.ParentRunner.run(ParentRunner.java:309)&#13;
	at cucumber.runtime.junit.FeatureRunner.run(FeatureRunner.java:70)&#13;
	at cucumber.api.junit.Cucumber.runChild(Cucumber.java:77)&#13;
	at cucumber.api.junit.Cucumber.runChild(Cucumber.java:37)&#13;
	at org.junit.runners.ParentRunner$3.run(ParentRunner.java:238)&#13;
	at org.junit.runners.ParentRunner$1.schedule(ParentRunner.java:63)&#13;
	at org.junit.runners.ParentRunner.runChildren(ParentRunner.java:236)&#13;
	at org.junit.runners.ParentRunner.access$000(ParentRunner.java:53)&#13;
	at org.junit.runners.ParentRunner$2.evaluate(ParentRunner.java:229)&#13;
	at org.junit.runners.ParentRunner.run(ParentRunner.java:309)&#13;
	at cucumber.api.junit.Cucumber.run(Cucumber.java:82)&#13;
	at org.eclipse.jdt.internal.junit4.runner.JUnit4TestReference.run(JUnit4TestReference.java:50)&#13;
	at org.eclipse.jdt.internal.junit.runner.TestExecution.run(TestExecution.java:38)&#13;
	at org.eclipse.jdt.internal.junit.runner.RemoteTestRunner.runTests(RemoteTestRunner.java:459)&#13;
	at org.eclipse.jdt.internal.junit.runner.RemoteTestRunner.runTests(RemoteTestRunner.java:675)&#13;
	at org.eclipse.jdt.internal.junit.runner.RemoteTestRunner.run(RemoteTestRunner.java:382)&#13;
	at org.eclipse.jdt.internal.junit.runner.RemoteTestRunner.main(RemoteTestRunner.java:192)&#13;
&#13;
</error>
            <testcase name="Given I navigate to mifos" classname="| 391-RBI-EI-DB-DL-REC-NON-RNI-CTRFD-SAR-MD-TR-1-EarlyRePayment-Loanproduct.xlsx |" incomplete="true"/>
            <testcase name="And I login into mifos site using &quot;Login&quot; excel sheet" classname="| 391-RBI-EI-DB-DL-REC-NON-RNI-CTRFD-SAR-MD-TR-1-EarlyRePayment-Loanproduct.xlsx |" incomplete="true"/>
            <testcase name="Then I should see logged in successfully" classname="| 391-RBI-EI-DB-DL-REC-NON-RNI-CTRFD-SAR-MD-TR-1-EarlyRePayment-Loanproduct.xlsx |" incomplete="true"/>
            <testcase name="Given I setup the product loan &quot;Setup&quot;" classname="| 391-RBI-EI-DB-DL-REC-NON-RNI-CTRFD-SAR-MD-TR-1-EarlyRePayment-Loanproduct.xlsx |" time="0.002" ignored="true"/>
            <testcase name="Then I entered the values into product loan from &quot;ProductLoanInput&quot; Sheet" classname="| 391-RBI-EI-DB-DL-REC-NON-RNI-CTRFD-SAR-MD-TR-1-EarlyRePayment-Loanproduct.xlsx |" time="0.001" ignored="true"/>
            <testcase name="Then I should see product loan created successfully&#9;from &quot;ProductLoanOutput&quot; Sheet" classname="| 391-RBI-EI-DB-DL-REC-NON-RNI-CTRFD-SAR-MD-TR-1-EarlyRePayment-Loanproduct.xlsx |" time="2.281" ignored="true"/>
          </testsuite>
          <testsuite name="| 392-RBI-EI-DB-DL-REC-NON-RNI-CTRFD-DL-MD-TR-1-EarlyRePayment-Loanproduct.xlsx |">
            <testcase name="Given I navigate to mifos" classname="| 392-RBI-EI-DB-DL-REC-NON-RNI-CTRFD-DL-MD-TR-1-EarlyRePayment-Loanproduct.xlsx |" incomplete="true"/>
            <testcase name="And I login into mifos site using &quot;Login&quot; excel sheet" classname="| 392-RBI-EI-DB-DL-REC-NON-RNI-CTRFD-DL-MD-TR-1-EarlyRePayment-Loanproduct.xlsx |" incomplete="true"/>
            <testcase name="Then I should see logged in successfully" classname="| 392-RBI-EI-DB-DL-REC-NON-RNI-CTRFD-DL-MD-TR-1-EarlyRePayment-Loanproduct.xlsx |" incomplete="true"/>
            <testcase name="Given I setup the product loan &quot;Setup&quot;" classname="| 392-RBI-EI-DB-DL-REC-NON-RNI-CTRFD-DL-MD-TR-1-EarlyRePayment-Loanproduct.xlsx |" time="55.977"/>
            <testcase name="Then I entered the values into product loan from &quot;ProductLoanInput&quot; Sheet" classname="| 392-RBI-EI-DB-DL-REC-NON-RNI-CTRFD-DL-MD-TR-1-EarlyRePayment-Loanproduct.xlsx |" time="0.172"/>
            <testcase name="Then I should see product loan created successfully&#9;from &quot;ProductLoanOutput&quot; Sheet" classname="| 392-RBI-EI-DB-DL-REC-NON-RNI-CTRFD-DL-MD-TR-1-EarlyRePayment-Loanproduct.xlsx |" time="1.756"/>
          </testsuite>
          <testsuite name="| 437-RBI-EI-DB-SAR-REC-NON-RNI-CTPD-SAR-MD-TR-1-EarlyRepayment-Loanproduct.xlsx |">
            <testcase name="Given I navigate to mifos" classname="| 437-RBI-EI-DB-SAR-REC-NON-RNI-CTPD-SAR-MD-TR-1-EarlyRepayment-Loanproduct.xlsx |" incomplete="true"/>
            <testcase name="And I login into mifos site using &quot;Login&quot; excel sheet" classname="| 437-RBI-EI-DB-SAR-REC-NON-RNI-CTPD-SAR-MD-TR-1-EarlyRepayment-Loanproduct.xlsx |" incomplete="true"/>
            <testcase name="Then I should see logged in successfully" classname="| 437-RBI-EI-DB-SAR-REC-NON-RNI-CTPD-SAR-MD-TR-1-EarlyRepayment-Loanproduct.xlsx |" incomplete="true"/>
            <testcase name="Given I setup the product loan &quot;Setup&quot;" classname="| 437-RBI-EI-DB-SAR-REC-NON-RNI-CTPD-SAR-MD-TR-1-EarlyRepayment-Loanproduct.xlsx |" time="51.179"/>
            <testcase name="Then I entered the values into product loan from &quot;ProductLoanInput&quot; Sheet" classname="| 437-RBI-EI-DB-SAR-REC-NON-RNI-CTPD-SAR-MD-TR-1-EarlyRepayment-Loanproduct.xlsx |" time="0.103"/>
            <testcase name="Then I should see product loan created successfully&#9;from &quot;ProductLoanOutput&quot; Sheet" classname="| 437-RBI-EI-DB-SAR-REC-NON-RNI-CTPD-SAR-MD-TR-1-EarlyRepayment-Loanproduct.xlsx |" time="1.666"/>
          </testsuite>
          <testsuite name="| 438-RBI-EI-DB-SAR-REC-NON-RNI-CTPD-DL-MD-TR-1-EarlyRePayment-Loanproduct.xlsx |" incomplete="true">
            <error>org.openqa.selenium.TimeoutException: Timed out after 100 seconds waiting for visibility of element located by By.selector: #expertsearch strong.ng-binding
Build info: version: '2.29.1', revision: 'dfb1306b85be4934d23c123122e06e602a15e446', time: '2013-01-22 12:58:05'
System info: os.name: 'Windows 8.1', os.arch: 'amd64', os.version: '6.3', java.version: '1.7.0_60'
Driver info: driver.version: unknown&#13;
	at org.openqa.selenium.support.ui.FluentWait.timeoutException(FluentWait.java:259)&#13;
	at org.openqa.selenium.support.ui.FluentWait.until(FluentWait.java:228)&#13;
	at com.mifos.pages.MifosWebPage.waitForElementToBeVisible(MifosWebPage.java:239)&#13;
	at com.mifos.pages.MifosWebPage.getElement(MifosWebPage.java:916)&#13;
	at com.mifos.pages.MifosWebPage.getElement(MifosWebPage.java:901)&#13;
	at com.mifos.pages.MifosWebPage.getSingleText(MifosWebPage.java:1242)&#13;
	at com.mifos.pages.MifosWebPage.validateContains(MifosWebPage.java:1254)&#13;
	at com.mifos.pages.MifosWebPage.verifyPartialSuccessMessage(MifosWebPage.java:1233)&#13;
	at com.mifos.steps.LoginSteps.I_should_see_login_successfully(LoginSteps.java:43)&#13;
	at ✽.Then I should see logged in successfully(src\test\resources\features\Test.feature:6)&#13;
Caused by: org.openqa.selenium.NoSuchElementException: no such element
  (Session info: chrome=44.0.2403.125)
  (Driver info: chromedriver=2.14.313457 (3d645c400edf2e2c500566c9aa096063e707c9cf),platform=Windows NT 6.3 x86_64) (WARNING: The server did not provide any stacktrace information)
Command duration or timeout: 30.01 seconds
For documentation on this error, please visit: http://seleniumhq.org/exceptions/no_such_element.html
Build info: version: '2.29.1', revision: 'dfb1306b85be4934d23c123122e06e602a15e446', time: '2013-01-22 12:58:05'
System info: os.name: 'Windows 8.1', os.arch: 'amd64', os.version: '6.3', java.version: '1.7.0_60'
Session ID: 6dfb522a44f18567abe1457e21d673b9
Driver info: org.openqa.selenium.chrome.ChromeDriver
Capabilities [{platform=XP, acceptSslCerts=true, javascriptEnabled=true, browserName=chrome, chrome={userDataDir=C:\Users\30\AppData\Local\Temp\scoped_dir13900_19051}, rotatable=false, locationContextEnabled=true, mobileEmulationEnabled=false, version=44.0.2403.125, takesHeapSnapshot=true, cssSelectorsEnabled=true, databaseEnabled=false, handlesAlerts=true, browserConnectionEnabled=false, webStorageEnabled=true, nativeEvents=true, applicationCacheEnabled=false, takesScreenshot=true}]&#13;
	at sun.reflect.NativeConstructorAccessorImpl.newInstance0(Native Method)&#13;
	at sun.reflect.NativeConstructorAccessorImpl.newInstance(Unknown Source)&#13;
	at sun.reflect.DelegatingConstructorAccessorImpl.newInstance(Unknown Source)&#13;
	at java.lang.reflect.Constructor.newInstance(Unknown Source)&#13;
	at org.openqa.selenium.remote.ErrorHandler.createThrowable(ErrorHandler.java:187)&#13;
	at org.openqa.selenium.remote.ErrorHandler.throwIfResponseFailed(ErrorHandler.java:145)&#13;
	at org.openqa.selenium.remote.RemoteWebDriver.execute(RemoteWebDriver.java:554)&#13;
	at org.openqa.selenium.remote.RemoteWebDriver.findElement(RemoteWebDriver.java:307)&#13;
	at org.openqa.selenium.remote.RemoteWebDriver.findElementByCssSelector(RemoteWebDriver.java:396)&#13;
	at org.openqa.selenium.By$ByCssSelector.findElement(By.java:406)&#13;
	at org.openqa.selenium.remote.RemoteWebDriver.findElement(RemoteWebDriver.java:299)&#13;
	at sun.reflect.GeneratedMethodAccessor6.invoke(Unknown Source)&#13;
	at sun.reflect.DelegatingMethodAccessorImpl.invoke(Unknown Source)&#13;
	at java.lang.reflect.Method.invoke(Unknown Source)&#13;
	at org.openqa.selenium.support.events.EventFiringWebDriver$2.invoke(EventFiringWebDriver.java:101)&#13;
	at com.sun.proxy.$Proxy15.findElement(Unknown Source)&#13;
	at org.openqa.selenium.support.events.EventFiringWebDriver.findElement(EventFiringWebDriver.java:180)&#13;
	at org.openqa.selenium.support.ui.ExpectedConditions.findElement(ExpectedConditions.java:523)&#13;
	at org.openqa.selenium.support.ui.ExpectedConditions.access$000(ExpectedConditions.java:39)&#13;
	at org.openqa.selenium.support.ui.ExpectedConditions$4.apply(ExpectedConditions.java:130)&#13;
	at org.openqa.selenium.support.ui.ExpectedConditions$4.apply(ExpectedConditions.java:126)&#13;
	at org.openqa.selenium.support.ui.FluentWait.until(FluentWait.java:208)&#13;
	at com.mifos.pages.MifosWebPage.waitForElementToBeVisible(MifosWebPage.java:239)&#13;
	at com.mifos.pages.MifosWebPage.getElement(MifosWebPage.java:916)&#13;
	at com.mifos.pages.MifosWebPage.getElement(MifosWebPage.java:901)&#13;
	at com.mifos.pages.MifosWebPage.getSingleText(MifosWebPage.java:1242)&#13;
	at com.mifos.pages.MifosWebPage.validateContains(MifosWebPage.java:1254)&#13;
	at com.mifos.pages.MifosWebPage.verifyPartialSuccessMessage(MifosWebPage.java:1233)&#13;
	at com.mifos.steps.LoginSteps.I_should_see_login_successfully(LoginSteps.java:43)&#13;
	at sun.reflect.NativeMethodAccessorImpl.invoke0(Native Method)&#13;
	at sun.reflect.NativeMethodAccessorImpl.invoke(Unknown Source)&#13;
	at sun.reflect.DelegatingMethodAccessorImpl.invoke(Unknown Source)&#13;
	at java.lang.reflect.Method.invoke(Unknown Source)&#13;
	at cucumber.runtime.Utils$1.call(Utils.java:44)&#13;
	at cucumber.runtime.Timeout.timeout(Timeout.java:12)&#13;
	at cucumber.runtime.Utils.invoke(Utils.java:40)&#13;
	at cucumber.runtime.java.JavaStepDefinition.execute(JavaStepDefinition.java:35)&#13;
	at cucumber.runtime.StepDefinitionMatch.runStep(StepDefinitionMatch.java:38)&#13;
	at cucumber.runtime.Runtime.runStep(Runtime.java:268)&#13;
	at cucumber.runtime.model.StepContainer.runStep(StepContainer.java:45)&#13;
	at cucumber.runtime.model.StepContainer.runSteps(StepContainer.java:40)&#13;
	at cucumber.runtime.model.CucumberScenario.runBackground(CucumberScenario.java:45)&#13;
	at cucumber.runtime.model.CucumberScenario.run(CucumberScenario.java:34)&#13;
	at cucumber.runtime.junit.ExecutionUnitRunner.run(ExecutionUnitRunner.java:83)&#13;
	at org.junit.runners.Suite.runChild(Suite.java:127)&#13;
	at org.junit.runners.Suite.runChild(Suite.java:26)&#13;
	at org.junit.runners.ParentRunner$3.run(ParentRunner.java:238)&#13;
	at org.junit.runners.ParentRunner$1.schedule(ParentRunner.java:63)&#13;
	at org.junit.runners.ParentRunner.runChildren(ParentRunner.java:236)&#13;
	at org.junit.runners.ParentRunner.access$000(ParentRunner.java:53)&#13;
	at org.junit.runners.ParentRunner$2.evaluate(ParentRunner.java:229)&#13;
	at org.junit.runners.ParentRunner.run(ParentRunner.java:309)&#13;
	at org.junit.runners.Suite.runChild(Suite.java:127)&#13;
	at org.junit.runners.Suite.runChild(Suite.java:26)&#13;
	at org.junit.runners.ParentRunner$3.run(ParentRunner.java:238)&#13;
	at org.junit.runners.ParentRunner$1.schedule(ParentRunner.java:63)&#13;
	at org.junit.runners.ParentRunner.runChildren(ParentRunner.java:236)&#13;
	at org.junit.runners.ParentRunner.access$000(ParentRunner.java:53)&#13;
	at org.junit.runners.ParentRunner$2.evaluate(ParentRunner.java:229)&#13;
	at org.junit.runners.ParentRunner.run(ParentRunner.java:309)&#13;
	at cucumber.runtime.junit.FeatureRunner.runChild(FeatureRunner.java:63)&#13;
	at cucumber.runtime.junit.FeatureRunner.runChild(FeatureRunner.java:18)&#13;
	at org.junit.runners.ParentRunner$3.run(ParentRunner.java:238)&#13;
	at org.junit.runners.ParentRunner$1.schedule(ParentRunner.java:63)&#13;
	at org.junit.runners.ParentRunner.runChildren(ParentRunner.java:236)&#13;
	at org.junit.runners.ParentRunner.access$000(ParentRunner.java:53)&#13;
	at org.junit.runners.ParentRunner$2.evaluate(ParentRunner.java:229)&#13;
	at org.junit.runners.ParentRunner.run(ParentRunner.java:309)&#13;
	at cucumber.runtime.junit.FeatureRunner.run(FeatureRunner.java:70)&#13;
	at cucumber.api.junit.Cucumber.runChild(Cucumber.java:77)&#13;
	at cucumber.api.junit.Cucumber.runChild(Cucumber.java:37)&#13;
	at org.junit.runners.ParentRunner$3.run(ParentRunner.java:238)&#13;
	at org.junit.runners.ParentRunner$1.schedule(ParentRunner.java:63)&#13;
	at org.junit.runners.ParentRunner.runChildren(ParentRunner.java:236)&#13;
	at org.junit.runners.ParentRunner.access$000(ParentRunner.java:53)&#13;
	at org.junit.runners.ParentRunner$2.evaluate(ParentRunner.java:229)&#13;
	at org.junit.runners.ParentRunner.run(ParentRunner.java:309)&#13;
	at cucumber.api.junit.Cucumber.run(Cucumber.java:82)&#13;
	at org.eclipse.jdt.internal.junit4.runner.JUnit4TestReference.run(JUnit4TestReference.java:50)&#13;
	at org.eclipse.jdt.internal.junit.runner.TestExecution.run(TestExecution.java:38)&#13;
	at org.eclipse.jdt.internal.junit.runner.RemoteTestRunner.runTests(RemoteTestRunner.java:459)&#13;
	at org.eclipse.jdt.internal.junit.runner.RemoteTestRunner.runTests(RemoteTestRunner.java:675)&#13;
	at org.eclipse.jdt.internal.junit.runner.RemoteTestRunner.run(RemoteTestRunner.java:382)&#13;
	at org.eclipse.jdt.internal.junit.runner.RemoteTestRunner.main(RemoteTestRunner.java:192)&#13;
&#13;
</error>
            <testcase name="Given I navigate to mifos" classname="| 438-RBI-EI-DB-SAR-REC-NON-RNI-CTPD-DL-MD-TR-1-EarlyRePayment-Loanproduct.xlsx |" incomplete="true"/>
            <testcase name="And I login into mifos site using &quot;Login&quot; excel sheet" classname="| 438-RBI-EI-DB-SAR-REC-NON-RNI-CTPD-DL-MD-TR-1-EarlyRePayment-Loanproduct.xlsx |" incomplete="true"/>
            <testcase name="Then I should see logged in successfully" classname="| 438-RBI-EI-DB-SAR-REC-NON-RNI-CTPD-DL-MD-TR-1-EarlyRePayment-Loanproduct.xlsx |" incomplete="true"/>
            <testcase name="Given I setup the product loan &quot;Setup&quot;" classname="| 438-RBI-EI-DB-SAR-REC-NON-RNI-CTPD-DL-MD-TR-1-EarlyRePayment-Loanproduct.xlsx |" time="0.001" ignored="true"/>
            <testcase name="Then I entered the values into product loan from &quot;ProductLoanInput&quot; Sheet" classname="| 438-RBI-EI-DB-SAR-REC-NON-RNI-CTPD-DL-MD-TR-1-EarlyRePayment-Loanproduct.xlsx |" time="0.0" ignored="true"/>
            <testcase name="Then I should see product loan created successfully&#9;from &quot;ProductLoanOutput&quot; Sheet" classname="| 438-RBI-EI-DB-SAR-REC-NON-RNI-CTPD-DL-MD-TR-1-EarlyRePayment-Loanproduct.xlsx |" time="2.083" ignored="true"/>
          </testsuite>
          <testsuite name="| 439-RBI-EI-DB-SAR-REC-NON-RNI-CTRFD-SAR-MD-TR-1-B-EarlyRePayment-Loanproduct.xlsx |" incomplete="true">
            <error>org.openqa.selenium.TimeoutException: Timed out after 100 seconds waiting for visibility of element located by By.selector: #expertsearch strong.ng-binding
Build info: version: '2.29.1', revision: 'dfb1306b85be4934d23c123122e06e602a15e446', time: '2013-01-22 12:58:05'
System info: os.name: 'Windows 8.1', os.arch: 'amd64', os.version: '6.3', java.version: '1.7.0_60'
Driver info: driver.version: unknown&#13;
	at org.openqa.selenium.support.ui.FluentWait.timeoutException(FluentWait.java:259)&#13;
	at org.openqa.selenium.support.ui.FluentWait.until(FluentWait.java:228)&#13;
	at com.mifos.pages.MifosWebPage.waitForElementToBeVisible(MifosWebPage.java:239)&#13;
	at com.mifos.pages.MifosWebPage.getElement(MifosWebPage.java:916)&#13;
	at com.mifos.pages.MifosWebPage.getElement(MifosWebPage.java:901)&#13;
	at com.mifos.pages.MifosWebPage.getSingleText(MifosWebPage.java:1242)&#13;
	at com.mifos.pages.MifosWebPage.validateContains(MifosWebPage.java:1254)&#13;
	at com.mifos.pages.MifosWebPage.verifyPartialSuccessMessage(MifosWebPage.java:1233)&#13;
	at com.mifos.steps.LoginSteps.I_should_see_login_successfully(LoginSteps.java:43)&#13;
	at ✽.Then I should see logged in successfully(src\test\resources\features\Test.feature:6)&#13;
Caused by: org.openqa.selenium.NoSuchElementException: no such element
  (Session info: chrome=44.0.2403.125)
  (Driver info: chromedriver=2.14.313457 (3d645c400edf2e2c500566c9aa096063e707c9cf),platform=Windows NT 6.3 x86_64) (WARNING: The server did not provide any stacktrace information)
Command duration or timeout: 30.04 seconds
For documentation on this error, please visit: http://seleniumhq.org/exceptions/no_such_element.html
Build info: version: '2.29.1', revision: 'dfb1306b85be4934d23c123122e06e602a15e446', time: '2013-01-22 12:58:05'
System info: os.name: 'Windows 8.1', os.arch: 'amd64', os.version: '6.3', java.version: '1.7.0_60'
Session ID: ce3e03a098ae8a4c913a821f2c5af4a4
Driver info: org.openqa.selenium.chrome.ChromeDriver
Capabilities [{platform=XP, acceptSslCerts=true, javascriptEnabled=true, browserName=chrome, chrome={userDataDir=C:\Users\30\AppData\Local\Temp\scoped_dir9708_3420}, rotatable=false, locationContextEnabled=true, mobileEmulationEnabled=false, version=44.0.2403.125, takesHeapSnapshot=true, cssSelectorsEnabled=true, databaseEnabled=false, handlesAlerts=true, browserConnectionEnabled=false, webStorageEnabled=true, nativeEvents=true, applicationCacheEnabled=false, takesScreenshot=true}]&#13;
	at sun.reflect.NativeConstructorAccessorImpl.newInstance0(Native Method)&#13;
	at sun.reflect.NativeConstructorAccessorImpl.newInstance(Unknown Source)&#13;
	at sun.reflect.DelegatingConstructorAccessorImpl.newInstance(Unknown Source)&#13;
	at java.lang.reflect.Constructor.newInstance(Unknown Source)&#13;
	at org.openqa.selenium.remote.ErrorHandler.createThrowable(ErrorHandler.java:187)&#13;
	at org.openqa.selenium.remote.ErrorHandler.throwIfResponseFailed(ErrorHandler.java:145)&#13;
	at org.openqa.selenium.remote.RemoteWebDriver.execute(RemoteWebDriver.java:554)&#13;
	at org.openqa.selenium.remote.RemoteWebDriver.findElement(RemoteWebDriver.java:307)&#13;
	at org.openqa.selenium.remote.RemoteWebDriver.findElementByCssSelector(RemoteWebDriver.java:396)&#13;
	at org.openqa.selenium.By$ByCssSelector.findElement(By.java:406)&#13;
	at org.openqa.selenium.remote.RemoteWebDriver.findElement(RemoteWebDriver.java:299)&#13;
	at sun.reflect.GeneratedMethodAccessor6.invoke(Unknown Source)&#13;
	at sun.reflect.DelegatingMethodAccessorImpl.invoke(Unknown Source)&#13;
	at java.lang.reflect.Method.invoke(Unknown Source)&#13;
	at org.openqa.selenium.support.events.EventFiringWebDriver$2.invoke(EventFiringWebDriver.java:101)&#13;
	at com.sun.proxy.$Proxy15.findElement(Unknown Source)&#13;
	at org.openqa.selenium.support.events.EventFiringWebDriver.findElement(EventFiringWebDriver.java:180)&#13;
	at org.openqa.selenium.support.ui.ExpectedConditions.findElement(ExpectedConditions.java:523)&#13;
	at org.openqa.selenium.support.ui.ExpectedConditions.access$000(ExpectedConditions.java:39)&#13;
	at org.openqa.selenium.support.ui.ExpectedConditions$4.apply(ExpectedConditions.java:130)&#13;
	at org.openqa.selenium.support.ui.ExpectedConditions$4.apply(ExpectedConditions.java:126)&#13;
	at org.openqa.selenium.support.ui.FluentWait.until(FluentWait.java:208)&#13;
	at com.mifos.pages.MifosWebPage.waitForElementToBeVisible(MifosWebPage.java:239)&#13;
	at com.mifos.pages.MifosWebPage.getElement(MifosWebPage.java:916)&#13;
	at com.mifos.pages.MifosWebPage.getElement(MifosWebPage.java:901)&#13;
	at com.mifos.pages.MifosWebPage.getSingleText(MifosWebPage.java:1242)&#13;
	at com.mifos.pages.MifosWebPage.validateContains(MifosWebPage.java:1254)&#13;
	at com.mifos.pages.MifosWebPage.verifyPartialSuccessMessage(MifosWebPage.java:1233)&#13;
	at com.mifos.steps.LoginSteps.I_should_see_login_successfully(LoginSteps.java:43)&#13;
	at sun.reflect.NativeMethodAccessorImpl.invoke0(Native Method)&#13;
	at sun.reflect.NativeMethodAccessorImpl.invoke(Unknown Source)&#13;
	at sun.reflect.DelegatingMethodAccessorImpl.invoke(Unknown Source)&#13;
	at java.lang.reflect.Method.invoke(Unknown Source)&#13;
	at cucumber.runtime.Utils$1.call(Utils.java:44)&#13;
	at cucumber.runtime.Timeout.timeout(Timeout.java:12)&#13;
	at cucumber.runtime.Utils.invoke(Utils.java:40)&#13;
	at cucumber.runtime.java.JavaStepDefinition.execute(JavaStepDefinition.java:35)&#13;
	at cucumber.runtime.StepDefinitionMatch.runStep(StepDefinitionMatch.java:38)&#13;
	at cucumber.runtime.Runtime.runStep(Runtime.java:268)&#13;
	at cucumber.runtime.model.StepContainer.runStep(StepContainer.java:45)&#13;
	at cucumber.runtime.model.StepContainer.runSteps(StepContainer.java:40)&#13;
	at cucumber.runtime.model.CucumberScenario.runBackground(CucumberScenario.java:45)&#13;
	at cucumber.runtime.model.CucumberScenario.run(CucumberScenario.java:34)&#13;
	at cucumber.runtime.junit.ExecutionUnitRunner.run(ExecutionUnitRunner.java:83)&#13;
	at org.junit.runners.Suite.runChild(Suite.java:127)&#13;
	at org.junit.runners.Suite.runChild(Suite.java:26)&#13;
	at org.junit.runners.ParentRunner$3.run(ParentRunner.java:238)&#13;
	at org.junit.runners.ParentRunner$1.schedule(ParentRunner.java:63)&#13;
	at org.junit.runners.ParentRunner.runChildren(ParentRunner.java:236)&#13;
	at org.junit.runners.ParentRunner.access$000(ParentRunner.java:53)&#13;
	at org.junit.runners.ParentRunner$2.evaluate(ParentRunner.java:229)&#13;
	at org.junit.runners.ParentRunner.run(ParentRunner.java:309)&#13;
	at org.junit.runners.Suite.runChild(Suite.java:127)&#13;
	at org.junit.runners.Suite.runChild(Suite.java:26)&#13;
	at org.junit.runners.ParentRunner$3.run(ParentRunner.java:238)&#13;
	at org.junit.runners.ParentRunner$1.schedule(ParentRunner.java:63)&#13;
	at org.junit.runners.ParentRunner.runChildren(ParentRunner.java:236)&#13;
	at org.junit.runners.ParentRunner.access$000(ParentRunner.java:53)&#13;
	at org.junit.runners.ParentRunner$2.evaluate(ParentRunner.java:229)&#13;
	at org.junit.runners.ParentRunner.run(ParentRunner.java:309)&#13;
	at cucumber.runtime.junit.FeatureRunner.runChild(FeatureRunner.java:63)&#13;
	at cucumber.runtime.junit.FeatureRunner.runChild(FeatureRunner.java:18)&#13;
	at org.junit.runners.ParentRunner$3.run(ParentRunner.java:238)&#13;
	at org.junit.runners.ParentRunner$1.schedule(ParentRunner.java:63)&#13;
	at org.junit.runners.ParentRunner.runChildren(ParentRunner.java:236)&#13;
	at org.junit.runners.ParentRunner.access$000(ParentRunner.java:53)&#13;
	at org.junit.runners.ParentRunner$2.evaluate(ParentRunner.java:229)&#13;
	at org.junit.runners.ParentRunner.run(ParentRunner.java:309)&#13;
	at cucumber.runtime.junit.FeatureRunner.run(FeatureRunner.java:70)&#13;
	at cucumber.api.junit.Cucumber.runChild(Cucumber.java:77)&#13;
	at cucumber.api.junit.Cucumber.runChild(Cucumber.java:37)&#13;
	at org.junit.runners.ParentRunner$3.run(ParentRunner.java:238)&#13;
	at org.junit.runners.ParentRunner$1.schedule(ParentRunner.java:63)&#13;
	at org.junit.runners.ParentRunner.runChildren(ParentRunner.java:236)&#13;
	at org.junit.runners.ParentRunner.access$000(ParentRunner.java:53)&#13;
	at org.junit.runners.ParentRunner$2.evaluate(ParentRunner.java:229)&#13;
	at org.junit.runners.ParentRunner.run(ParentRunner.java:309)&#13;
	at cucumber.api.junit.Cucumber.run(Cucumber.java:82)&#13;
	at org.eclipse.jdt.internal.junit4.runner.JUnit4TestReference.run(JUnit4TestReference.java:50)&#13;
	at org.eclipse.jdt.internal.junit.runner.TestExecution.run(TestExecution.java:38)&#13;
	at org.eclipse.jdt.internal.junit.runner.RemoteTestRunner.runTests(RemoteTestRunner.java:459)&#13;
	at org.eclipse.jdt.internal.junit.runner.RemoteTestRunner.runTests(RemoteTestRunner.java:675)&#13;
	at org.eclipse.jdt.internal.junit.runner.RemoteTestRunner.run(RemoteTestRunner.java:382)&#13;
	at org.eclipse.jdt.internal.junit.runner.RemoteTestRunner.main(RemoteTestRunner.java:192)&#13;
&#13;
</error>
            <testcase name="Given I navigate to mifos" classname="| 439-RBI-EI-DB-SAR-REC-NON-RNI-CTRFD-SAR-MD-TR-1-B-EarlyRePayment-Loanproduct.xlsx |" incomplete="true"/>
            <testcase name="And I login into mifos site using &quot;Login&quot; excel sheet" classname="| 439-RBI-EI-DB-SAR-REC-NON-RNI-CTRFD-SAR-MD-TR-1-B-EarlyRePayment-Loanproduct.xlsx |" incomplete="true"/>
            <testcase name="Then I should see logged in successfully" classname="| 439-RBI-EI-DB-SAR-REC-NON-RNI-CTRFD-SAR-MD-TR-1-B-EarlyRePayment-Loanproduct.xlsx |" incomplete="true"/>
            <testcase name="Given I setup the product loan &quot;Setup&quot;" classname="| 439-RBI-EI-DB-SAR-REC-NON-RNI-CTRFD-SAR-MD-TR-1-B-EarlyRePayment-Loanproduct.xlsx |" time="0.001" ignored="true"/>
            <testcase name="Then I entered the values into product loan from &quot;ProductLoanInput&quot; Sheet" classname="| 439-RBI-EI-DB-SAR-REC-NON-RNI-CTRFD-SAR-MD-TR-1-B-EarlyRePayment-Loanproduct.xlsx |" time="0.001" ignored="true"/>
            <testcase name="Then I should see product loan created successfully&#9;from &quot;ProductLoanOutput&quot; Sheet" classname="| 439-RBI-EI-DB-SAR-REC-NON-RNI-CTRFD-SAR-MD-TR-1-B-EarlyRePayment-Loanproduct.xlsx |" time="2.283" ignored="true"/>
          </testsuite>
          <testsuite name="| 440-RBI-EI-DB-SAR-REC-NON-RNI-CTRFD-DL-MD-TR-1-EarlyRePayment-Loanproduct.xlsx |">
            <testcase name="Given I navigate to mifos" classname="| 440-RBI-EI-DB-SAR-REC-NON-RNI-CTRFD-DL-MD-TR-1-EarlyRePayment-Loanproduct.xlsx |" incomplete="true"/>
            <testcase name="And I login into mifos site using &quot;Login&quot; excel sheet" classname="| 440-RBI-EI-DB-SAR-REC-NON-RNI-CTRFD-DL-MD-TR-1-EarlyRePayment-Loanproduct.xlsx |" incomplete="true"/>
            <testcase name="Then I should see logged in successfully" classname="| 440-RBI-EI-DB-SAR-REC-NON-RNI-CTRFD-DL-MD-TR-1-EarlyRePayment-Loanproduct.xlsx |" incomplete="true"/>
            <testcase name="Given I setup the product loan &quot;Setup&quot;" classname="| 440-RBI-EI-DB-SAR-REC-NON-RNI-CTRFD-DL-MD-TR-1-EarlyRePayment-Loanproduct.xlsx |" time="52.602"/>
            <testcase name="Then I entered the values into product loan from &quot;ProductLoanInput&quot; Sheet" classname="| 440-RBI-EI-DB-SAR-REC-NON-RNI-CTRFD-DL-MD-TR-1-EarlyRePayment-Loanproduct.xlsx |" time="0.102"/>
            <testcase name="Then I should see product loan created successfully&#9;from &quot;ProductLoanOutput&quot; Sheet" classname="| 440-RBI-EI-DB-SAR-REC-NON-RNI-CTRFD-DL-MD-TR-1-EarlyRePayment-Loanproduct.xlsx |" time="1.532"/>
          </testsuite>
          <testsuite name="| 485-RBI-EPP-DB-DL-REC-NON-RNI-CTPD-SAR-MD-TR-1-EarlyRePayment-Loanproduct.xlsx |">
            <testcase name="Given I navigate to mifos" classname="| 485-RBI-EPP-DB-DL-REC-NON-RNI-CTPD-SAR-MD-TR-1-EarlyRePayment-Loanproduct.xlsx |" incomplete="true"/>
            <testcase name="And I login into mifos site using &quot;Login&quot; excel sheet" classname="| 485-RBI-EPP-DB-DL-REC-NON-RNI-CTPD-SAR-MD-TR-1-EarlyRePayment-Loanproduct.xlsx |" incomplete="true"/>
            <testcase name="Then I should see logged in successfully" classname="| 485-RBI-EPP-DB-DL-REC-NON-RNI-CTPD-SAR-MD-TR-1-EarlyRePayment-Loanproduct.xlsx |" incomplete="true"/>
            <testcase name="Given I setup the product loan &quot;Setup&quot;" classname="| 485-RBI-EPP-DB-DL-REC-NON-RNI-CTPD-SAR-MD-TR-1-EarlyRePayment-Loanproduct.xlsx |" time="53.458"/>
            <testcase name="Then I entered the values into product loan from &quot;ProductLoanInput&quot; Sheet" classname="| 485-RBI-EPP-DB-DL-REC-NON-RNI-CTPD-SAR-MD-TR-1-EarlyRePayment-Loanproduct.xlsx |" time="0.11"/>
            <testcase name="Then I should see product loan created successfully&#9;from &quot;ProductLoanOutput&quot; Sheet" classname="| 485-RBI-EPP-DB-DL-REC-NON-RNI-CTPD-SAR-MD-TR-1-EarlyRePayment-Loanproduct.xlsx |" time="1.542"/>
          </testsuite>
          <testsuite name="| 486-RBI-EPP-DB-DL-REC-NON-RNI-CTPD-DL-MD-TR-1-EarlyRePayment-Loanproduct.xlsx |" incomplete="true">
            <error>org.openqa.selenium.TimeoutException: Timed out after 100 seconds waiting for visibility of element located by By.selector: #expertsearch strong.ng-binding
Build info: version: '2.29.1', revision: 'dfb1306b85be4934d23c123122e06e602a15e446', time: '2013-01-22 12:58:05'
System info: os.name: 'Windows 8.1', os.arch: 'amd64', os.version: '6.3', java.version: '1.7.0_60'
Driver info: driver.version: unknown&#13;
	at org.openqa.selenium.support.ui.FluentWait.timeoutException(FluentWait.java:259)&#13;
	at org.openqa.selenium.support.ui.FluentWait.until(FluentWait.java:228)&#13;
	at com.mifos.pages.MifosWebPage.waitForElementToBeVisible(MifosWebPage.java:239)&#13;
	at com.mifos.pages.MifosWebPage.getElement(MifosWebPage.java:916)&#13;
	at com.mifos.pages.MifosWebPage.getElement(MifosWebPage.java:901)&#13;
	at com.mifos.pages.MifosWebPage.getSingleText(MifosWebPage.java:1242)&#13;
	at com.mifos.pages.MifosWebPage.validateContains(MifosWebPage.java:1254)&#13;
	at com.mifos.pages.MifosWebPage.verifyPartialSuccessMessage(MifosWebPage.java:1233)&#13;
	at com.mifos.steps.LoginSteps.I_should_see_login_successfully(LoginSteps.java:43)&#13;
	at ✽.Then I should see logged in successfully(src\test\resources\features\Test.feature:6)&#13;
Caused by: org.openqa.selenium.NoSuchElementException: no such element
  (Session info: chrome=44.0.2403.125)
  (Driver info: chromedriver=2.14.313457 (3d645c400edf2e2c500566c9aa096063e707c9cf),platform=Windows NT 6.3 x86_64) (WARNING: The server did not provide any stacktrace information)
Command duration or timeout: 30.01 seconds
For documentation on this error, please visit: http://seleniumhq.org/exceptions/no_such_element.html
Build info: version: '2.29.1', revision: 'dfb1306b85be4934d23c123122e06e602a15e446', time: '2013-01-22 12:58:05'
System info: os.name: 'Windows 8.1', os.arch: 'amd64', os.version: '6.3', java.version: '1.7.0_60'
Session ID: 2eadb27a1fc6b6b2110e4bc005531e52
Driver info: org.openqa.selenium.chrome.ChromeDriver
Capabilities [{platform=XP, acceptSslCerts=true, javascriptEnabled=true, browserName=chrome, chrome={userDataDir=C:\Users\30\AppData\Local\Temp\scoped_dir7620_8166}, rotatable=false, locationContextEnabled=true, mobileEmulationEnabled=false, version=44.0.2403.125, takesHeapSnapshot=true, cssSelectorsEnabled=true, databaseEnabled=false, handlesAlerts=true, browserConnectionEnabled=false, webStorageEnabled=true, nativeEvents=true, applicationCacheEnabled=false, takesScreenshot=true}]&#13;
	at sun.reflect.GeneratedConstructorAccessor34.newInstance(Unknown Source)&#13;
	at sun.reflect.DelegatingConstructorAccessorImpl.newInstance(Unknown Source)&#13;
	at java.lang.reflect.Constructor.newInstance(Unknown Source)&#13;
	at org.openqa.selenium.remote.ErrorHandler.createThrowable(ErrorHandler.java:187)&#13;
	at org.openqa.selenium.remote.ErrorHandler.throwIfResponseFailed(ErrorHandler.java:145)&#13;
	at org.openqa.selenium.remote.RemoteWebDriver.execute(RemoteWebDriver.java:554)&#13;
	at org.openqa.selenium.remote.RemoteWebDriver.findElement(RemoteWebDriver.java:307)&#13;
	at org.openqa.selenium.remote.RemoteWebDriver.findElementByCssSelector(RemoteWebDriver.java:396)&#13;
	at org.openqa.selenium.By$ByCssSelector.findElement(By.java:406)&#13;
	at org.openqa.selenium.remote.RemoteWebDriver.findElement(RemoteWebDriver.java:299)&#13;
	at sun.reflect.GeneratedMethodAccessor6.invoke(Unknown Source)&#13;
	at sun.reflect.DelegatingMethodAccessorImpl.invoke(Unknown Source)&#13;
	at java.lang.reflect.Method.invoke(Unknown Source)&#13;
	at org.openqa.selenium.support.events.EventFiringWebDriver$2.invoke(EventFiringWebDriver.java:101)&#13;
	at com.sun.proxy.$Proxy15.findElement(Unknown Source)&#13;
	at org.openqa.selenium.support.events.EventFiringWebDriver.findElement(EventFiringWebDriver.java:180)&#13;
	at org.openqa.selenium.support.ui.ExpectedConditions.findElement(ExpectedConditions.java:523)&#13;
	at org.openqa.selenium.support.ui.ExpectedConditions.access$000(ExpectedConditions.java:39)&#13;
	at org.openqa.selenium.support.ui.ExpectedConditions$4.apply(ExpectedConditions.java:130)&#13;
	at org.openqa.selenium.support.ui.ExpectedConditions$4.apply(ExpectedConditions.java:126)&#13;
	at org.openqa.selenium.support.ui.FluentWait.until(FluentWait.java:208)&#13;
	at com.mifos.pages.MifosWebPage.waitForElementToBeVisible(MifosWebPage.java:239)&#13;
	at com.mifos.pages.MifosWebPage.getElement(MifosWebPage.java:916)&#13;
	at com.mifos.pages.MifosWebPage.getElement(MifosWebPage.java:901)&#13;
	at com.mifos.pages.MifosWebPage.getSingleText(MifosWebPage.java:1242)&#13;
	at com.mifos.pages.MifosWebPage.validateContains(MifosWebPage.java:1254)&#13;
	at com.mifos.pages.MifosWebPage.verifyPartialSuccessMessage(MifosWebPage.java:1233)&#13;
	at com.mifos.steps.LoginSteps.I_should_see_login_successfully(LoginSteps.java:43)&#13;
	at sun.reflect.NativeMethodAccessorImpl.invoke0(Native Method)&#13;
	at sun.reflect.NativeMethodAccessorImpl.invoke(Unknown Source)&#13;
	at sun.reflect.DelegatingMethodAccessorImpl.invoke(Unknown Source)&#13;
	at java.lang.reflect.Method.invoke(Unknown Source)&#13;
	at cucumber.runtime.Utils$1.call(Utils.java:44)&#13;
	at cucumber.runtime.Timeout.timeout(Timeout.java:12)&#13;
	at cucumber.runtime.Utils.invoke(Utils.java:40)&#13;
	at cucumber.runtime.java.JavaStepDefinition.execute(JavaStepDefinition.java:35)&#13;
	at cucumber.runtime.StepDefinitionMatch.runStep(StepDefinitionMatch.java:38)&#13;
	at cucumber.runtime.Runtime.runStep(Runtime.java:268)&#13;
	at cucumber.runtime.model.StepContainer.runStep(StepContainer.java:45)&#13;
	at cucumber.runtime.model.StepContainer.runSteps(StepContainer.java:40)&#13;
	at cucumber.runtime.model.CucumberScenario.runBackground(CucumberScenario.java:45)&#13;
	at cucumber.runtime.model.CucumberScenario.run(CucumberScenario.java:34)&#13;
	at cucumber.runtime.junit.ExecutionUnitRunner.run(ExecutionUnitRunner.java:83)&#13;
	at org.junit.runners.Suite.runChild(Suite.java:127)&#13;
	at org.junit.runners.Suite.runChild(Suite.java:26)&#13;
	at org.junit.runners.ParentRunner$3.run(ParentRunner.java:238)&#13;
	at org.junit.runners.ParentRunner$1.schedule(ParentRunner.java:63)&#13;
	at org.junit.runners.ParentRunner.runChildren(ParentRunner.java:236)&#13;
	at org.junit.runners.ParentRunner.access$000(ParentRunner.java:53)&#13;
	at org.junit.runners.ParentRunner$2.evaluate(ParentRunner.java:229)&#13;
	at org.junit.runners.ParentRunner.run(ParentRunner.java:309)&#13;
	at org.junit.runners.Suite.runChild(Suite.java:127)&#13;
	at org.junit.runners.Suite.runChild(Suite.java:26)&#13;
	at org.junit.runners.ParentRunner$3.run(ParentRunner.java:238)&#13;
	at org.junit.runners.ParentRunner$1.schedule(ParentRunner.java:63)&#13;
	at org.junit.runners.ParentRunner.runChildren(ParentRunner.java:236)&#13;
	at org.junit.runners.ParentRunner.access$000(ParentRunner.java:53)&#13;
	at org.junit.runners.ParentRunner$2.evaluate(ParentRunner.java:229)&#13;
	at org.junit.runners.ParentRunner.run(ParentRunner.java:309)&#13;
	at cucumber.runtime.junit.FeatureRunner.runChild(FeatureRunner.java:63)&#13;
	at cucumber.runtime.junit.FeatureRunner.runChild(FeatureRunner.java:18)&#13;
	at org.junit.runners.ParentRunner$3.run(ParentRunner.java:238)&#13;
	at org.junit.runners.ParentRunner$1.schedule(ParentRunner.java:63)&#13;
	at org.junit.runners.ParentRunner.runChildren(ParentRunner.java:236)&#13;
	at org.junit.runners.ParentRunner.access$000(ParentRunner.java:53)&#13;
	at org.junit.runners.ParentRunner$2.evaluate(ParentRunner.java:229)&#13;
	at org.junit.runners.ParentRunner.run(ParentRunner.java:309)&#13;
	at cucumber.runtime.junit.FeatureRunner.run(FeatureRunner.java:70)&#13;
	at cucumber.api.junit.Cucumber.runChild(Cucumber.java:77)&#13;
	at cucumber.api.junit.Cucumber.runChild(Cucumber.java:37)&#13;
	at org.junit.runners.ParentRunner$3.run(ParentRunner.java:238)&#13;
	at org.junit.runners.ParentRunner$1.schedule(ParentRunner.java:63)&#13;
	at org.junit.runners.ParentRunner.runChildren(ParentRunner.java:236)&#13;
	at org.junit.runners.ParentRunner.access$000(ParentRunner.java:53)&#13;
	at org.junit.runners.ParentRunner$2.evaluate(ParentRunner.java:229)&#13;
	at org.junit.runners.ParentRunner.run(ParentRunner.java:309)&#13;
	at cucumber.api.junit.Cucumber.run(Cucumber.java:82)&#13;
	at org.eclipse.jdt.internal.junit4.runner.JUnit4TestReference.run(JUnit4TestReference.java:50)&#13;
	at org.eclipse.jdt.internal.junit.runner.TestExecution.run(TestExecution.java:38)&#13;
	at org.eclipse.jdt.internal.junit.runner.RemoteTestRunner.runTests(RemoteTestRunner.java:459)&#13;
	at org.eclipse.jdt.internal.junit.runner.RemoteTestRunner.runTests(RemoteTestRunner.java:675)&#13;
	at org.eclipse.jdt.internal.junit.runner.RemoteTestRunner.run(RemoteTestRunner.java:382)&#13;
	at org.eclipse.jdt.internal.junit.runner.RemoteTestRunner.main(RemoteTestRunner.java:192)&#13;
&#13;
</error>
            <testcase name="Given I navigate to mifos" classname="| 486-RBI-EPP-DB-DL-REC-NON-RNI-CTPD-DL-MD-TR-1-EarlyRePayment-Loanproduct.xlsx |" incomplete="true"/>
            <testcase name="And I login into mifos site using &quot;Login&quot; excel sheet" classname="| 486-RBI-EPP-DB-DL-REC-NON-RNI-CTPD-DL-MD-TR-1-EarlyRePayment-Loanproduct.xlsx |" incomplete="true"/>
            <testcase name="Then I should see logged in successfully" classname="| 486-RBI-EPP-DB-DL-REC-NON-RNI-CTPD-DL-MD-TR-1-EarlyRePayment-Loanproduct.xlsx |" incomplete="true"/>
            <testcase name="Given I setup the product loan &quot;Setup&quot;" classname="| 486-RBI-EPP-DB-DL-REC-NON-RNI-CTPD-DL-MD-TR-1-EarlyRePayment-Loanproduct.xlsx |" time="0.001" ignored="true"/>
            <testcase name="Then I entered the values into product loan from &quot;ProductLoanInput&quot; Sheet" classname="| 486-RBI-EPP-DB-DL-REC-NON-RNI-CTPD-DL-MD-TR-1-EarlyRePayment-Loanproduct.xlsx |" time="0.001" ignored="true"/>
            <testcase name="Then I should see product loan created successfully&#9;from &quot;ProductLoanOutput&quot; Sheet" classname="| 486-RBI-EPP-DB-DL-REC-NON-RNI-CTPD-DL-MD-TR-1-EarlyRePayment-Loanproduct.xlsx |" time="2.323" ignored="true"/>
          </testsuite>
          <testsuite name="| 487-RBI-EPP-DB-DL-REC-NON-RNI-CTRFD-SAR-MD-TR-1-EarlyRePayment-Loanproduct.xlsx |">
            <testcase name="Given I navigate to mifos" classname="| 487-RBI-EPP-DB-DL-REC-NON-RNI-CTRFD-SAR-MD-TR-1-EarlyRePayment-Loanproduct.xlsx |" incomplete="true"/>
            <testcase name="And I login into mifos site using &quot;Login&quot; excel sheet" classname="| 487-RBI-EPP-DB-DL-REC-NON-RNI-CTRFD-SAR-MD-TR-1-EarlyRePayment-Loanproduct.xlsx |" incomplete="true"/>
            <testcase name="Then I should see logged in successfully" classname="| 487-RBI-EPP-DB-DL-REC-NON-RNI-CTRFD-SAR-MD-TR-1-EarlyRePayment-Loanproduct.xlsx |" incomplete="true"/>
            <testcase name="Given I setup the product loan &quot;Setup&quot;" classname="| 487-RBI-EPP-DB-DL-REC-NON-RNI-CTRFD-SAR-MD-TR-1-EarlyRePayment-Loanproduct.xlsx |" time="55.403"/>
            <testcase name="Then I entered the values into product loan from &quot;ProductLoanInput&quot; Sheet" classname="| 487-RBI-EPP-DB-DL-REC-NON-RNI-CTRFD-SAR-MD-TR-1-EarlyRePayment-Loanproduct.xlsx |" time="0.114"/>
            <testcase name="Then I should see product loan created successfully&#9;from &quot;ProductLoanOutput&quot; Sheet" classname="| 487-RBI-EPP-DB-DL-REC-NON-RNI-CTRFD-SAR-MD-TR-1-EarlyRePayment-Loanproduct.xlsx |" time="1.643"/>
          </testsuite>
          <testsuite name="| 488-RBI-EPP-DB-DL-REC-NON-RNI-CTRFD-DL-MD-TR-1-EarlyRePayment-Loanproduct.xlsx |">
            <testcase name="Given I navigate to mifos" classname="| 488-RBI-EPP-DB-DL-REC-NON-RNI-CTRFD-DL-MD-TR-1-EarlyRePayment-Loanproduct.xlsx |" incomplete="true"/>
            <testcase name="And I login into mifos site using &quot;Login&quot; excel sheet" classname="| 488-RBI-EPP-DB-DL-REC-NON-RNI-CTRFD-DL-MD-TR-1-EarlyRePayment-Loanproduct.xlsx |" incomplete="true"/>
            <testcase name="Then I should see logged in successfully" classname="| 488-RBI-EPP-DB-DL-REC-NON-RNI-CTRFD-DL-MD-TR-1-EarlyRePayment-Loanproduct.xlsx |" incomplete="true"/>
            <testcase name="Given I setup the product loan &quot;Setup&quot;" classname="| 488-RBI-EPP-DB-DL-REC-NON-RNI-CTRFD-DL-MD-TR-1-EarlyRePayment-Loanproduct.xlsx |" time="56.989"/>
            <testcase name="Then I entered the values into product loan from &quot;ProductLoanInput&quot; Sheet" classname="| 488-RBI-EPP-DB-DL-REC-NON-RNI-CTRFD-DL-MD-TR-1-EarlyRePayment-Loanproduct.xlsx |" time="0.149"/>
            <testcase name="Then I should see product loan created successfully&#9;from &quot;ProductLoanOutput&quot; Sheet" classname="| 488-RBI-EPP-DB-DL-REC-NON-RNI-CTRFD-DL-MD-TR-1-EarlyRePayment-Loanproduct.xlsx |" time="1.7"/>
          </testsuite>
          <testsuite name="| 533-RBI-EPP-DB-SAR-REC-NON-RNI-CTPD-SAR-MD-TR-1-EarlyRePayment-Loanproduct.xlsx |" incomplete="true">
            <error>org.openqa.selenium.TimeoutException: Timed out after 100 seconds waiting for visibility of element located by By.selector: #expertsearch strong.ng-binding
Build info: version: '2.29.1', revision: 'dfb1306b85be4934d23c123122e06e602a15e446', time: '2013-01-22 12:58:05'
System info: os.name: 'Windows 8.1', os.arch: 'amd64', os.version: '6.3', java.version: '1.7.0_60'
Driver info: driver.version: unknown&#13;
	at org.openqa.selenium.support.ui.FluentWait.timeoutException(FluentWait.java:259)&#13;
	at org.openqa.selenium.support.ui.FluentWait.until(FluentWait.java:228)&#13;
	at com.mifos.pages.MifosWebPage.waitForElementToBeVisible(MifosWebPage.java:239)&#13;
	at com.mifos.pages.MifosWebPage.getElement(MifosWebPage.java:916)&#13;
	at com.mifos.pages.MifosWebPage.getElement(MifosWebPage.java:901)&#13;
	at com.mifos.pages.MifosWebPage.getSingleText(MifosWebPage.java:1242)&#13;
	at com.mifos.pages.MifosWebPage.validateContains(MifosWebPage.java:1254)&#13;
	at com.mifos.pages.MifosWebPage.verifyPartialSuccessMessage(MifosWebPage.java:1233)&#13;
	at com.mifos.steps.LoginSteps.I_should_see_login_successfully(LoginSteps.java:43)&#13;
	at ✽.Then I should see logged in successfully(src\test\resources\features\Test.feature:6)&#13;
Caused by: org.openqa.selenium.NoSuchElementException: no such element
  (Session info: chrome=44.0.2403.125)
  (Driver info: chromedriver=2.14.313457 (3d645c400edf2e2c500566c9aa096063e707c9cf),platform=Windows NT 6.3 x86_64) (WARNING: The server did not provide any stacktrace information)
Command duration or timeout: 30.01 seconds
For documentation on this error, please visit: http://seleniumhq.org/exceptions/no_such_element.html
Build info: version: '2.29.1', revision: 'dfb1306b85be4934d23c123122e06e602a15e446', time: '2013-01-22 12:58:05'
System info: os.name: 'Windows 8.1', os.arch: 'amd64', os.version: '6.3', java.version: '1.7.0_60'
Session ID: 3d70a6cfae12efeaa44685c9576799b9
Driver info: org.openqa.selenium.chrome.ChromeDriver
Capabilities [{platform=XP, acceptSslCerts=true, javascriptEnabled=true, browserName=chrome, chrome={userDataDir=C:\Users\30\AppData\Local\Temp\scoped_dir4520_31305}, rotatable=false, locationContextEnabled=true, mobileEmulationEnabled=false, version=44.0.2403.125, takesHeapSnapshot=true, cssSelectorsEnabled=true, databaseEnabled=false, handlesAlerts=true, browserConnectionEnabled=false, webStorageEnabled=true, nativeEvents=true, applicationCacheEnabled=false, takesScreenshot=true}]&#13;
	at sun.reflect.GeneratedConstructorAccessor34.newInstance(Unknown Source)&#13;
	at sun.reflect.DelegatingConstructorAccessorImpl.newInstance(Unknown Source)&#13;
	at java.lang.reflect.Constructor.newInstance(Unknown Source)&#13;
	at org.openqa.selenium.remote.ErrorHandler.createThrowable(ErrorHandler.java:187)&#13;
	at org.openqa.selenium.remote.ErrorHandler.throwIfResponseFailed(ErrorHandler.java:145)&#13;
	at org.openqa.selenium.remote.RemoteWebDriver.execute(RemoteWebDriver.java:554)&#13;
	at org.openqa.selenium.remote.RemoteWebDriver.findElement(RemoteWebDriver.java:307)&#13;
	at org.openqa.selenium.remote.RemoteWebDriver.findElementByCssSelector(RemoteWebDriver.java:396)&#13;
	at org.openqa.selenium.By$ByCssSelector.findElement(By.java:406)&#13;
	at org.openqa.selenium.remote.RemoteWebDriver.findElement(RemoteWebDriver.java:299)&#13;
	at sun.reflect.GeneratedMethodAccessor6.invoke(Unknown Source)&#13;
	at sun.reflect.DelegatingMethodAccessorImpl.invoke(Unknown Source)&#13;
	at java.lang.reflect.Method.invoke(Unknown Source)&#13;
	at org.openqa.selenium.support.events.EventFiringWebDriver$2.invoke(EventFiringWebDriver.java:101)&#13;
	at com.sun.proxy.$Proxy15.findElement(Unknown Source)&#13;
	at org.openqa.selenium.support.events.EventFiringWebDriver.findElement(EventFiringWebDriver.java:180)&#13;
	at org.openqa.selenium.support.ui.ExpectedConditions.findElement(ExpectedConditions.java:523)&#13;
	at org.openqa.selenium.support.ui.ExpectedConditions.access$000(ExpectedConditions.java:39)&#13;
	at org.openqa.selenium.support.ui.ExpectedConditions$4.apply(ExpectedConditions.java:130)&#13;
	at org.openqa.selenium.support.ui.ExpectedConditions$4.apply(ExpectedConditions.java:126)&#13;
	at org.openqa.selenium.support.ui.FluentWait.until(FluentWait.java:208)&#13;
	at com.mifos.pages.MifosWebPage.waitForElementToBeVisible(MifosWebPage.java:239)&#13;
	at com.mifos.pages.MifosWebPage.getElement(MifosWebPage.java:916)&#13;
	at com.mifos.pages.MifosWebPage.getElement(MifosWebPage.java:901)&#13;
	at com.mifos.pages.MifosWebPage.getSingleText(MifosWebPage.java:1242)&#13;
	at com.mifos.pages.MifosWebPage.validateContains(MifosWebPage.java:1254)&#13;
	at com.mifos.pages.MifosWebPage.verifyPartialSuccessMessage(MifosWebPage.java:1233)&#13;
	at com.mifos.steps.LoginSteps.I_should_see_login_successfully(LoginSteps.java:43)&#13;
	at sun.reflect.NativeMethodAccessorImpl.invoke0(Native Method)&#13;
	at sun.reflect.NativeMethodAccessorImpl.invoke(Unknown Source)&#13;
	at sun.reflect.DelegatingMethodAccessorImpl.invoke(Unknown Source)&#13;
	at java.lang.reflect.Method.invoke(Unknown Source)&#13;
	at cucumber.runtime.Utils$1.call(Utils.java:44)&#13;
	at cucumber.runtime.Timeout.timeout(Timeout.java:12)&#13;
	at cucumber.runtime.Utils.invoke(Utils.java:40)&#13;
	at cucumber.runtime.java.JavaStepDefinition.execute(JavaStepDefinition.java:35)&#13;
	at cucumber.runtime.StepDefinitionMatch.runStep(StepDefinitionMatch.java:38)&#13;
	at cucumber.runtime.Runtime.runStep(Runtime.java:268)&#13;
	at cucumber.runtime.model.StepContainer.runStep(StepContainer.java:45)&#13;
	at cucumber.runtime.model.StepContainer.runSteps(StepContainer.java:40)&#13;
	at cucumber.runtime.model.CucumberScenario.runBackground(CucumberScenario.java:45)&#13;
	at cucumber.runtime.model.CucumberScenario.run(CucumberScenario.java:34)&#13;
	at cucumber.runtime.junit.ExecutionUnitRunner.run(ExecutionUnitRunner.java:83)&#13;
	at org.junit.runners.Suite.runChild(Suite.java:127)&#13;
	at org.junit.runners.Suite.runChild(Suite.java:26)&#13;
	at org.junit.runners.ParentRunner$3.run(ParentRunner.java:238)&#13;
	at org.junit.runners.ParentRunner$1.schedule(ParentRunner.java:63)&#13;
	at org.junit.runners.ParentRunner.runChildren(ParentRunner.java:236)&#13;
	at org.junit.runners.ParentRunner.access$000(ParentRunner.java:53)&#13;
	at org.junit.runners.ParentRunner$2.evaluate(ParentRunner.java:229)&#13;
	at org.junit.runners.ParentRunner.run(ParentRunner.java:309)&#13;
	at org.junit.runners.Suite.runChild(Suite.java:127)&#13;
	at org.junit.runners.Suite.runChild(Suite.java:26)&#13;
	at org.junit.runners.ParentRunner$3.run(ParentRunner.java:238)&#13;
	at org.junit.runners.ParentRunner$1.schedule(ParentRunner.java:63)&#13;
	at org.junit.runners.ParentRunner.runChildren(ParentRunner.java:236)&#13;
	at org.junit.runners.ParentRunner.access$000(ParentRunner.java:53)&#13;
	at org.junit.runners.ParentRunner$2.evaluate(ParentRunner.java:229)&#13;
	at org.junit.runners.ParentRunner.run(ParentRunner.java:309)&#13;
	at cucumber.runtime.junit.FeatureRunner.runChild(FeatureRunner.java:63)&#13;
	at cucumber.runtime.junit.FeatureRunner.runChild(FeatureRunner.java:18)&#13;
	at org.junit.runners.ParentRunner$3.run(ParentRunner.java:238)&#13;
	at org.junit.runners.ParentRunner$1.schedule(ParentRunner.java:63)&#13;
	at org.junit.runners.ParentRunner.runChildren(ParentRunner.java:236)&#13;
	at org.junit.runners.ParentRunner.access$000(ParentRunner.java:53)&#13;
	at org.junit.runners.ParentRunner$2.evaluate(ParentRunner.java:229)&#13;
	at org.junit.runners.ParentRunner.run(ParentRunner.java:309)&#13;
	at cucumber.runtime.junit.FeatureRunner.run(FeatureRunner.java:70)&#13;
	at cucumber.api.junit.Cucumber.runChild(Cucumber.java:77)&#13;
	at cucumber.api.junit.Cucumber.runChild(Cucumber.java:37)&#13;
	at org.junit.runners.ParentRunner$3.run(ParentRunner.java:238)&#13;
	at org.junit.runners.ParentRunner$1.schedule(ParentRunner.java:63)&#13;
	at org.junit.runners.ParentRunner.runChildren(ParentRunner.java:236)&#13;
	at org.junit.runners.ParentRunner.access$000(ParentRunner.java:53)&#13;
	at org.junit.runners.ParentRunner$2.evaluate(ParentRunner.java:229)&#13;
	at org.junit.runners.ParentRunner.run(ParentRunner.java:309)&#13;
	at cucumber.api.junit.Cucumber.run(Cucumber.java:82)&#13;
	at org.eclipse.jdt.internal.junit4.runner.JUnit4TestReference.run(JUnit4TestReference.java:50)&#13;
	at org.eclipse.jdt.internal.junit.runner.TestExecution.run(TestExecution.java:38)&#13;
	at org.eclipse.jdt.internal.junit.runner.RemoteTestRunner.runTests(RemoteTestRunner.java:459)&#13;
	at org.eclipse.jdt.internal.junit.runner.RemoteTestRunner.runTests(RemoteTestRunner.java:675)&#13;
	at org.eclipse.jdt.internal.junit.runner.RemoteTestRunner.run(RemoteTestRunner.java:382)&#13;
	at org.eclipse.jdt.internal.junit.runner.RemoteTestRunner.main(RemoteTestRunner.java:192)&#13;
&#13;
</error>
            <testcase name="Given I navigate to mifos" classname="| 533-RBI-EPP-DB-SAR-REC-NON-RNI-CTPD-SAR-MD-TR-1-EarlyRePayment-Loanproduct.xlsx |" incomplete="true"/>
            <testcase name="And I login into mifos site using &quot;Login&quot; excel sheet" classname="| 533-RBI-EPP-DB-SAR-REC-NON-RNI-CTPD-SAR-MD-TR-1-EarlyRePayment-Loanproduct.xlsx |" incomplete="true"/>
            <testcase name="Then I should see logged in successfully" classname="| 533-RBI-EPP-DB-SAR-REC-NON-RNI-CTPD-SAR-MD-TR-1-EarlyRePayment-Loanproduct.xlsx |" incomplete="true"/>
            <testcase name="Given I setup the product loan &quot;Setup&quot;" classname="| 533-RBI-EPP-DB-SAR-REC-NON-RNI-CTPD-SAR-MD-TR-1-EarlyRePayment-Loanproduct.xlsx |" time="0.001" ignored="true"/>
            <testcase name="Then I entered the values into product loan from &quot;ProductLoanInput&quot; Sheet" classname="| 533-RBI-EPP-DB-SAR-REC-NON-RNI-CTPD-SAR-MD-TR-1-EarlyRePayment-Loanproduct.xlsx |" time="0.0" ignored="true"/>
            <testcase name="Then I should see product loan created successfully&#9;from &quot;ProductLoanOutput&quot; Sheet" classname="| 533-RBI-EPP-DB-SAR-REC-NON-RNI-CTPD-SAR-MD-TR-1-EarlyRePayment-Loanproduct.xlsx |" time="2.228" ignored="true"/>
          </testsuite>
          <testsuite name="| 534-RBI-EPP-DB-SAR-REC-NON-RNI-CTPD-DL-MD-TR-1-EarlyRePayment-Loanproduct.xlsx |" incomplete="true">
            <error>org.openqa.selenium.TimeoutException: Timed out after 100 seconds waiting for visibility of element located by By.selector: legend.ng-binding
Build info: version: '2.29.1', revision: 'dfb1306b85be4934d23c123122e06e602a15e446', time: '2013-01-22 12:58:05'
System info: os.name: 'Windows 8.1', os.arch: 'amd64', os.version: '6.3', java.version: '1.7.0_60'
Driver info: driver.version: unknown&#13;
	at org.openqa.selenium.support.ui.FluentWait.timeoutException(FluentWait.java:259)&#13;
	at org.openqa.selenium.support.ui.FluentWait.until(FluentWait.java:228)&#13;
	at com.mifos.pages.MifosWebPage.waitForElementToBeVisible(MifosWebPage.java:239)&#13;
	at com.mifos.pages.MifosWebPage.getElement(MifosWebPage.java:916)&#13;
	at com.mifos.pages.MifosWebPage.getElement(MifosWebPage.java:901)&#13;
	at com.mifos.pages.MifosWebPage.getText(MifosWebPage.java:1204)&#13;
	at com.mifos.pages.MifosWebPage.validateSame(MifosWebPage.java:1237)&#13;
	at com.mifos.pages.MifosWebPage.verifySuccessMessage(MifosWebPage.java:1228)&#13;
	at com.mifos.pages.FrontPage.verifyProduct(FrontPage.java:349)&#13;
	at com.mifos.steps.LoanProductSteps.I_should_see_product_loan_created_successfully_from_Sheet(LoanProductSteps.java:37)&#13;
	at ✽.Then I should see product loan created successfully	from "ProductLoanOutput" Sheet(src\test\resources\features\Test.feature:15)&#13;
Caused by: org.openqa.selenium.NoSuchElementException: no such element
  (Session info: chrome=44.0.2403.125)
  (Driver info: chromedriver=2.14.313457 (3d645c400edf2e2c500566c9aa096063e707c9cf),platform=Windows NT 6.3 x86_64) (WARNING: The server did not provide any stacktrace information)
Command duration or timeout: 30.04 seconds
For documentation on this error, please visit: http://seleniumhq.org/exceptions/no_such_element.html
Build info: version: '2.29.1', revision: 'dfb1306b85be4934d23c123122e06e602a15e446', time: '2013-01-22 12:58:05'
System info: os.name: 'Windows 8.1', os.arch: 'amd64', os.version: '6.3', java.version: '1.7.0_60'
Session ID: 4fa2aabb48fb1d2e674ef0ee03e5df83
Driver info: org.openqa.selenium.chrome.ChromeDriver
Capabilities [{platform=XP, acceptSslCerts=true, javascriptEnabled=true, browserName=chrome, chrome={userDataDir=C:\Users\30\AppData\Local\Temp\scoped_dir4664_30013}, rotatable=false, locationContextEnabled=true, mobileEmulationEnabled=false, version=44.0.2403.125, takesHeapSnapshot=true, cssSelectorsEnabled=true, databaseEnabled=false, handlesAlerts=true, browserConnectionEnabled=false, webStorageEnabled=true, nativeEvents=true, applicationCacheEnabled=false, takesScreenshot=true}]&#13;
	at sun.reflect.GeneratedConstructorAccessor34.newInstance(Unknown Source)&#13;
	at sun.reflect.DelegatingConstructorAccessorImpl.newInstance(Unknown Source)&#13;
	at java.lang.reflect.Constructor.newInstance(Unknown Source)&#13;
	at org.openqa.selenium.remote.ErrorHandler.createThrowable(ErrorHandler.java:187)&#13;
	at org.openqa.selenium.remote.ErrorHandler.throwIfResponseFailed(ErrorHandler.java:145)&#13;
	at org.openqa.selenium.remote.RemoteWebDriver.execute(RemoteWebDriver.java:554)&#13;
	at org.openqa.selenium.remote.RemoteWebDriver.findElement(RemoteWebDriver.java:307)&#13;
	at org.openqa.selenium.remote.RemoteWebDriver.findElementByCssSelector(RemoteWebDriver.java:396)&#13;
	at org.openqa.selenium.By$ByCssSelector.findElement(By.java:406)&#13;
	at org.openqa.selenium.remote.RemoteWebDriver.findElement(RemoteWebDriver.java:299)&#13;
	at sun.reflect.GeneratedMethodAccessor6.invoke(Unknown Source)&#13;
	at sun.reflect.DelegatingMethodAccessorImpl.invoke(Unknown Source)&#13;
	at java.lang.reflect.Method.invoke(Unknown Source)&#13;
	at org.openqa.selenium.support.events.EventFiringWebDriver$2.invoke(EventFiringWebDriver.java:101)&#13;
	at com.sun.proxy.$Proxy15.findElement(Unknown Source)&#13;
	at org.openqa.selenium.support.events.EventFiringWebDriver.findElement(EventFiringWebDriver.java:180)&#13;
	at org.openqa.selenium.support.ui.ExpectedConditions.findElement(ExpectedConditions.java:523)&#13;
	at org.openqa.selenium.support.ui.ExpectedConditions.access$000(ExpectedConditions.java:39)&#13;
	at org.openqa.selenium.support.ui.ExpectedConditions$4.apply(ExpectedConditions.java:130)&#13;
	at org.openqa.selenium.support.ui.ExpectedConditions$4.apply(ExpectedConditions.java:126)&#13;
	at org.openqa.selenium.support.ui.FluentWait.until(FluentWait.java:208)&#13;
	at com.mifos.pages.MifosWebPage.waitForElementToBeVisible(MifosWebPage.java:239)&#13;
	at com.mifos.pages.MifosWebPage.getElement(MifosWebPage.java:916)&#13;
	at com.mifos.pages.MifosWebPage.getElement(MifosWebPage.java:901)&#13;
	at com.mifos.pages.MifosWebPage.getText(MifosWebPage.java:1204)&#13;
	at com.mifos.pages.MifosWebPage.validateSame(MifosWebPage.java:1237)&#13;
	at com.mifos.pages.MifosWebPage.verifySuccessMessage(MifosWebPage.java:1228)&#13;
	at com.mifos.pages.FrontPage.verifyProduct(FrontPage.java:349)&#13;
	at com.mifos.steps.LoanProductSteps.I_should_see_product_loan_created_successfully_from_Sheet(LoanProductSteps.java:37)&#13;
	at sun.reflect.NativeMethodAccessorImpl.invoke0(Native Method)&#13;
	at sun.reflect.NativeMethodAccessorImpl.invoke(Unknown Source)&#13;
	at sun.reflect.DelegatingMethodAccessorImpl.invoke(Unknown Source)&#13;
	at java.lang.reflect.Method.invoke(Unknown Source)&#13;
	at cucumber.runtime.Utils$1.call(Utils.java:44)&#13;
	at cucumber.runtime.Timeout.timeout(Timeout.java:12)&#13;
	at cucumber.runtime.Utils.invoke(Utils.java:40)&#13;
	at cucumber.runtime.java.JavaStepDefinition.execute(JavaStepDefinition.java:35)&#13;
	at cucumber.runtime.StepDefinitionMatch.runStep(StepDefinitionMatch.java:38)&#13;
	at cucumber.runtime.Runtime.runStep(Runtime.java:268)&#13;
	at cucumber.runtime.model.StepContainer.runStep(StepContainer.java:45)&#13;
	at cucumber.runtime.model.StepContainer.runSteps(StepContainer.java:40)&#13;
	at cucumber.runtime.model.CucumberScenario.run(CucumberScenario.java:36)&#13;
	at cucumber.runtime.junit.ExecutionUnitRunner.run(ExecutionUnitRunner.java:83)&#13;
	at org.junit.runners.Suite.runChild(Suite.java:127)&#13;
	at org.junit.runners.Suite.runChild(Suite.java:26)&#13;
	at org.junit.runners.ParentRunner$3.run(ParentRunner.java:238)&#13;
	at org.junit.runners.ParentRunner$1.schedule(ParentRunner.java:63)&#13;
	at org.junit.runners.ParentRunner.runChildren(ParentRunner.java:236)&#13;
	at org.junit.runners.ParentRunner.access$000(ParentRunner.java:53)&#13;
	at org.junit.runners.ParentRunner$2.evaluate(ParentRunner.java:229)&#13;
	at org.junit.runners.ParentRunner.run(ParentRunner.java:309)&#13;
	at org.junit.runners.Suite.runChild(Suite.java:127)&#13;
	at org.junit.runners.Suite.runChild(Suite.java:26)&#13;
	at org.junit.runners.ParentRunner$3.run(ParentRunner.java:238)&#13;
	at org.junit.runners.ParentRunner$1.schedule(ParentRunner.java:63)&#13;
	at org.junit.runners.ParentRunner.runChildren(ParentRunner.java:236)&#13;
	at org.junit.runners.ParentRunner.access$000(ParentRunner.java:53)&#13;
	at org.junit.runners.ParentRunner$2.evaluate(ParentRunner.java:229)&#13;
	at org.junit.runners.ParentRunner.run(ParentRunner.java:309)&#13;
	at cucumber.runtime.junit.FeatureRunner.runChild(FeatureRunner.java:63)&#13;
	at cucumber.runtime.junit.FeatureRunner.runChild(FeatureRunner.java:18)&#13;
	at org.junit.runners.ParentRunner$3.run(ParentRunner.java:238)&#13;
	at org.junit.runners.ParentRunner$1.schedule(ParentRunner.java:63)&#13;
	at org.junit.runners.ParentRunner.runChildren(ParentRunner.java:236)&#13;
	at org.junit.runners.ParentRunner.access$000(ParentRunner.java:53)&#13;
	at org.junit.runners.ParentRunner$2.evaluate(ParentRunner.java:229)&#13;
	at org.junit.runners.ParentRunner.run(ParentRunner.java:309)&#13;
	at cucumber.runtime.junit.FeatureRunner.run(FeatureRunner.java:70)&#13;
	at cucumber.api.junit.Cucumber.runChild(Cucumber.java:77)&#13;
	at cucumber.api.junit.Cucumber.runChild(Cucumber.java:37)&#13;
	at org.junit.runners.ParentRunner$3.run(ParentRunner.java:238)&#13;
	at org.junit.runners.ParentRunner$1.schedule(ParentRunner.java:63)&#13;
	at org.junit.runners.ParentRunner.runChildren(ParentRunner.java:236)&#13;
	at org.junit.runners.ParentRunner.access$000(ParentRunner.java:53)&#13;
	at org.junit.runners.ParentRunner$2.evaluate(ParentRunner.java:229)&#13;
	at org.junit.runners.ParentRunner.run(ParentRunner.java:309)&#13;
	at cucumber.api.junit.Cucumber.run(Cucumber.java:82)&#13;
	at org.eclipse.jdt.internal.junit4.runner.JUnit4TestReference.run(JUnit4TestReference.java:50)&#13;
	at org.eclipse.jdt.internal.junit.runner.TestExecution.run(TestExecution.java:38)&#13;
	at org.eclipse.jdt.internal.junit.runner.RemoteTestRunner.runTests(RemoteTestRunner.java:459)&#13;
	at org.eclipse.jdt.internal.junit.runner.RemoteTestRunner.runTests(RemoteTestRunner.java:675)&#13;
	at org.eclipse.jdt.internal.junit.runner.RemoteTestRunner.run(RemoteTestRunner.java:382)&#13;
	at org.eclipse.jdt.internal.junit.runner.RemoteTestRunner.main(RemoteTestRunner.java:192)&#13;
&#13;
</error>
            <testcase name="Given I navigate to mifos" classname="| 534-RBI-EPP-DB-SAR-REC-NON-RNI-CTPD-DL-MD-TR-1-EarlyRePayment-Loanproduct.xlsx |" incomplete="true"/>
            <testcase name="And I login into mifos site using &quot;Login&quot; excel sheet" classname="| 534-RBI-EPP-DB-SAR-REC-NON-RNI-CTPD-DL-MD-TR-1-EarlyRePayment-Loanproduct.xlsx |" incomplete="true"/>
            <testcase name="Then I should see logged in successfully" classname="| 534-RBI-EPP-DB-SAR-REC-NON-RNI-CTPD-DL-MD-TR-1-EarlyRePayment-Loanproduct.xlsx |" incomplete="true"/>
            <testcase name="Given I setup the product loan &quot;Setup&quot;" classname="| 534-RBI-EPP-DB-SAR-REC-NON-RNI-CTPD-DL-MD-TR-1-EarlyRePayment-Loanproduct.xlsx |" time="3.235"/>
            <testcase name="Then I entered the values into product loan from &quot;ProductLoanInput&quot; Sheet" classname="| 534-RBI-EPP-DB-SAR-REC-NON-RNI-CTPD-DL-MD-TR-1-EarlyRePayment-Loanproduct.xlsx |" time="121.627"/>
            <testcase name="Then I should see product loan created successfully&#9;from &quot;ProductLoanOutput&quot; Sheet" classname="| 534-RBI-EPP-DB-SAR-REC-NON-RNI-CTPD-DL-MD-TR-1-EarlyRePayment-Loanproduct.xlsx |" time="0.0">
              <error>org.openqa.selenium.TimeoutException: Timed out after 100 seconds waiting for visibility of element located by By.selector: legend.ng-binding
Build info: version: '2.29.1', revision: 'dfb1306b85be4934d23c123122e06e602a15e446', time: '2013-01-22 12:58:05'
System info: os.name: 'Windows 8.1', os.arch: 'amd64', os.version: '6.3', java.version: '1.7.0_60'
Driver info: driver.version: unknown&#13;
	at org.openqa.selenium.support.ui.FluentWait.timeoutException(FluentWait.java:259)&#13;
	at org.openqa.selenium.support.ui.FluentWait.until(FluentWait.java:228)&#13;
	at com.mifos.pages.MifosWebPage.waitForElementToBeVisible(MifosWebPage.java:239)&#13;
	at com.mifos.pages.MifosWebPage.getElement(MifosWebPage.java:916)&#13;
	at com.mifos.pages.MifosWebPage.getElement(MifosWebPage.java:901)&#13;
	at com.mifos.pages.MifosWebPage.getText(MifosWebPage.java:1204)&#13;
	at com.mifos.pages.MifosWebPage.validateSame(MifosWebPage.java:1237)&#13;
	at com.mifos.pages.MifosWebPage.verifySuccessMessage(MifosWebPage.java:1228)&#13;
	at com.mifos.pages.FrontPage.verifyProduct(FrontPage.java:349)&#13;
	at com.mifos.steps.LoanProductSteps.I_should_see_product_loan_created_successfully_from_Sheet(LoanProductSteps.java:37)&#13;
	at ✽.Then I should see product loan created successfully	from "ProductLoanOutput" Sheet(src\test\resources\features\Test.feature:15)&#13;
Caused by: org.openqa.selenium.NoSuchElementException: no such element
  (Session info: chrome=44.0.2403.125)
  (Driver info: chromedriver=2.14.313457 (3d645c400edf2e2c500566c9aa096063e707c9cf),platform=Windows NT 6.3 x86_64) (WARNING: The server did not provide any stacktrace information)
Command duration or timeout: 30.04 seconds
For documentation on this error, please visit: http://seleniumhq.org/exceptions/no_such_element.html
Build info: version: '2.29.1', revision: 'dfb1306b85be4934d23c123122e06e602a15e446', time: '2013-01-22 12:58:05'
System info: os.name: 'Windows 8.1', os.arch: 'amd64', os.version: '6.3', java.version: '1.7.0_60'
Session ID: 4fa2aabb48fb1d2e674ef0ee03e5df83
Driver info: org.openqa.selenium.chrome.ChromeDriver
Capabilities [{platform=XP, acceptSslCerts=true, javascriptEnabled=true, browserName=chrome, chrome={userDataDir=C:\Users\30\AppData\Local\Temp\scoped_dir4664_30013}, rotatable=false, locationContextEnabled=true, mobileEmulationEnabled=false, version=44.0.2403.125, takesHeapSnapshot=true, cssSelectorsEnabled=true, databaseEnabled=false, handlesAlerts=true, browserConnectionEnabled=false, webStorageEnabled=true, nativeEvents=true, applicationCacheEnabled=false, takesScreenshot=true}]&#13;
	at sun.reflect.GeneratedConstructorAccessor34.newInstance(Unknown Source)&#13;
	at sun.reflect.DelegatingConstructorAccessorImpl.newInstance(Unknown Source)&#13;
	at java.lang.reflect.Constructor.newInstance(Unknown Source)&#13;
	at org.openqa.selenium.remote.ErrorHandler.createThrowable(ErrorHandler.java:187)&#13;
	at org.openqa.selenium.remote.ErrorHandler.throwIfResponseFailed(ErrorHandler.java:145)&#13;
	at org.openqa.selenium.remote.RemoteWebDriver.execute(RemoteWebDriver.java:554)&#13;
	at org.openqa.selenium.remote.RemoteWebDriver.findElement(RemoteWebDriver.java:307)&#13;
	at org.openqa.selenium.remote.RemoteWebDriver.findElementByCssSelector(RemoteWebDriver.java:396)&#13;
	at org.openqa.selenium.By$ByCssSelector.findElement(By.java:406)&#13;
	at org.openqa.selenium.remote.RemoteWebDriver.findElement(RemoteWebDriver.java:299)&#13;
	at sun.reflect.GeneratedMethodAccessor6.invoke(Unknown Source)&#13;
	at sun.reflect.DelegatingMethodAccessorImpl.invoke(Unknown Source)&#13;
	at java.lang.reflect.Method.invoke(Unknown Source)&#13;
	at org.openqa.selenium.support.events.EventFiringWebDriver$2.invoke(EventFiringWebDriver.java:101)&#13;
	at com.sun.proxy.$Proxy15.findElement(Unknown Source)&#13;
	at org.openqa.selenium.support.events.EventFiringWebDriver.findElement(EventFiringWebDriver.java:180)&#13;
	at org.openqa.selenium.support.ui.ExpectedConditions.findElement(ExpectedConditions.java:523)&#13;
	at org.openqa.selenium.support.ui.ExpectedConditions.access$000(ExpectedConditions.java:39)&#13;
	at org.openqa.selenium.support.ui.ExpectedConditions$4.apply(ExpectedConditions.java:130)&#13;
	at org.openqa.selenium.support.ui.ExpectedConditions$4.apply(ExpectedConditions.java:126)&#13;
	at org.openqa.selenium.support.ui.FluentWait.until(FluentWait.java:208)&#13;
	at com.mifos.pages.MifosWebPage.waitForElementToBeVisible(MifosWebPage.java:239)&#13;
	at com.mifos.pages.MifosWebPage.getElement(MifosWebPage.java:916)&#13;
	at com.mifos.pages.MifosWebPage.getElement(MifosWebPage.java:901)&#13;
	at com.mifos.pages.MifosWebPage.getText(MifosWebPage.java:1204)&#13;
	at com.mifos.pages.MifosWebPage.validateSame(MifosWebPage.java:1237)&#13;
	at com.mifos.pages.MifosWebPage.verifySuccessMessage(MifosWebPage.java:1228)&#13;
	at com.mifos.pages.FrontPage.verifyProduct(FrontPage.java:349)&#13;
	at com.mifos.steps.LoanProductSteps.I_should_see_product_loan_created_successfully_from_Sheet(LoanProductSteps.java:37)&#13;
	at sun.reflect.NativeMethodAccessorImpl.invoke0(Native Method)&#13;
	at sun.reflect.NativeMethodAccessorImpl.invoke(Unknown Source)&#13;
	at sun.reflect.DelegatingMethodAccessorImpl.invoke(Unknown Source)&#13;
	at java.lang.reflect.Method.invoke(Unknown Source)&#13;
	at cucumber.runtime.Utils$1.call(Utils.java:44)&#13;
	at cucumber.runtime.Timeout.timeout(Timeout.java:12)&#13;
	at cucumber.runtime.Utils.invoke(Utils.java:40)&#13;
	at cucumber.runtime.java.JavaStepDefinition.execute(JavaStepDefinition.java:35)&#13;
	at cucumber.runtime.StepDefinitionMatch.runStep(StepDefinitionMatch.java:38)&#13;
	at cucumber.runtime.Runtime.runStep(Runtime.java:268)&#13;
	at cucumber.runtime.model.StepContainer.runStep(StepContainer.java:45)&#13;
	at cucumber.runtime.model.StepContainer.runSteps(StepContainer.java:40)&#13;
	at cucumber.runtime.model.CucumberScenario.run(CucumberScenario.java:36)&#13;
	at cucumber.runtime.junit.ExecutionUnitRunner.run(ExecutionUnitRunner.java:83)&#13;
	at org.junit.runners.Suite.runChild(Suite.java:127)&#13;
	at org.junit.runners.Suite.runChild(Suite.java:26)&#13;
	at org.junit.runners.ParentRunner$3.run(ParentRunner.java:238)&#13;
	at org.junit.runners.ParentRunner$1.schedule(ParentRunner.java:63)&#13;
	at org.junit.runners.ParentRunner.runChildren(ParentRunner.java:236)&#13;
	at org.junit.runners.ParentRunner.access$000(ParentRunner.java:53)&#13;
	at org.junit.runners.ParentRunner$2.evaluate(ParentRunner.java:229)&#13;
	at org.junit.runners.ParentRunner.run(ParentRunner.java:309)&#13;
	at org.junit.runners.Suite.runChild(Suite.java:127)&#13;
	at org.junit.runners.Suite.runChild(Suite.java:26)&#13;
	at org.junit.runners.ParentRunner$3.run(ParentRunner.java:238)&#13;
	at org.junit.runners.ParentRunner$1.schedule(ParentRunner.java:63)&#13;
	at org.junit.runners.ParentRunner.runChildren(ParentRunner.java:236)&#13;
	at org.junit.runners.ParentRunner.access$000(ParentRunner.java:53)&#13;
	at org.junit.runners.ParentRunner$2.evaluate(ParentRunner.java:229)&#13;
	at org.junit.runners.ParentRunner.run(ParentRunner.java:309)&#13;
	at cucumber.runtime.junit.FeatureRunner.runChild(FeatureRunner.java:63)&#13;
	at cucumber.runtime.junit.FeatureRunner.runChild(FeatureRunner.java:18)&#13;
	at org.junit.runners.ParentRunner$3.run(ParentRunner.java:238)&#13;
	at org.junit.runners.ParentRunner$1.schedule(ParentRunner.java:63)&#13;
	at org.junit.runners.ParentRunner.runChildren(ParentRunner.java:236)&#13;
	at org.junit.runners.ParentRunner.access$000(ParentRunner.java:53)&#13;
	at org.junit.runners.ParentRunner$2.evaluate(ParentRunner.java:229)&#13;
	at org.junit.runners.ParentRunner.run(ParentRunner.java:309)&#13;
	at cucumber.runtime.junit.FeatureRunner.run(FeatureRunner.java:70)&#13;
	at cucumber.api.junit.Cucumber.runChild(Cucumber.java:77)&#13;
	at cucumber.api.junit.Cucumber.runChild(Cucumber.java:37)&#13;
	at org.junit.runners.ParentRunner$3.run(ParentRunner.java:238)&#13;
	at org.junit.runners.ParentRunner$1.schedule(ParentRunner.java:63)&#13;
	at org.junit.runners.ParentRunner.runChildren(ParentRunner.java:236)&#13;
	at org.junit.runners.ParentRunner.access$000(ParentRunner.java:53)&#13;
	at org.junit.runners.ParentRunner$2.evaluate(ParentRunner.java:229)&#13;
	at org.junit.runners.ParentRunner.run(ParentRunner.java:309)&#13;
	at cucumber.api.junit.Cucumber.run(Cucumber.java:82)&#13;
	at org.eclipse.jdt.internal.junit4.runner.JUnit4TestReference.run(JUnit4TestReference.java:50)&#13;
	at org.eclipse.jdt.internal.junit.runner.TestExecution.run(TestExecution.java:38)&#13;
	at org.eclipse.jdt.internal.junit.runner.RemoteTestRunner.runTests(RemoteTestRunner.java:459)&#13;
	at org.eclipse.jdt.internal.junit.runner.RemoteTestRunner.runTests(RemoteTestRunner.java:675)&#13;
	at org.eclipse.jdt.internal.junit.runner.RemoteTestRunner.run(RemoteTestRunner.java:382)&#13;
	at org.eclipse.jdt.internal.junit.runner.RemoteTestRunner.main(RemoteTestRunner.java:192)&#13;
&#13;
</error>
            </testcase>
          </testsuite>
          <testsuite name="| 535-RBI-EPP-DB-SAR-REC-NON-RNI-CTRFD-SAR-MD-TR-1-EarlyRePayment-Loanproduct.xlsx |">
            <testcase name="Given I navigate to mifos" classname="| 535-RBI-EPP-DB-SAR-REC-NON-RNI-CTRFD-SAR-MD-TR-1-EarlyRePayment-Loanproduct.xlsx |" incomplete="true"/>
            <testcase name="And I login into mifos site using &quot;Login&quot; excel sheet" classname="| 535-RBI-EPP-DB-SAR-REC-NON-RNI-CTRFD-SAR-MD-TR-1-EarlyRePayment-Loanproduct.xlsx |" incomplete="true"/>
            <testcase name="Then I should see logged in successfully" classname="| 535-RBI-EPP-DB-SAR-REC-NON-RNI-CTRFD-SAR-MD-TR-1-EarlyRePayment-Loanproduct.xlsx |" incomplete="true"/>
            <testcase name="Given I setup the product loan &quot;Setup&quot;" classname="| 535-RBI-EPP-DB-SAR-REC-NON-RNI-CTRFD-SAR-MD-TR-1-EarlyRePayment-Loanproduct.xlsx |" time="53.137"/>
            <testcase name="Then I entered the values into product loan from &quot;ProductLoanInput&quot; Sheet" classname="| 535-RBI-EPP-DB-SAR-REC-NON-RNI-CTRFD-SAR-MD-TR-1-EarlyRePayment-Loanproduct.xlsx |" time="0.093"/>
            <testcase name="Then I should see product loan created successfully&#9;from &quot;ProductLoanOutput&quot; Sheet" classname="| 535-RBI-EPP-DB-SAR-REC-NON-RNI-CTRFD-SAR-MD-TR-1-EarlyRePayment-Loanproduct.xlsx |" time="1.52"/>
          </testsuite>
          <testsuite name="| 536-RBI-EPP-DB-SAR-REC-NON-RNI-CTRFD-DL-MD-TR-1-EarlyRePayment-Loanproduct.xlsx |">
            <testcase name="Given I navigate to mifos" classname="| 536-RBI-EPP-DB-SAR-REC-NON-RNI-CTRFD-DL-MD-TR-1-EarlyRePayment-Loanproduct.xlsx |" incomplete="true"/>
            <testcase name="And I login into mifos site using &quot;Login&quot; excel sheet" classname="| 536-RBI-EPP-DB-SAR-REC-NON-RNI-CTRFD-DL-MD-TR-1-EarlyRePayment-Loanproduct.xlsx |" incomplete="true"/>
            <testcase name="Then I should see logged in successfully" classname="| 536-RBI-EPP-DB-SAR-REC-NON-RNI-CTRFD-DL-MD-TR-1-EarlyRePayment-Loanproduct.xlsx |" incomplete="true"/>
            <testcase name="Given I setup the product loan &quot;Setup&quot;" classname="| 536-RBI-EPP-DB-SAR-REC-NON-RNI-CTRFD-DL-MD-TR-1-EarlyRePayment-Loanproduct.xlsx |" time="57.002"/>
            <testcase name="Then I entered the values into product loan from &quot;ProductLoanInput&quot; Sheet" classname="| 536-RBI-EPP-DB-SAR-REC-NON-RNI-CTRFD-DL-MD-TR-1-EarlyRePayment-Loanproduct.xlsx |" time="0.098"/>
            <testcase name="Then I should see product loan created successfully&#9;from &quot;ProductLoanOutput&quot; Sheet" classname="| 536-RBI-EPP-DB-SAR-REC-NON-RNI-CTRFD-DL-MD-TR-1-EarlyRePayment-Loanproduct.xlsx |" time="1.533"/>
          </testsuite>
        </testsuite>
      </testsuite>
      <testsuite name="Scenario: Loan-389-RBI-EI-DB-DL-REC-NON-RNI-CTPD-SAR-MD-TR-1-EarlyRePayment">
        <testcase name="Given I navigate to mifos" classname="Scenario: Loan-389-RBI-EI-DB-DL-REC-NON-RNI-CTPD-SAR-MD-TR-1-EarlyRePayment" incomplete="true"/>
        <testcase name="And I login into mifos site using &quot;Login&quot; excel sheet" classname="Scenario: Loan-389-RBI-EI-DB-DL-REC-NON-RNI-CTPD-SAR-MD-TR-1-EarlyRePayment" incomplete="true"/>
        <testcase name="Then I should see logged in successfully" classname="Scenario: Loan-389-RBI-EI-DB-DL-REC-NON-RNI-CTPD-SAR-MD-TR-1-EarlyRePayment" incomplete="true"/>
        <testcase name="Given I setup the clients" classname="Scenario: Loan-389-RBI-EI-DB-DL-REC-NON-RNI-CTPD-SAR-MD-TR-1-EarlyRePayment" time="10.262"/>
        <testcase name="Then I entered the values into client from &quot;Input&quot; sheet" classname="Scenario: Loan-389-RBI-EI-DB-DL-REC-NON-RNI-CTPD-SAR-MD-TR-1-EarlyRePayment" time="0.082"/>
        <testcase name="Then I should see client created successfully from &quot;Output&quot; sheet" classname="Scenario: Loan-389-RBI-EI-DB-DL-REC-NON-RNI-CTPD-SAR-MD-TR-1-EarlyRePayment" time="13.254"/>
        <testcase name="When I set up the new create loan from &quot;NewLoanInput&quot; sheet" classname="Scenario: Loan-389-RBI-EI-DB-DL-REC-NON-RNI-CTPD-SAR-MD-TR-1-EarlyRePayment" time="6.219"/>
        <testcase name="Then I verified the &quot;Summary&quot; details successfully" classname="Scenario: Loan-389-RBI-EI-DB-DL-REC-NON-RNI-CTPD-SAR-MD-TR-1-EarlyRePayment" time="16.404"/>
        <testcase name="And I verified the &quot;Repayment Schedule&quot; details successfully" classname="Scenario: Loan-389-RBI-EI-DB-DL-REC-NON-RNI-CTPD-SAR-MD-TR-1-EarlyRePayment" time="33.462"/>
        <testcase name="Then I make repayment and verified the following tabs" classname="Scenario: Loan-389-RBI-EI-DB-DL-REC-NON-RNI-CTPD-SAR-MD-TR-1-EarlyRePayment" time="1.637"/>
      </testsuite>
      <testsuite name="Scenario: Loan-390-RBI-EI-DB-DL-REC-NON-RNI-CTPD-DL-MD-TR-1-EarlyRePayment">
        <testcase name="Given I navigate to mifos" classname="Scenario: Loan-390-RBI-EI-DB-DL-REC-NON-RNI-CTPD-DL-MD-TR-1-EarlyRePayment" incomplete="true"/>
        <testcase name="And I login into mifos site using &quot;Login&quot; excel sheet" classname="Scenario: Loan-390-RBI-EI-DB-DL-REC-NON-RNI-CTPD-DL-MD-TR-1-EarlyRePayment" incomplete="true"/>
        <testcase name="Then I should see logged in successfully" classname="Scenario: Loan-390-RBI-EI-DB-DL-REC-NON-RNI-CTPD-DL-MD-TR-1-EarlyRePayment" incomplete="true"/>
        <testcase name="Given I setup the clients" classname="Scenario: Loan-390-RBI-EI-DB-DL-REC-NON-RNI-CTPD-DL-MD-TR-1-EarlyRePayment" time="10.796"/>
        <testcase name="Then I entered the values into client from &quot;Input&quot; sheet" classname="Scenario: Loan-390-RBI-EI-DB-DL-REC-NON-RNI-CTPD-DL-MD-TR-1-EarlyRePayment" time="0.091"/>
        <testcase name="Then I should see client created successfully from &quot;Output&quot; sheet" classname="Scenario: Loan-390-RBI-EI-DB-DL-REC-NON-RNI-CTPD-DL-MD-TR-1-EarlyRePayment" time="14.213"/>
        <testcase name="When I set up the new create loan from &quot;NewLoanInput&quot; sheet" classname="Scenario: Loan-390-RBI-EI-DB-DL-REC-NON-RNI-CTPD-DL-MD-TR-1-EarlyRePayment" time="6.211"/>
        <testcase name="Then I verified the &quot;Summary&quot; details successfully" classname="Scenario: Loan-390-RBI-EI-DB-DL-REC-NON-RNI-CTPD-DL-MD-TR-1-EarlyRePayment" time="13.159"/>
        <testcase name="And I verified the &quot;Repayment Schedule&quot; details successfully" classname="Scenario: Loan-390-RBI-EI-DB-DL-REC-NON-RNI-CTPD-DL-MD-TR-1-EarlyRePayment" time="33.481"/>
        <testcase name="Then I make repayment and verified the following tabs" classname="Scenario: Loan-390-RBI-EI-DB-DL-REC-NON-RNI-CTPD-DL-MD-TR-1-EarlyRePayment" time="1.605"/>
      </testsuite>
      <testsuite name="Scenario: Loan-391-RBI-EI-DB-DL-REC-NON-RNI-CTRFD-SAR-MD-TR-1-EarlyRePayment" incomplete="true">
        <error>org.openqa.selenium.NoSuchElementException: no such element
  (Session info: chrome=44.0.2403.125)
  (Driver info: chromedriver=2.14.313457 (3d645c400edf2e2c500566c9aa096063e707c9cf),platform=Windows NT 6.3 x86_64) (WARNING: The server did not provide any stacktrace information)
Command duration or timeout: 30.06 seconds
For documentation on this error, please visit: http://seleniumhq.org/exceptions/no_such_element.html
Build info: version: '2.29.1', revision: 'dfb1306b85be4934d23c123122e06e602a15e446', time: '2013-01-22 12:58:05'
System info: os.name: 'Windows 8.1', os.arch: 'amd64', os.version: '6.3', java.version: '1.7.0_60'
Session ID: bbb8572ca60031158be7a3708082aebc
Driver info: org.openqa.selenium.chrome.ChromeDriver
Capabilities [{platform=XP, acceptSslCerts=true, javascriptEnabled=true, browserName=chrome, chrome={userDataDir=C:\Users\30\AppData\Local\Temp\scoped_dir15304_32623}, rotatable=false, locationContextEnabled=true, mobileEmulationEnabled=false, version=44.0.2403.125, takesHeapSnapshot=true, cssSelectorsEnabled=true, databaseEnabled=false, handlesAlerts=true, browserConnectionEnabled=false, webStorageEnabled=true, nativeEvents=true, applicationCacheEnabled=false, takesScreenshot=true}]&#13;
	at sun.reflect.GeneratedConstructorAccessor34.newInstance(Unknown Source)&#13;
	at sun.reflect.DelegatingConstructorAccessorImpl.newInstance(Unknown Source)&#13;
	at java.lang.reflect.Constructor.newInstance(Unknown Source)&#13;
	at org.openqa.selenium.remote.ErrorHandler.createThrowable(ErrorHandler.java:187)&#13;
	at org.openqa.selenium.remote.ErrorHandler.throwIfResponseFailed(ErrorHandler.java:145)&#13;
	at org.openqa.selenium.remote.RemoteWebDriver.execute(RemoteWebDriver.java:554)&#13;
	at org.openqa.selenium.remote.RemoteWebDriver.findElement(RemoteWebDriver.java:307)&#13;
	at org.openqa.selenium.remote.RemoteWebDriver.findElementByXPath(RemoteWebDriver.java:404)&#13;
	at org.openqa.selenium.By$ByXPath.findElement(By.java:344)&#13;
	at org.openqa.selenium.remote.RemoteWebDriver.findElement(RemoteWebDriver.java:299)&#13;
	at sun.reflect.GeneratedMethodAccessor6.invoke(Unknown Source)&#13;
	at sun.reflect.DelegatingMethodAccessorImpl.invoke(Unknown Source)&#13;
	at java.lang.reflect.Method.invoke(Unknown Source)&#13;
	at org.openqa.selenium.support.events.EventFiringWebDriver$2.invoke(EventFiringWebDriver.java:101)&#13;
	at com.sun.proxy.$Proxy15.findElement(Unknown Source)&#13;
	at org.openqa.selenium.support.events.EventFiringWebDriver.findElement(EventFiringWebDriver.java:180)&#13;
	at com.mifos.pages.FrontPage.verifyLoanTabData(FrontPage.java:403)&#13;
	at com.mifos.steps.ClientSteps.I_verified_the_details_successfully(ClientSteps.java:52)&#13;
	at ✽.Then I verified the "Summary" details successfully(src\test\resources\features\Test.feature:81)&#13;
&#13;
</error>
        <testcase name="Given I navigate to mifos" classname="Scenario: Loan-391-RBI-EI-DB-DL-REC-NON-RNI-CTRFD-SAR-MD-TR-1-EarlyRePayment" incomplete="true"/>
        <testcase name="And I login into mifos site using &quot;Login&quot; excel sheet" classname="Scenario: Loan-391-RBI-EI-DB-DL-REC-NON-RNI-CTRFD-SAR-MD-TR-1-EarlyRePayment" incomplete="true"/>
        <testcase name="Then I should see logged in successfully" classname="Scenario: Loan-391-RBI-EI-DB-DL-REC-NON-RNI-CTRFD-SAR-MD-TR-1-EarlyRePayment" incomplete="true"/>
        <testcase name="Given I setup the clients" classname="Scenario: Loan-391-RBI-EI-DB-DL-REC-NON-RNI-CTRFD-SAR-MD-TR-1-EarlyRePayment" time="10.572"/>
        <testcase name="Then I entered the values into client from &quot;Input&quot; sheet" classname="Scenario: Loan-391-RBI-EI-DB-DL-REC-NON-RNI-CTRFD-SAR-MD-TR-1-EarlyRePayment" time="0.077"/>
        <testcase name="Then I should see client created successfully from &quot;Output&quot; sheet" classname="Scenario: Loan-391-RBI-EI-DB-DL-REC-NON-RNI-CTRFD-SAR-MD-TR-1-EarlyRePayment" time="1468.671"/>
        <testcase name="When I set up the new create loan from &quot;NewLoanInput&quot; sheet" classname="Scenario: Loan-391-RBI-EI-DB-DL-REC-NON-RNI-CTRFD-SAR-MD-TR-1-EarlyRePayment" time="30.08"/>
        <testcase name="Then I verified the &quot;Summary&quot; details successfully" classname="Scenario: Loan-391-RBI-EI-DB-DL-REC-NON-RNI-CTRFD-SAR-MD-TR-1-EarlyRePayment" time="0.0">
          <error>org.openqa.selenium.NoSuchElementException: no such element
  (Session info: chrome=44.0.2403.125)
  (Driver info: chromedriver=2.14.313457 (3d645c400edf2e2c500566c9aa096063e707c9cf),platform=Windows NT 6.3 x86_64) (WARNING: The server did not provide any stacktrace information)
Command duration or timeout: 30.06 seconds
For documentation on this error, please visit: http://seleniumhq.org/exceptions/no_such_element.html
Build info: version: '2.29.1', revision: 'dfb1306b85be4934d23c123122e06e602a15e446', time: '2013-01-22 12:58:05'
System info: os.name: 'Windows 8.1', os.arch: 'amd64', os.version: '6.3', java.version: '1.7.0_60'
Session ID: bbb8572ca60031158be7a3708082aebc
Driver info: org.openqa.selenium.chrome.ChromeDriver
Capabilities [{platform=XP, acceptSslCerts=true, javascriptEnabled=true, browserName=chrome, chrome={userDataDir=C:\Users\30\AppData\Local\Temp\scoped_dir15304_32623}, rotatable=false, locationContextEnabled=true, mobileEmulationEnabled=false, version=44.0.2403.125, takesHeapSnapshot=true, cssSelectorsEnabled=true, databaseEnabled=false, handlesAlerts=true, browserConnectionEnabled=false, webStorageEnabled=true, nativeEvents=true, applicationCacheEnabled=false, takesScreenshot=true}]&#13;
	at sun.reflect.GeneratedConstructorAccessor34.newInstance(Unknown Source)&#13;
	at sun.reflect.DelegatingConstructorAccessorImpl.newInstance(Unknown Source)&#13;
	at java.lang.reflect.Constructor.newInstance(Unknown Source)&#13;
	at org.openqa.selenium.remote.ErrorHandler.createThrowable(ErrorHandler.java:187)&#13;
	at org.openqa.selenium.remote.ErrorHandler.throwIfResponseFailed(ErrorHandler.java:145)&#13;
	at org.openqa.selenium.remote.RemoteWebDriver.execute(RemoteWebDriver.java:554)&#13;
	at org.openqa.selenium.remote.RemoteWebDriver.findElement(RemoteWebDriver.java:307)&#13;
	at org.openqa.selenium.remote.RemoteWebDriver.findElementByXPath(RemoteWebDriver.java:404)&#13;
	at org.openqa.selenium.By$ByXPath.findElement(By.java:344)&#13;
	at org.openqa.selenium.remote.RemoteWebDriver.findElement(RemoteWebDriver.java:299)&#13;
	at sun.reflect.GeneratedMethodAccessor6.invoke(Unknown Source)&#13;
	at sun.reflect.DelegatingMethodAccessorImpl.invoke(Unknown Source)&#13;
	at java.lang.reflect.Method.invoke(Unknown Source)&#13;
	at org.openqa.selenium.support.events.EventFiringWebDriver$2.invoke(EventFiringWebDriver.java:101)&#13;
	at com.sun.proxy.$Proxy15.findElement(Unknown Source)&#13;
	at org.openqa.selenium.support.events.EventFiringWebDriver.findElement(EventFiringWebDriver.java:180)&#13;
	at com.mifos.pages.FrontPage.verifyLoanTabData(FrontPage.java:403)&#13;
	at com.mifos.steps.ClientSteps.I_verified_the_details_successfully(ClientSteps.java:52)&#13;
	at ✽.Then I verified the "Summary" details successfully(src\test\resources\features\Test.feature:81)&#13;
&#13;
</error>
        </testcase>
        <testcase name="And I verified the &quot;Repayment Schedule&quot; details successfully" classname="Scenario: Loan-391-RBI-EI-DB-DL-REC-NON-RNI-CTRFD-SAR-MD-TR-1-EarlyRePayment" time="0.001" ignored="true"/>
        <testcase name="Then I make repayment and verified the following tabs" classname="Scenario: Loan-391-RBI-EI-DB-DL-REC-NON-RNI-CTRFD-SAR-MD-TR-1-EarlyRePayment" time="2.233" ignored="true"/>
      </testsuite>
      <testsuite name="Scenario: Loan-392-RBI-EI-DB-DL-REC-NON-RNI-CTRFD-DL-MD-TR-1-EarlyRePayment">
        <testcase name="Given I navigate to mifos" classname="Scenario: Loan-392-RBI-EI-DB-DL-REC-NON-RNI-CTRFD-DL-MD-TR-1-EarlyRePayment" incomplete="true"/>
        <testcase name="And I login into mifos site using &quot;Login&quot; excel sheet" classname="Scenario: Loan-392-RBI-EI-DB-DL-REC-NON-RNI-CTRFD-DL-MD-TR-1-EarlyRePayment" incomplete="true"/>
        <testcase name="Then I should see logged in successfully" classname="Scenario: Loan-392-RBI-EI-DB-DL-REC-NON-RNI-CTRFD-DL-MD-TR-1-EarlyRePayment" incomplete="true"/>
        <testcase name="Given I setup the clients" classname="Scenario: Loan-392-RBI-EI-DB-DL-REC-NON-RNI-CTRFD-DL-MD-TR-1-EarlyRePayment" time="10.758"/>
        <testcase name="Then I entered the values into client from &quot;Input&quot; sheet" classname="Scenario: Loan-392-RBI-EI-DB-DL-REC-NON-RNI-CTRFD-DL-MD-TR-1-EarlyRePayment" time="0.078"/>
        <testcase name="Then I should see client created successfully from &quot;Output&quot; sheet" classname="Scenario: Loan-392-RBI-EI-DB-DL-REC-NON-RNI-CTRFD-DL-MD-TR-1-EarlyRePayment" time="13.97"/>
        <testcase name="When I set up the new create loan from &quot;NewLoanInput&quot; sheet" classname="Scenario: Loan-392-RBI-EI-DB-DL-REC-NON-RNI-CTRFD-DL-MD-TR-1-EarlyRePayment" time="6.264"/>
        <testcase name="Then I verified the &quot;Summary&quot; details successfully" classname="Scenario: Loan-392-RBI-EI-DB-DL-REC-NON-RNI-CTRFD-DL-MD-TR-1-EarlyRePayment" time="12.862"/>
        <testcase name="And I verified the &quot;Repayment Schedule&quot; details successfully" classname="Scenario: Loan-392-RBI-EI-DB-DL-REC-NON-RNI-CTRFD-DL-MD-TR-1-EarlyRePayment" time="33.617"/>
        <testcase name="Then I make repayment and verified the following tabs" classname="Scenario: Loan-392-RBI-EI-DB-DL-REC-NON-RNI-CTRFD-DL-MD-TR-1-EarlyRePayment" time="1.553"/>
      </testsuite>
      <testsuite name="Scenario: Loan-437-RBI-EI-DB-SAR-REC-NON-RNI-CTPD-SAR-MD-TR-1-EarlyRepayment">
        <testcase name="Given I navigate to mifos" classname="Scenario: Loan-437-RBI-EI-DB-SAR-REC-NON-RNI-CTPD-SAR-MD-TR-1-EarlyRepayment" incomplete="true"/>
        <testcase name="And I login into mifos site using &quot;Login&quot; excel sheet" classname="Scenario: Loan-437-RBI-EI-DB-SAR-REC-NON-RNI-CTPD-SAR-MD-TR-1-EarlyRepayment" incomplete="true"/>
        <testcase name="Then I should see logged in successfully" classname="Scenario: Loan-437-RBI-EI-DB-SAR-REC-NON-RNI-CTPD-SAR-MD-TR-1-EarlyRepayment" incomplete="true"/>
        <testcase name="Given I setup the clients" classname="Scenario: Loan-437-RBI-EI-DB-SAR-REC-NON-RNI-CTPD-SAR-MD-TR-1-EarlyRepayment" time="10.267"/>
        <testcase name="Then I entered the values into client from &quot;Input&quot; sheet" classname="Scenario: Loan-437-RBI-EI-DB-SAR-REC-NON-RNI-CTPD-SAR-MD-TR-1-EarlyRepayment" time="0.068"/>
        <testcase name="Then I should see client created successfully from &quot;Output&quot; sheet" classname="Scenario: Loan-437-RBI-EI-DB-SAR-REC-NON-RNI-CTPD-SAR-MD-TR-1-EarlyRepayment" time="13.048"/>
        <testcase name="When I set up the new create loan from &quot;NewLoanInput&quot; sheet" classname="Scenario: Loan-437-RBI-EI-DB-SAR-REC-NON-RNI-CTPD-SAR-MD-TR-1-EarlyRepayment" time="6.046"/>
        <testcase name="Then I verified the &quot;Summary&quot; details successfully" classname="Scenario: Loan-437-RBI-EI-DB-SAR-REC-NON-RNI-CTPD-SAR-MD-TR-1-EarlyRepayment" time="12.531"/>
        <testcase name="And I verified the &quot;Repayment Schedule&quot; details successfully" classname="Scenario: Loan-437-RBI-EI-DB-SAR-REC-NON-RNI-CTPD-SAR-MD-TR-1-EarlyRepayment" time="34.042"/>
        <testcase name="Then I make repayment and verified the following tabs" classname="Scenario: Loan-437-RBI-EI-DB-SAR-REC-NON-RNI-CTPD-SAR-MD-TR-1-EarlyRepayment" time="1.507"/>
      </testsuite>
      <testsuite name="Scenario: Loan-438-RBI-EI-DB-SAR-REC-NON-RNI-CTPD-DL-MD-TR-1-EarlyRePayment" incomplete="true">
        <error>org.openqa.selenium.NoSuchElementException: no such element
  (Session info: chrome=44.0.2403.125)
  (Driver info: chromedriver=2.14.313457 (3d645c400edf2e2c500566c9aa096063e707c9cf),platform=Windows NT 6.3 x86_64) (WARNING: The server did not provide any stacktrace information)
Command duration or timeout: 30.00 seconds
For documentation on this error, please visit: http://seleniumhq.org/exceptions/no_such_element.html
Build info: version: '2.29.1', revision: 'dfb1306b85be4934d23c123122e06e602a15e446', time: '2013-01-22 12:58:05'
System info: os.name: 'Windows 8.1', os.arch: 'amd64', os.version: '6.3', java.version: '1.7.0_60'
Session ID: 82beebcc49c435d7117e8615bed2992a
Driver info: org.openqa.selenium.chrome.ChromeDriver
Capabilities [{platform=XP, acceptSslCerts=true, javascriptEnabled=true, browserName=chrome, chrome={userDataDir=C:\Users\30\AppData\Local\Temp\scoped_dir14012_22129}, rotatable=false, locationContextEnabled=true, mobileEmulationEnabled=false, version=44.0.2403.125, takesHeapSnapshot=true, cssSelectorsEnabled=true, databaseEnabled=false, handlesAlerts=true, browserConnectionEnabled=false, webStorageEnabled=true, nativeEvents=true, applicationCacheEnabled=false, takesScreenshot=true}]&#13;
	at sun.reflect.GeneratedConstructorAccessor34.newInstance(Unknown Source)&#13;
	at sun.reflect.DelegatingConstructorAccessorImpl.newInstance(Unknown Source)&#13;
	at java.lang.reflect.Constructor.newInstance(Unknown Source)&#13;
	at org.openqa.selenium.remote.ErrorHandler.createThrowable(ErrorHandler.java:187)&#13;
	at org.openqa.selenium.remote.ErrorHandler.throwIfResponseFailed(ErrorHandler.java:145)&#13;
	at org.openqa.selenium.remote.RemoteWebDriver.execute(RemoteWebDriver.java:554)&#13;
	at org.openqa.selenium.remote.RemoteWebDriver.findElement(RemoteWebDriver.java:307)&#13;
	at org.openqa.selenium.remote.RemoteWebDriver.findElementByXPath(RemoteWebDriver.java:404)&#13;
	at org.openqa.selenium.By$ByXPath.findElement(By.java:344)&#13;
	at org.openqa.selenium.remote.RemoteWebDriver.findElement(RemoteWebDriver.java:299)&#13;
	at sun.reflect.GeneratedMethodAccessor6.invoke(Unknown Source)&#13;
	at sun.reflect.DelegatingMethodAccessorImpl.invoke(Unknown Source)&#13;
	at java.lang.reflect.Method.invoke(Unknown Source)&#13;
	at org.openqa.selenium.support.events.EventFiringWebDriver$2.invoke(EventFiringWebDriver.java:101)&#13;
	at com.sun.proxy.$Proxy15.findElement(Unknown Source)&#13;
	at org.openqa.selenium.support.events.EventFiringWebDriver.findElement(EventFiringWebDriver.java:180)&#13;
	at com.mifos.pages.FrontPage.verifyLoanTabData(FrontPage.java:403)&#13;
	at com.mifos.steps.ClientSteps.I_verified_the_details_successfully(ClientSteps.java:52)&#13;
	at ✽.Then I verified the "Summary" details successfully(src\test\resources\features\Test.feature:131)&#13;
&#13;
</error>
        <testcase name="Given I navigate to mifos" classname="Scenario: Loan-438-RBI-EI-DB-SAR-REC-NON-RNI-CTPD-DL-MD-TR-1-EarlyRePayment" incomplete="true"/>
        <testcase name="And I login into mifos site using &quot;Login&quot; excel sheet" classname="Scenario: Loan-438-RBI-EI-DB-SAR-REC-NON-RNI-CTPD-DL-MD-TR-1-EarlyRePayment" incomplete="true"/>
        <testcase name="Then I should see logged in successfully" classname="Scenario: Loan-438-RBI-EI-DB-SAR-REC-NON-RNI-CTPD-DL-MD-TR-1-EarlyRePayment" incomplete="true"/>
        <testcase name="Given I setup the clients" classname="Scenario: Loan-438-RBI-EI-DB-SAR-REC-NON-RNI-CTPD-DL-MD-TR-1-EarlyRePayment" time="10.526"/>
        <testcase name="Then I entered the values into client from &quot;Input&quot; sheet" classname="Scenario: Loan-438-RBI-EI-DB-SAR-REC-NON-RNI-CTPD-DL-MD-TR-1-EarlyRePayment" time="0.08"/>
        <testcase name="Then I should see client created successfully from &quot;Output&quot; sheet" classname="Scenario: Loan-438-RBI-EI-DB-SAR-REC-NON-RNI-CTPD-DL-MD-TR-1-EarlyRePayment" time="1468.045"/>
        <testcase name="When I set up the new create loan from &quot;NewLoanInput&quot; sheet" classname="Scenario: Loan-438-RBI-EI-DB-SAR-REC-NON-RNI-CTPD-DL-MD-TR-1-EarlyRePayment" time="30.02"/>
        <testcase name="Then I verified the &quot;Summary&quot; details successfully" classname="Scenario: Loan-438-RBI-EI-DB-SAR-REC-NON-RNI-CTPD-DL-MD-TR-1-EarlyRePayment" time="0.001">
          <error>org.openqa.selenium.NoSuchElementException: no such element
  (Session info: chrome=44.0.2403.125)
  (Driver info: chromedriver=2.14.313457 (3d645c400edf2e2c500566c9aa096063e707c9cf),platform=Windows NT 6.3 x86_64) (WARNING: The server did not provide any stacktrace information)
Command duration or timeout: 30.00 seconds
For documentation on this error, please visit: http://seleniumhq.org/exceptions/no_such_element.html
Build info: version: '2.29.1', revision: 'dfb1306b85be4934d23c123122e06e602a15e446', time: '2013-01-22 12:58:05'
System info: os.name: 'Windows 8.1', os.arch: 'amd64', os.version: '6.3', java.version: '1.7.0_60'
Session ID: 82beebcc49c435d7117e8615bed2992a
Driver info: org.openqa.selenium.chrome.ChromeDriver
Capabilities [{platform=XP, acceptSslCerts=true, javascriptEnabled=true, browserName=chrome, chrome={userDataDir=C:\Users\30\AppData\Local\Temp\scoped_dir14012_22129}, rotatable=false, locationContextEnabled=true, mobileEmulationEnabled=false, version=44.0.2403.125, takesHeapSnapshot=true, cssSelectorsEnabled=true, databaseEnabled=false, handlesAlerts=true, browserConnectionEnabled=false, webStorageEnabled=true, nativeEvents=true, applicationCacheEnabled=false, takesScreenshot=true}]&#13;
	at sun.reflect.GeneratedConstructorAccessor34.newInstance(Unknown Source)&#13;
	at sun.reflect.DelegatingConstructorAccessorImpl.newInstance(Unknown Source)&#13;
	at java.lang.reflect.Constructor.newInstance(Unknown Source)&#13;
	at org.openqa.selenium.remote.ErrorHandler.createThrowable(ErrorHandler.java:187)&#13;
	at org.openqa.selenium.remote.ErrorHandler.throwIfResponseFailed(ErrorHandler.java:145)&#13;
	at org.openqa.selenium.remote.RemoteWebDriver.execute(RemoteWebDriver.java:554)&#13;
	at org.openqa.selenium.remote.RemoteWebDriver.findElement(RemoteWebDriver.java:307)&#13;
	at org.openqa.selenium.remote.RemoteWebDriver.findElementByXPath(RemoteWebDriver.java:404)&#13;
	at org.openqa.selenium.By$ByXPath.findElement(By.java:344)&#13;
	at org.openqa.selenium.remote.RemoteWebDriver.findElement(RemoteWebDriver.java:299)&#13;
	at sun.reflect.GeneratedMethodAccessor6.invoke(Unknown Source)&#13;
	at sun.reflect.DelegatingMethodAccessorImpl.invoke(Unknown Source)&#13;
	at java.lang.reflect.Method.invoke(Unknown Source)&#13;
	at org.openqa.selenium.support.events.EventFiringWebDriver$2.invoke(EventFiringWebDriver.java:101)&#13;
	at com.sun.proxy.$Proxy15.findElement(Unknown Source)&#13;
	at org.openqa.selenium.support.events.EventFiringWebDriver.findElement(EventFiringWebDriver.java:180)&#13;
	at com.mifos.pages.FrontPage.verifyLoanTabData(FrontPage.java:403)&#13;
	at com.mifos.steps.ClientSteps.I_verified_the_details_successfully(ClientSteps.java:52)&#13;
	at ✽.Then I verified the "Summary" details successfully(src\test\resources\features\Test.feature:131)&#13;
&#13;
</error>
        </testcase>
        <testcase name="And I verified the &quot;Repayment Schedule&quot; details successfully" classname="Scenario: Loan-438-RBI-EI-DB-SAR-REC-NON-RNI-CTPD-DL-MD-TR-1-EarlyRePayment" time="0.001" ignored="true"/>
        <testcase name="Then I make repayment and verified the following tabs" classname="Scenario: Loan-438-RBI-EI-DB-SAR-REC-NON-RNI-CTPD-DL-MD-TR-1-EarlyRePayment" time="2.312" ignored="true"/>
      </testsuite>
      <testsuite name="Scenario: Loan-439-RBI-EI-DB-SAR-REC-NON-RNI-CTRFD-SAR-MD-TR-1-B-EarlyRePayment" incomplete="true">
        <error>org.openqa.selenium.TimeoutException: Timed out after 100 seconds waiting for visibility of element located by By.selector: #expertsearch strong.ng-binding
Build info: version: '2.29.1', revision: 'dfb1306b85be4934d23c123122e06e602a15e446', time: '2013-01-22 12:58:05'
System info: os.name: 'Windows 8.1', os.arch: 'amd64', os.version: '6.3', java.version: '1.7.0_60'
Driver info: driver.version: unknown&#13;
	at org.openqa.selenium.support.ui.FluentWait.timeoutException(FluentWait.java:259)&#13;
	at org.openqa.selenium.support.ui.FluentWait.until(FluentWait.java:228)&#13;
	at com.mifos.pages.MifosWebPage.waitForElementToBeVisible(MifosWebPage.java:239)&#13;
	at com.mifos.pages.MifosWebPage.getElement(MifosWebPage.java:916)&#13;
	at com.mifos.pages.MifosWebPage.getElement(MifosWebPage.java:901)&#13;
	at com.mifos.pages.MifosWebPage.getSingleText(MifosWebPage.java:1242)&#13;
	at com.mifos.pages.MifosWebPage.validateContains(MifosWebPage.java:1254)&#13;
	at com.mifos.pages.MifosWebPage.verifyPartialSuccessMessage(MifosWebPage.java:1233)&#13;
	at com.mifos.steps.LoginSteps.I_should_see_login_successfully(LoginSteps.java:43)&#13;
	at ✽.Then I should see logged in successfully(src\test\resources\features\Test.feature:6)&#13;
Caused by: org.openqa.selenium.NoSuchElementException: no such element
  (Session info: chrome=44.0.2403.125)
  (Driver info: chromedriver=2.14.313457 (3d645c400edf2e2c500566c9aa096063e707c9cf),platform=Windows NT 6.3 x86_64) (WARNING: The server did not provide any stacktrace information)
Command duration or timeout: 30.05 seconds
For documentation on this error, please visit: http://seleniumhq.org/exceptions/no_such_element.html
Build info: version: '2.29.1', revision: 'dfb1306b85be4934d23c123122e06e602a15e446', time: '2013-01-22 12:58:05'
System info: os.name: 'Windows 8.1', os.arch: 'amd64', os.version: '6.3', java.version: '1.7.0_60'
Session ID: caa9f894838ee262e9bf878bb794d230
Driver info: org.openqa.selenium.chrome.ChromeDriver
Capabilities [{platform=XP, acceptSslCerts=true, javascriptEnabled=true, browserName=chrome, chrome={userDataDir=C:\Users\30\AppData\Local\Temp\scoped_dir8008_21317}, rotatable=false, locationContextEnabled=true, mobileEmulationEnabled=false, version=44.0.2403.125, takesHeapSnapshot=true, cssSelectorsEnabled=true, databaseEnabled=false, handlesAlerts=true, browserConnectionEnabled=false, webStorageEnabled=true, nativeEvents=true, applicationCacheEnabled=false, takesScreenshot=true}]&#13;
	at sun.reflect.GeneratedConstructorAccessor34.newInstance(Unknown Source)&#13;
	at sun.reflect.DelegatingConstructorAccessorImpl.newInstance(Unknown Source)&#13;
	at java.lang.reflect.Constructor.newInstance(Unknown Source)&#13;
	at org.openqa.selenium.remote.ErrorHandler.createThrowable(ErrorHandler.java:187)&#13;
	at org.openqa.selenium.remote.ErrorHandler.throwIfResponseFailed(ErrorHandler.java:145)&#13;
	at org.openqa.selenium.remote.RemoteWebDriver.execute(RemoteWebDriver.java:554)&#13;
	at org.openqa.selenium.remote.RemoteWebDriver.findElement(RemoteWebDriver.java:307)&#13;
	at org.openqa.selenium.remote.RemoteWebDriver.findElementByCssSelector(RemoteWebDriver.java:396)&#13;
	at org.openqa.selenium.By$ByCssSelector.findElement(By.java:406)&#13;
	at org.openqa.selenium.remote.RemoteWebDriver.findElement(RemoteWebDriver.java:299)&#13;
	at sun.reflect.GeneratedMethodAccessor6.invoke(Unknown Source)&#13;
	at sun.reflect.DelegatingMethodAccessorImpl.invoke(Unknown Source)&#13;
	at java.lang.reflect.Method.invoke(Unknown Source)&#13;
	at org.openqa.selenium.support.events.EventFiringWebDriver$2.invoke(EventFiringWebDriver.java:101)&#13;
	at com.sun.proxy.$Proxy15.findElement(Unknown Source)&#13;
	at org.openqa.selenium.support.events.EventFiringWebDriver.findElement(EventFiringWebDriver.java:180)&#13;
	at org.openqa.selenium.support.ui.ExpectedConditions.findElement(ExpectedConditions.java:523)&#13;
	at org.openqa.selenium.support.ui.ExpectedConditions.access$000(ExpectedConditions.java:39)&#13;
	at org.openqa.selenium.support.ui.ExpectedConditions$4.apply(ExpectedConditions.java:130)&#13;
	at org.openqa.selenium.support.ui.ExpectedConditions$4.apply(ExpectedConditions.java:126)&#13;
	at org.openqa.selenium.support.ui.FluentWait.until(FluentWait.java:208)&#13;
	at com.mifos.pages.MifosWebPage.waitForElementToBeVisible(MifosWebPage.java:239)&#13;
	at com.mifos.pages.MifosWebPage.getElement(MifosWebPage.java:916)&#13;
	at com.mifos.pages.MifosWebPage.getElement(MifosWebPage.java:901)&#13;
	at com.mifos.pages.MifosWebPage.getSingleText(MifosWebPage.java:1242)&#13;
	at com.mifos.pages.MifosWebPage.validateContains(MifosWebPage.java:1254)&#13;
	at com.mifos.pages.MifosWebPage.verifyPartialSuccessMessage(MifosWebPage.java:1233)&#13;
	at com.mifos.steps.LoginSteps.I_should_see_login_successfully(LoginSteps.java:43)&#13;
	at sun.reflect.GeneratedMethodAccessor47.invoke(Unknown Source)&#13;
	at sun.reflect.DelegatingMethodAccessorImpl.invoke(Unknown Source)&#13;
	at java.lang.reflect.Method.invoke(Unknown Source)&#13;
	at cucumber.runtime.Utils$1.call(Utils.java:44)&#13;
	at cucumber.runtime.Timeout.timeout(Timeout.java:12)&#13;
	at cucumber.runtime.Utils.invoke(Utils.java:40)&#13;
	at cucumber.runtime.java.JavaStepDefinition.execute(JavaStepDefinition.java:35)&#13;
	at cucumber.runtime.StepDefinitionMatch.runStep(StepDefinitionMatch.java:38)&#13;
	at cucumber.runtime.Runtime.runStep(Runtime.java:268)&#13;
	at cucumber.runtime.model.StepContainer.runStep(StepContainer.java:45)&#13;
	at cucumber.runtime.model.StepContainer.runSteps(StepContainer.java:40)&#13;
	at cucumber.runtime.model.CucumberScenario.runBackground(CucumberScenario.java:45)&#13;
	at cucumber.runtime.model.CucumberScenario.run(CucumberScenario.java:34)&#13;
	at cucumber.runtime.junit.ExecutionUnitRunner.run(ExecutionUnitRunner.java:83)&#13;
	at cucumber.runtime.junit.FeatureRunner.runChild(FeatureRunner.java:63)&#13;
	at cucumber.runtime.junit.FeatureRunner.runChild(FeatureRunner.java:18)&#13;
	at org.junit.runners.ParentRunner$3.run(ParentRunner.java:238)&#13;
	at org.junit.runners.ParentRunner$1.schedule(ParentRunner.java:63)&#13;
	at org.junit.runners.ParentRunner.runChildren(ParentRunner.java:236)&#13;
	at org.junit.runners.ParentRunner.access$000(ParentRunner.java:53)&#13;
	at org.junit.runners.ParentRunner$2.evaluate(ParentRunner.java:229)&#13;
	at org.junit.runners.ParentRunner.run(ParentRunner.java:309)&#13;
	at cucumber.runtime.junit.FeatureRunner.run(FeatureRunner.java:70)&#13;
	at cucumber.api.junit.Cucumber.runChild(Cucumber.java:77)&#13;
	at cucumber.api.junit.Cucumber.runChild(Cucumber.java:37)&#13;
	at org.junit.runners.ParentRunner$3.run(ParentRunner.java:238)&#13;
	at org.junit.runners.ParentRunner$1.schedule(ParentRunner.java:63)&#13;
	at org.junit.runners.ParentRunner.runChildren(ParentRunner.java:236)&#13;
	at org.junit.runners.ParentRunner.access$000(ParentRunner.java:53)&#13;
	at org.junit.runners.ParentRunner$2.evaluate(ParentRunner.java:229)&#13;
	at org.junit.runners.ParentRunner.run(ParentRunner.java:309)&#13;
	at cucumber.api.junit.Cucumber.run(Cucumber.java:82)&#13;
	at org.eclipse.jdt.internal.junit4.runner.JUnit4TestReference.run(JUnit4TestReference.java:50)&#13;
	at org.eclipse.jdt.internal.junit.runner.TestExecution.run(TestExecution.java:38)&#13;
	at org.eclipse.jdt.internal.junit.runner.RemoteTestRunner.runTests(RemoteTestRunner.java:459)&#13;
	at org.eclipse.jdt.internal.junit.runner.RemoteTestRunner.runTests(RemoteTestRunner.java:675)&#13;
	at org.eclipse.jdt.internal.junit.runner.RemoteTestRunner.run(RemoteTestRunner.java:382)&#13;
	at org.eclipse.jdt.internal.junit.runner.RemoteTestRunner.main(RemoteTestRunner.java:192)&#13;
&#13;
</error>
        <testcase name="Given I navigate to mifos" classname="Scenario: Loan-439-RBI-EI-DB-SAR-REC-NON-RNI-CTRFD-SAR-MD-TR-1-B-EarlyRePayment" incomplete="true"/>
        <testcase name="And I login into mifos site using &quot;Login&quot; excel sheet" classname="Scenario: Loan-439-RBI-EI-DB-SAR-REC-NON-RNI-CTRFD-SAR-MD-TR-1-B-EarlyRePayment" incomplete="true"/>
        <testcase name="Then I should see logged in successfully" classname="Scenario: Loan-439-RBI-EI-DB-SAR-REC-NON-RNI-CTRFD-SAR-MD-TR-1-B-EarlyRePayment" incomplete="true"/>
        <testcase name="Given I setup the clients" classname="Scenario: Loan-439-RBI-EI-DB-SAR-REC-NON-RNI-CTRFD-SAR-MD-TR-1-B-EarlyRePayment" time="0.0" ignored="true"/>
        <testcase name="Then I entered the values into client from &quot;Input&quot; sheet" classname="Scenario: Loan-439-RBI-EI-DB-SAR-REC-NON-RNI-CTRFD-SAR-MD-TR-1-B-EarlyRePayment" time="0.0" ignored="true"/>
        <testcase name="Then I should see client created successfully from &quot;Output&quot; sheet" classname="Scenario: Loan-439-RBI-EI-DB-SAR-REC-NON-RNI-CTRFD-SAR-MD-TR-1-B-EarlyRePayment" time="0.001" ignored="true"/>
        <testcase name="When I set up the new create loan from &quot;NewLoanInput&quot; sheet" classname="Scenario: Loan-439-RBI-EI-DB-SAR-REC-NON-RNI-CTRFD-SAR-MD-TR-1-B-EarlyRePayment" time="0.0" ignored="true"/>
        <testcase name="Then I verified the &quot;Summary&quot; details successfully" classname="Scenario: Loan-439-RBI-EI-DB-SAR-REC-NON-RNI-CTRFD-SAR-MD-TR-1-B-EarlyRePayment" time="0.001" ignored="true"/>
        <testcase name="And I verified the &quot;Repayment Schedule&quot; details successfully" classname="Scenario: Loan-439-RBI-EI-DB-SAR-REC-NON-RNI-CTRFD-SAR-MD-TR-1-B-EarlyRePayment" time="0.0" ignored="true"/>
        <testcase name="Then I make repayment and verified the following tabs" classname="Scenario: Loan-439-RBI-EI-DB-SAR-REC-NON-RNI-CTRFD-SAR-MD-TR-1-B-EarlyRePayment" time="2.066" ignored="true"/>
      </testsuite>
      <testsuite name="Scenario: Loan-440-RBI-EI-DB-SAR-REC-NON-RNI-CTRFD-DL-MD-TR-1-B-EarlyRePayment" incomplete="true">
        <error>org.openqa.selenium.TimeoutException: Timed out after 100 seconds waiting for visibility of element located by By.selector: #expertsearch strong.ng-binding
Build info: version: '2.29.1', revision: 'dfb1306b85be4934d23c123122e06e602a15e446', time: '2013-01-22 12:58:05'
System info: os.name: 'Windows 8.1', os.arch: 'amd64', os.version: '6.3', java.version: '1.7.0_60'
Driver info: driver.version: unknown&#13;
	at org.openqa.selenium.support.ui.FluentWait.timeoutException(FluentWait.java:259)&#13;
	at org.openqa.selenium.support.ui.FluentWait.until(FluentWait.java:228)&#13;
	at com.mifos.pages.MifosWebPage.waitForElementToBeVisible(MifosWebPage.java:239)&#13;
	at com.mifos.pages.MifosWebPage.getElement(MifosWebPage.java:916)&#13;
	at com.mifos.pages.MifosWebPage.getElement(MifosWebPage.java:901)&#13;
	at com.mifos.pages.MifosWebPage.getSingleText(MifosWebPage.java:1242)&#13;
	at com.mifos.pages.MifosWebPage.validateContains(MifosWebPage.java:1254)&#13;
	at com.mifos.pages.MifosWebPage.verifyPartialSuccessMessage(MifosWebPage.java:1233)&#13;
	at com.mifos.steps.LoginSteps.I_should_see_login_successfully(LoginSteps.java:43)&#13;
	at ✽.Then I should see logged in successfully(src\test\resources\features\Test.feature:6)&#13;
Caused by: org.openqa.selenium.NoSuchElementException: no such element
  (Session info: chrome=44.0.2403.125)
  (Driver info: chromedriver=2.14.313457 (3d645c400edf2e2c500566c9aa096063e707c9cf),platform=Windows NT 6.3 x86_64) (WARNING: The server did not provide any stacktrace information)
Command duration or timeout: 30.03 seconds
For documentation on this error, please visit: http://seleniumhq.org/exceptions/no_such_element.html
Build info: version: '2.29.1', revision: 'dfb1306b85be4934d23c123122e06e602a15e446', time: '2013-01-22 12:58:05'
System info: os.name: 'Windows 8.1', os.arch: 'amd64', os.version: '6.3', java.version: '1.7.0_60'
Session ID: 1f76683b68e16cf05daead8d27d911d9
Driver info: org.openqa.selenium.chrome.ChromeDriver
Capabilities [{platform=XP, acceptSslCerts=true, javascriptEnabled=true, browserName=chrome, chrome={userDataDir=C:\Users\30\AppData\Local\Temp\scoped_dir14952_11741}, rotatable=false, locationContextEnabled=true, mobileEmulationEnabled=false, version=44.0.2403.125, takesHeapSnapshot=true, cssSelectorsEnabled=true, databaseEnabled=false, handlesAlerts=true, browserConnectionEnabled=false, webStorageEnabled=true, nativeEvents=true, applicationCacheEnabled=false, takesScreenshot=true}]&#13;
	at sun.reflect.GeneratedConstructorAccessor34.newInstance(Unknown Source)&#13;
	at sun.reflect.DelegatingConstructorAccessorImpl.newInstance(Unknown Source)&#13;
	at java.lang.reflect.Constructor.newInstance(Unknown Source)&#13;
	at org.openqa.selenium.remote.ErrorHandler.createThrowable(ErrorHandler.java:187)&#13;
	at org.openqa.selenium.remote.ErrorHandler.throwIfResponseFailed(ErrorHandler.java:145)&#13;
	at org.openqa.selenium.remote.RemoteWebDriver.execute(RemoteWebDriver.java:554)&#13;
	at org.openqa.selenium.remote.RemoteWebDriver.findElement(RemoteWebDriver.java:307)&#13;
	at org.openqa.selenium.remote.RemoteWebDriver.findElementByCssSelector(RemoteWebDriver.java:396)&#13;
	at org.openqa.selenium.By$ByCssSelector.findElement(By.java:406)&#13;
	at org.openqa.selenium.remote.RemoteWebDriver.findElement(RemoteWebDriver.java:299)&#13;
	at sun.reflect.GeneratedMethodAccessor6.invoke(Unknown Source)&#13;
	at sun.reflect.DelegatingMethodAccessorImpl.invoke(Unknown Source)&#13;
	at java.lang.reflect.Method.invoke(Unknown Source)&#13;
	at org.openqa.selenium.support.events.EventFiringWebDriver$2.invoke(EventFiringWebDriver.java:101)&#13;
	at com.sun.proxy.$Proxy15.findElement(Unknown Source)&#13;
	at org.openqa.selenium.support.events.EventFiringWebDriver.findElement(EventFiringWebDriver.java:180)&#13;
	at org.openqa.selenium.support.ui.ExpectedConditions.findElement(ExpectedConditions.java:523)&#13;
	at org.openqa.selenium.support.ui.ExpectedConditions.access$000(ExpectedConditions.java:39)&#13;
	at org.openqa.selenium.support.ui.ExpectedConditions$4.apply(ExpectedConditions.java:130)&#13;
	at org.openqa.selenium.support.ui.ExpectedConditions$4.apply(ExpectedConditions.java:126)&#13;
	at org.openqa.selenium.support.ui.FluentWait.until(FluentWait.java:208)&#13;
	at com.mifos.pages.MifosWebPage.waitForElementToBeVisible(MifosWebPage.java:239)&#13;
	at com.mifos.pages.MifosWebPage.getElement(MifosWebPage.java:916)&#13;
	at com.mifos.pages.MifosWebPage.getElement(MifosWebPage.java:901)&#13;
	at com.mifos.pages.MifosWebPage.getSingleText(MifosWebPage.java:1242)&#13;
	at com.mifos.pages.MifosWebPage.validateContains(MifosWebPage.java:1254)&#13;
	at com.mifos.pages.MifosWebPage.verifyPartialSuccessMessage(MifosWebPage.java:1233)&#13;
	at com.mifos.steps.LoginSteps.I_should_see_login_successfully(LoginSteps.java:43)&#13;
	at sun.reflect.GeneratedMethodAccessor47.invoke(Unknown Source)&#13;
	at sun.reflect.DelegatingMethodAccessorImpl.invoke(Unknown Source)&#13;
	at java.lang.reflect.Method.invoke(Unknown Source)&#13;
	at cucumber.runtime.Utils$1.call(Utils.java:44)&#13;
	at cucumber.runtime.Timeout.timeout(Timeout.java:12)&#13;
	at cucumber.runtime.Utils.invoke(Utils.java:40)&#13;
	at cucumber.runtime.java.JavaStepDefinition.execute(JavaStepDefinition.java:35)&#13;
	at cucumber.runtime.StepDefinitionMatch.runStep(StepDefinitionMatch.java:38)&#13;
	at cucumber.runtime.Runtime.runStep(Runtime.java:268)&#13;
	at cucumber.runtime.model.StepContainer.runStep(StepContainer.java:45)&#13;
	at cucumber.runtime.model.StepContainer.runSteps(StepContainer.java:40)&#13;
	at cucumber.runtime.model.CucumberScenario.runBackground(CucumberScenario.java:45)&#13;
	at cucumber.runtime.model.CucumberScenario.run(CucumberScenario.java:34)&#13;
	at cucumber.runtime.junit.ExecutionUnitRunner.run(ExecutionUnitRunner.java:83)&#13;
	at cucumber.runtime.junit.FeatureRunner.runChild(FeatureRunner.java:63)&#13;
	at cucumber.runtime.junit.FeatureRunner.runChild(FeatureRunner.java:18)&#13;
	at org.junit.runners.ParentRunner$3.run(ParentRunner.java:238)&#13;
	at org.junit.runners.ParentRunner$1.schedule(ParentRunner.java:63)&#13;
	at org.junit.runners.ParentRunner.runChildren(ParentRunner.java:236)&#13;
	at org.junit.runners.ParentRunner.access$000(ParentRunner.java:53)&#13;
	at org.junit.runners.ParentRunner$2.evaluate(ParentRunner.java:229)&#13;
	at org.junit.runners.ParentRunner.run(ParentRunner.java:309)&#13;
	at cucumber.runtime.junit.FeatureRunner.run(FeatureRunner.java:70)&#13;
	at cucumber.api.junit.Cucumber.runChild(Cucumber.java:77)&#13;
	at cucumber.api.junit.Cucumber.runChild(Cucumber.java:37)&#13;
	at org.junit.runners.ParentRunner$3.run(ParentRunner.java:238)&#13;
	at org.junit.runners.ParentRunner$1.schedule(ParentRunner.java:63)&#13;
	at org.junit.runners.ParentRunner.runChildren(ParentRunner.java:236)&#13;
	at org.junit.runners.ParentRunner.access$000(ParentRunner.java:53)&#13;
	at org.junit.runners.ParentRunner$2.evaluate(ParentRunner.java:229)&#13;
	at org.junit.runners.ParentRunner.run(ParentRunner.java:309)&#13;
	at cucumber.api.junit.Cucumber.run(Cucumber.java:82)&#13;
	at org.eclipse.jdt.internal.junit4.runner.JUnit4TestReference.run(JUnit4TestReference.java:50)&#13;
	at org.eclipse.jdt.internal.junit.runner.TestExecution.run(TestExecution.java:38)&#13;
	at org.eclipse.jdt.internal.junit.runner.RemoteTestRunner.runTests(RemoteTestRunner.java:459)&#13;
	at org.eclipse.jdt.internal.junit.runner.RemoteTestRunner.runTests(RemoteTestRunner.java:675)&#13;
	at org.eclipse.jdt.internal.junit.runner.RemoteTestRunner.run(RemoteTestRunner.java:382)&#13;
	at org.eclipse.jdt.internal.junit.runner.RemoteTestRunner.main(RemoteTestRunner.java:192)&#13;
&#13;
</error>
        <testcase name="Given I navigate to mifos" classname="Scenario: Loan-440-RBI-EI-DB-SAR-REC-NON-RNI-CTRFD-DL-MD-TR-1-B-EarlyRePayment" incomplete="true"/>
        <testcase name="And I login into mifos site using &quot;Login&quot; excel sheet" classname="Scenario: Loan-440-RBI-EI-DB-SAR-REC-NON-RNI-CTRFD-DL-MD-TR-1-B-EarlyRePayment" incomplete="true"/>
        <testcase name="Then I should see logged in successfully" classname="Scenario: Loan-440-RBI-EI-DB-SAR-REC-NON-RNI-CTRFD-DL-MD-TR-1-B-EarlyRePayment" incomplete="true"/>
        <testcase name="Given I setup the clients" classname="Scenario: Loan-440-RBI-EI-DB-SAR-REC-NON-RNI-CTRFD-DL-MD-TR-1-B-EarlyRePayment" time="0.001" ignored="true"/>
        <testcase name="Then I entered the values into client from &quot;Input&quot; sheet" classname="Scenario: Loan-440-RBI-EI-DB-SAR-REC-NON-RNI-CTRFD-DL-MD-TR-1-B-EarlyRePayment" time="0.0" ignored="true"/>
        <testcase name="Then I should see client created successfully from &quot;Output&quot; sheet" classname="Scenario: Loan-440-RBI-EI-DB-SAR-REC-NON-RNI-CTRFD-DL-MD-TR-1-B-EarlyRePayment" time="0.001" ignored="true"/>
        <testcase name="When I set up the new create loan from &quot;NewLoanInput&quot; sheet" classname="Scenario: Loan-440-RBI-EI-DB-SAR-REC-NON-RNI-CTRFD-DL-MD-TR-1-B-EarlyRePayment" time="0.0" ignored="true"/>
        <testcase name="Then I verified the &quot;Summary&quot; details successfully" classname="Scenario: Loan-440-RBI-EI-DB-SAR-REC-NON-RNI-CTRFD-DL-MD-TR-1-B-EarlyRePayment" time="0.001" ignored="true"/>
        <testcase name="And I verified the &quot;Repayment Schedule&quot; details successfully" classname="Scenario: Loan-440-RBI-EI-DB-SAR-REC-NON-RNI-CTRFD-DL-MD-TR-1-B-EarlyRePayment" time="0.0" ignored="true"/>
        <testcase name="Then I make repayment and verified the following tabs" classname="Scenario: Loan-440-RBI-EI-DB-SAR-REC-NON-RNI-CTRFD-DL-MD-TR-1-B-EarlyRePayment" time="2.158" ignored="true"/>
      </testsuite>
      <testsuite name="Scenario: Loan-485-RBI-EPP-DB-DL-REC-NON-RNI-CTPD-SAR-MD-TR-1-EarlyRePayment">
        <testcase name="Given I navigate to mifos" classname="Scenario: Loan-485-RBI-EPP-DB-DL-REC-NON-RNI-CTPD-SAR-MD-TR-1-EarlyRePayment" incomplete="true"/>
        <testcase name="And I login into mifos site using &quot;Login&quot; excel sheet" classname="Scenario: Loan-485-RBI-EPP-DB-DL-REC-NON-RNI-CTPD-SAR-MD-TR-1-EarlyRePayment" incomplete="true"/>
        <testcase name="Then I should see logged in successfully" classname="Scenario: Loan-485-RBI-EPP-DB-DL-REC-NON-RNI-CTPD-SAR-MD-TR-1-EarlyRePayment" incomplete="true"/>
        <testcase name="Given I setup the clients" classname="Scenario: Loan-485-RBI-EPP-DB-DL-REC-NON-RNI-CTPD-SAR-MD-TR-1-EarlyRePayment" time="10.582"/>
        <testcase name="Then I entered the values into client from &quot;Input&quot; sheet" classname="Scenario: Loan-485-RBI-EPP-DB-DL-REC-NON-RNI-CTPD-SAR-MD-TR-1-EarlyRePayment" time="0.072"/>
        <testcase name="Then I should see client created successfully from &quot;Output&quot; sheet" classname="Scenario: Loan-485-RBI-EPP-DB-DL-REC-NON-RNI-CTPD-SAR-MD-TR-1-EarlyRePayment" time="14.097"/>
        <testcase name="When I set up the new create loan from &quot;NewLoanInput&quot; sheet" classname="Scenario: Loan-485-RBI-EPP-DB-DL-REC-NON-RNI-CTPD-SAR-MD-TR-1-EarlyRePayment" time="5.947"/>
        <testcase name="Then I verified the &quot;Summary&quot; details successfully" classname="Scenario: Loan-485-RBI-EPP-DB-DL-REC-NON-RNI-CTPD-SAR-MD-TR-1-EarlyRePayment" time="12.435"/>
        <testcase name="And I verified the &quot;Repayment Schedule&quot; details successfully" classname="Scenario: Loan-485-RBI-EPP-DB-DL-REC-NON-RNI-CTPD-SAR-MD-TR-1-EarlyRePayment" time="33.6"/>
        <testcase name="Then I make repayment and verified the following tabs" classname="Scenario: Loan-485-RBI-EPP-DB-DL-REC-NON-RNI-CTPD-SAR-MD-TR-1-EarlyRePayment" time="1.523"/>
      </testsuite>
      <testsuite name="Scenario: Loan-486-RBI-EPP-DB-DL-REC-NON-RNI-CTPD-DL-MD-TR-1-EarlyRePayment" incomplete="true">
        <error>org.openqa.selenium.NoSuchElementException: no such element
  (Session info: chrome=44.0.2403.125)
  (Driver info: chromedriver=2.14.313457 (3d645c400edf2e2c500566c9aa096063e707c9cf),platform=Windows NT 6.3 x86_64) (WARNING: The server did not provide any stacktrace information)
Command duration or timeout: 30.06 seconds
For documentation on this error, please visit: http://seleniumhq.org/exceptions/no_such_element.html
Build info: version: '2.29.1', revision: 'dfb1306b85be4934d23c123122e06e602a15e446', time: '2013-01-22 12:58:05'
System info: os.name: 'Windows 8.1', os.arch: 'amd64', os.version: '6.3', java.version: '1.7.0_60'
Session ID: 2a4fdddf6e5a210217f90775781118a6
Driver info: org.openqa.selenium.chrome.ChromeDriver
Capabilities [{platform=XP, acceptSslCerts=true, javascriptEnabled=true, browserName=chrome, chrome={userDataDir=C:\Users\30\AppData\Local\Temp\scoped_dir12432_961}, rotatable=false, locationContextEnabled=true, mobileEmulationEnabled=false, version=44.0.2403.125, takesHeapSnapshot=true, cssSelectorsEnabled=true, databaseEnabled=false, handlesAlerts=true, browserConnectionEnabled=false, webStorageEnabled=true, nativeEvents=true, applicationCacheEnabled=false, takesScreenshot=true}]&#13;
	at sun.reflect.GeneratedConstructorAccessor34.newInstance(Unknown Source)&#13;
	at sun.reflect.DelegatingConstructorAccessorImpl.newInstance(Unknown Source)&#13;
	at java.lang.reflect.Constructor.newInstance(Unknown Source)&#13;
	at org.openqa.selenium.remote.ErrorHandler.createThrowable(ErrorHandler.java:187)&#13;
	at org.openqa.selenium.remote.ErrorHandler.throwIfResponseFailed(ErrorHandler.java:145)&#13;
	at org.openqa.selenium.remote.RemoteWebDriver.execute(RemoteWebDriver.java:554)&#13;
	at org.openqa.selenium.remote.RemoteWebDriver.findElement(RemoteWebDriver.java:307)&#13;
	at org.openqa.selenium.remote.RemoteWebDriver.findElementByXPath(RemoteWebDriver.java:404)&#13;
	at org.openqa.selenium.By$ByXPath.findElement(By.java:344)&#13;
	at org.openqa.selenium.remote.RemoteWebDriver.findElement(RemoteWebDriver.java:299)&#13;
	at sun.reflect.GeneratedMethodAccessor6.invoke(Unknown Source)&#13;
	at sun.reflect.DelegatingMethodAccessorImpl.invoke(Unknown Source)&#13;
	at java.lang.reflect.Method.invoke(Unknown Source)&#13;
	at org.openqa.selenium.support.events.EventFiringWebDriver$2.invoke(EventFiringWebDriver.java:101)&#13;
	at com.sun.proxy.$Proxy15.findElement(Unknown Source)&#13;
	at org.openqa.selenium.support.events.EventFiringWebDriver.findElement(EventFiringWebDriver.java:180)&#13;
	at com.mifos.pages.FrontPage.verifyLoanTabData(FrontPage.java:403)&#13;
	at com.mifos.steps.ClientSteps.I_verified_the_details_successfully(ClientSteps.java:52)&#13;
	at ✽.Then I verified the "Summary" details successfully(src\test\resources\features\Test.feature:197)&#13;
&#13;
</error>
        <testcase name="Given I navigate to mifos" classname="Scenario: Loan-486-RBI-EPP-DB-DL-REC-NON-RNI-CTPD-DL-MD-TR-1-EarlyRePayment" incomplete="true"/>
        <testcase name="And I login into mifos site using &quot;Login&quot; excel sheet" classname="Scenario: Loan-486-RBI-EPP-DB-DL-REC-NON-RNI-CTPD-DL-MD-TR-1-EarlyRePayment" incomplete="true"/>
        <testcase name="Then I should see logged in successfully" classname="Scenario: Loan-486-RBI-EPP-DB-DL-REC-NON-RNI-CTPD-DL-MD-TR-1-EarlyRePayment" incomplete="true"/>
        <testcase name="Given I setup the clients" classname="Scenario: Loan-486-RBI-EPP-DB-DL-REC-NON-RNI-CTPD-DL-MD-TR-1-EarlyRePayment" time="10.516"/>
        <testcase name="Then I entered the values into client from &quot;Input&quot; sheet" classname="Scenario: Loan-486-RBI-EPP-DB-DL-REC-NON-RNI-CTPD-DL-MD-TR-1-EarlyRePayment" time="0.171"/>
        <testcase name="Then I should see client created successfully from &quot;Output&quot; sheet" classname="Scenario: Loan-486-RBI-EPP-DB-DL-REC-NON-RNI-CTPD-DL-MD-TR-1-EarlyRePayment" time="1468.785"/>
        <testcase name="When I set up the new create loan from &quot;NewLoanInput&quot; sheet" classname="Scenario: Loan-486-RBI-EPP-DB-DL-REC-NON-RNI-CTPD-DL-MD-TR-1-EarlyRePayment" time="30.072"/>
        <testcase name="Then I verified the &quot;Summary&quot; details successfully" classname="Scenario: Loan-486-RBI-EPP-DB-DL-REC-NON-RNI-CTPD-DL-MD-TR-1-EarlyRePayment" time="0.001">
          <error>org.openqa.selenium.NoSuchElementException: no such element
  (Session info: chrome=44.0.2403.125)
  (Driver info: chromedriver=2.14.313457 (3d645c400edf2e2c500566c9aa096063e707c9cf),platform=Windows NT 6.3 x86_64) (WARNING: The server did not provide any stacktrace information)
Command duration or timeout: 30.06 seconds
For documentation on this error, please visit: http://seleniumhq.org/exceptions/no_such_element.html
Build info: version: '2.29.1', revision: 'dfb1306b85be4934d23c123122e06e602a15e446', time: '2013-01-22 12:58:05'
System info: os.name: 'Windows 8.1', os.arch: 'amd64', os.version: '6.3', java.version: '1.7.0_60'
Session ID: 2a4fdddf6e5a210217f90775781118a6
Driver info: org.openqa.selenium.chrome.ChromeDriver
Capabilities [{platform=XP, acceptSslCerts=true, javascriptEnabled=true, browserName=chrome, chrome={userDataDir=C:\Users\30\AppData\Local\Temp\scoped_dir12432_961}, rotatable=false, locationContextEnabled=true, mobileEmulationEnabled=false, version=44.0.2403.125, takesHeapSnapshot=true, cssSelectorsEnabled=true, databaseEnabled=false, handlesAlerts=true, browserConnectionEnabled=false, webStorageEnabled=true, nativeEvents=true, applicationCacheEnabled=false, takesScreenshot=true}]&#13;
	at sun.reflect.GeneratedConstructorAccessor34.newInstance(Unknown Source)&#13;
	at sun.reflect.DelegatingConstructorAccessorImpl.newInstance(Unknown Source)&#13;
	at java.lang.reflect.Constructor.newInstance(Unknown Source)&#13;
	at org.openqa.selenium.remote.ErrorHandler.createThrowable(ErrorHandler.java:187)&#13;
	at org.openqa.selenium.remote.ErrorHandler.throwIfResponseFailed(ErrorHandler.java:145)&#13;
	at org.openqa.selenium.remote.RemoteWebDriver.execute(RemoteWebDriver.java:554)&#13;
	at org.openqa.selenium.remote.RemoteWebDriver.findElement(RemoteWebDriver.java:307)&#13;
	at org.openqa.selenium.remote.RemoteWebDriver.findElementByXPath(RemoteWebDriver.java:404)&#13;
	at org.openqa.selenium.By$ByXPath.findElement(By.java:344)&#13;
	at org.openqa.selenium.remote.RemoteWebDriver.findElement(RemoteWebDriver.java:299)&#13;
	at sun.reflect.GeneratedMethodAccessor6.invoke(Unknown Source)&#13;
	at sun.reflect.DelegatingMethodAccessorImpl.invoke(Unknown Source)&#13;
	at java.lang.reflect.Method.invoke(Unknown Source)&#13;
	at org.openqa.selenium.support.events.EventFiringWebDriver$2.invoke(EventFiringWebDriver.java:101)&#13;
	at com.sun.proxy.$Proxy15.findElement(Unknown Source)&#13;
	at org.openqa.selenium.support.events.EventFiringWebDriver.findElement(EventFiringWebDriver.java:180)&#13;
	at com.mifos.pages.FrontPage.verifyLoanTabData(FrontPage.java:403)&#13;
	at com.mifos.steps.ClientSteps.I_verified_the_details_successfully(ClientSteps.java:52)&#13;
	at ✽.Then I verified the "Summary" details successfully(src\test\resources\features\Test.feature:197)&#13;
&#13;
</error>
        </testcase>
        <testcase name="And I verified the &quot;Repayment Schedule&quot; details successfully" classname="Scenario: Loan-486-RBI-EPP-DB-DL-REC-NON-RNI-CTPD-DL-MD-TR-1-EarlyRePayment" time="0.0" ignored="true"/>
        <testcase name="Then I make repayment and verified the following tabs" classname="Scenario: Loan-486-RBI-EPP-DB-DL-REC-NON-RNI-CTPD-DL-MD-TR-1-EarlyRePayment" time="2.364" ignored="true"/>
      </testsuite>
      <testsuite name="Scenario: Loan-487-RBI-EPP-DB-DL-REC-NON-RNI-CTRFD-SAR-MD-TR-1-EarlyRePayment" incomplete="true">
        <failure>java.lang.AssertionError: Tab Name:Repayment Schedule Row number:3 Column number:14 Expected result:889.22 Actual result:0.0&#13;
	at org.junit.Assert.fail(Assert.java:88)&#13;
	at com.mifos.pages.FrontPage.verifyColumnDetails(FrontPage.java:551)&#13;
	at com.mifos.pages.FrontPage.verifyLoanTabData(FrontPage.java:487)&#13;
	at com.mifos.pages.FrontPage.vaidateRepaymentSchedule(FrontPage.java:627)&#13;
	at com.mifos.pages.FrontPage.makeAndVerifyRepayment(FrontPage.java:614)&#13;
	at com.mifos.steps.ClientSteps.I_make_repayment_and_verified_the_following_tabs(ClientSteps.java:67)&#13;
	at ✽.Then I make repayment and verified the following tabs(src\test\resources\features\Test.feature:218)&#13;
&#13;
</failure>
        <testcase name="Given I navigate to mifos" classname="Scenario: Loan-487-RBI-EPP-DB-DL-REC-NON-RNI-CTRFD-SAR-MD-TR-1-EarlyRePayment" incomplete="true"/>
        <testcase name="And I login into mifos site using &quot;Login&quot; excel sheet" classname="Scenario: Loan-487-RBI-EPP-DB-DL-REC-NON-RNI-CTRFD-SAR-MD-TR-1-EarlyRePayment" incomplete="true"/>
        <testcase name="Then I should see logged in successfully" classname="Scenario: Loan-487-RBI-EPP-DB-DL-REC-NON-RNI-CTRFD-SAR-MD-TR-1-EarlyRePayment" incomplete="true"/>
        <testcase name="Given I setup the clients" classname="Scenario: Loan-487-RBI-EPP-DB-DL-REC-NON-RNI-CTRFD-SAR-MD-TR-1-EarlyRePayment" time="10.891"/>
        <testcase name="Then I entered the values into client from &quot;Input&quot; sheet" classname="Scenario: Loan-487-RBI-EPP-DB-DL-REC-NON-RNI-CTRFD-SAR-MD-TR-1-EarlyRePayment" time="0.077"/>
        <testcase name="Then I should see client created successfully from &quot;Output&quot; sheet" classname="Scenario: Loan-487-RBI-EPP-DB-DL-REC-NON-RNI-CTRFD-SAR-MD-TR-1-EarlyRePayment" time="14.254"/>
        <testcase name="When I set up the new create loan from &quot;NewLoanInput&quot; sheet" classname="Scenario: Loan-487-RBI-EPP-DB-DL-REC-NON-RNI-CTRFD-SAR-MD-TR-1-EarlyRePayment" time="6.123"/>
        <testcase name="Then I verified the &quot;Summary&quot; details successfully" classname="Scenario: Loan-487-RBI-EPP-DB-DL-REC-NON-RNI-CTRFD-SAR-MD-TR-1-EarlyRePayment" time="13.145"/>
        <testcase name="And I verified the &quot;Repayment Schedule&quot; details successfully" classname="Scenario: Loan-487-RBI-EPP-DB-DL-REC-NON-RNI-CTRFD-SAR-MD-TR-1-EarlyRePayment" time="16.521"/>
        <testcase name="Then I make repayment and verified the following tabs" classname="Scenario: Loan-487-RBI-EPP-DB-DL-REC-NON-RNI-CTRFD-SAR-MD-TR-1-EarlyRePayment" time="0.0">
          <failure>java.lang.AssertionError: Tab Name:Repayment Schedule Row number:3 Column number:14 Expected result:889.22 Actual result:0.0&#13;
	at org.junit.Assert.fail(Assert.java:88)&#13;
	at com.mifos.pages.FrontPage.verifyColumnDetails(FrontPage.java:551)&#13;
	at com.mifos.pages.FrontPage.verifyLoanTabData(FrontPage.java:487)&#13;
	at com.mifos.pages.FrontPage.vaidateRepaymentSchedule(FrontPage.java:627)&#13;
	at com.mifos.pages.FrontPage.makeAndVerifyRepayment(FrontPage.java:614)&#13;
	at com.mifos.steps.ClientSteps.I_make_repayment_and_verified_the_following_tabs(ClientSteps.java:67)&#13;
	at ✽.Then I make repayment and verified the following tabs(src\test\resources\features\Test.feature:218)&#13;
&#13;
</failure>
        </testcase>
      </testsuite>
      <testsuite name="Scenario: Loan-488-RBI-EPP-DB-DL-REC-NON-RNI-CTRFD-DL-MD-TR-1-EarlyRePayment" incomplete="true">
        <error>org.openqa.selenium.TimeoutException: Timed out after 100 seconds waiting for visibility of element located by By.selector: #expertsearch strong.ng-binding
Build info: version: '2.29.1', revision: 'dfb1306b85be4934d23c123122e06e602a15e446', time: '2013-01-22 12:58:05'
System info: os.name: 'Windows 8.1', os.arch: 'amd64', os.version: '6.3', java.version: '1.7.0_60'
Driver info: driver.version: unknown&#13;
	at org.openqa.selenium.support.ui.FluentWait.timeoutException(FluentWait.java:259)&#13;
	at org.openqa.selenium.support.ui.FluentWait.until(FluentWait.java:228)&#13;
	at com.mifos.pages.MifosWebPage.waitForElementToBeVisible(MifosWebPage.java:239)&#13;
	at com.mifos.pages.MifosWebPage.getElement(MifosWebPage.java:916)&#13;
	at com.mifos.pages.MifosWebPage.getElement(MifosWebPage.java:901)&#13;
	at com.mifos.pages.MifosWebPage.getSingleText(MifosWebPage.java:1242)&#13;
	at com.mifos.pages.MifosWebPage.validateContains(MifosWebPage.java:1254)&#13;
	at com.mifos.pages.MifosWebPage.verifyPartialSuccessMessage(MifosWebPage.java:1233)&#13;
	at com.mifos.steps.LoginSteps.I_should_see_login_successfully(LoginSteps.java:43)&#13;
	at ✽.Then I should see logged in successfully(src\test\resources\features\Test.feature:6)&#13;
Caused by: org.openqa.selenium.NoSuchElementException: no such element
  (Session info: chrome=44.0.2403.125)
  (Driver info: chromedriver=2.14.313457 (3d645c400edf2e2c500566c9aa096063e707c9cf),platform=Windows NT 6.3 x86_64) (WARNING: The server did not provide any stacktrace information)
Command duration or timeout: 30.05 seconds
For documentation on this error, please visit: http://seleniumhq.org/exceptions/no_such_element.html
Build info: version: '2.29.1', revision: 'dfb1306b85be4934d23c123122e06e602a15e446', time: '2013-01-22 12:58:05'
System info: os.name: 'Windows 8.1', os.arch: 'amd64', os.version: '6.3', java.version: '1.7.0_60'
Session ID: b140f37d2683fd46276901dfeff39a15
Driver info: org.openqa.selenium.chrome.ChromeDriver
Capabilities [{platform=XP, acceptSslCerts=true, javascriptEnabled=true, browserName=chrome, chrome={userDataDir=C:\Users\30\AppData\Local\Temp\scoped_dir15596_5053}, rotatable=false, locationContextEnabled=true, mobileEmulationEnabled=false, version=44.0.2403.125, takesHeapSnapshot=true, cssSelectorsEnabled=true, databaseEnabled=false, handlesAlerts=true, browserConnectionEnabled=false, webStorageEnabled=true, nativeEvents=true, applicationCacheEnabled=false, takesScreenshot=true}]&#13;
	at sun.reflect.GeneratedConstructorAccessor34.newInstance(Unknown Source)&#13;
	at sun.reflect.DelegatingConstructorAccessorImpl.newInstance(Unknown Source)&#13;
	at java.lang.reflect.Constructor.newInstance(Unknown Source)&#13;
	at org.openqa.selenium.remote.ErrorHandler.createThrowable(ErrorHandler.java:187)&#13;
	at org.openqa.selenium.remote.ErrorHandler.throwIfResponseFailed(ErrorHandler.java:145)&#13;
	at org.openqa.selenium.remote.RemoteWebDriver.execute(RemoteWebDriver.java:554)&#13;
	at org.openqa.selenium.remote.RemoteWebDriver.findElement(RemoteWebDriver.java:307)&#13;
	at org.openqa.selenium.remote.RemoteWebDriver.findElementByCssSelector(RemoteWebDriver.java:396)&#13;
	at org.openqa.selenium.By$ByCssSelector.findElement(By.java:406)&#13;
	at org.openqa.selenium.remote.RemoteWebDriver.findElement(RemoteWebDriver.java:299)&#13;
	at sun.reflect.GeneratedMethodAccessor6.invoke(Unknown Source)&#13;
	at sun.reflect.DelegatingMethodAccessorImpl.invoke(Unknown Source)&#13;
	at java.lang.reflect.Method.invoke(Unknown Source)&#13;
	at org.openqa.selenium.support.events.EventFiringWebDriver$2.invoke(EventFiringWebDriver.java:101)&#13;
	at com.sun.proxy.$Proxy15.findElement(Unknown Source)&#13;
	at org.openqa.selenium.support.events.EventFiringWebDriver.findElement(EventFiringWebDriver.java:180)&#13;
	at org.openqa.selenium.support.ui.ExpectedConditions.findElement(ExpectedConditions.java:523)&#13;
	at org.openqa.selenium.support.ui.ExpectedConditions.access$000(ExpectedConditions.java:39)&#13;
	at org.openqa.selenium.support.ui.ExpectedConditions$4.apply(ExpectedConditions.java:130)&#13;
	at org.openqa.selenium.support.ui.ExpectedConditions$4.apply(ExpectedConditions.java:126)&#13;
	at org.openqa.selenium.support.ui.FluentWait.until(FluentWait.java:208)&#13;
	at com.mifos.pages.MifosWebPage.waitForElementToBeVisible(MifosWebPage.java:239)&#13;
	at com.mifos.pages.MifosWebPage.getElement(MifosWebPage.java:916)&#13;
	at com.mifos.pages.MifosWebPage.getElement(MifosWebPage.java:901)&#13;
	at com.mifos.pages.MifosWebPage.getSingleText(MifosWebPage.java:1242)&#13;
	at com.mifos.pages.MifosWebPage.validateContains(MifosWebPage.java:1254)&#13;
	at com.mifos.pages.MifosWebPage.verifyPartialSuccessMessage(MifosWebPage.java:1233)&#13;
	at com.mifos.steps.LoginSteps.I_should_see_login_successfully(LoginSteps.java:43)&#13;
	at sun.reflect.GeneratedMethodAccessor47.invoke(Unknown Source)&#13;
	at sun.reflect.DelegatingMethodAccessorImpl.invoke(Unknown Source)&#13;
	at java.lang.reflect.Method.invoke(Unknown Source)&#13;
	at cucumber.runtime.Utils$1.call(Utils.java:44)&#13;
	at cucumber.runtime.Timeout.timeout(Timeout.java:12)&#13;
	at cucumber.runtime.Utils.invoke(Utils.java:40)&#13;
	at cucumber.runtime.java.JavaStepDefinition.execute(JavaStepDefinition.java:35)&#13;
	at cucumber.runtime.StepDefinitionMatch.runStep(StepDefinitionMatch.java:38)&#13;
	at cucumber.runtime.Runtime.runStep(Runtime.java:268)&#13;
	at cucumber.runtime.model.StepContainer.runStep(StepContainer.java:45)&#13;
	at cucumber.runtime.model.StepContainer.runSteps(StepContainer.java:40)&#13;
	at cucumber.runtime.model.CucumberScenario.runBackground(CucumberScenario.java:45)&#13;
	at cucumber.runtime.model.CucumberScenario.run(CucumberScenario.java:34)&#13;
	at cucumber.runtime.junit.ExecutionUnitRunner.run(ExecutionUnitRunner.java:83)&#13;
	at cucumber.runtime.junit.FeatureRunner.runChild(FeatureRunner.java:63)&#13;
	at cucumber.runtime.junit.FeatureRunner.runChild(FeatureRunner.java:18)&#13;
	at org.junit.runners.ParentRunner$3.run(ParentRunner.java:238)&#13;
	at org.junit.runners.ParentRunner$1.schedule(ParentRunner.java:63)&#13;
	at org.junit.runners.ParentRunner.runChildren(ParentRunner.java:236)&#13;
	at org.junit.runners.ParentRunner.access$000(ParentRunner.java:53)&#13;
	at org.junit.runners.ParentRunner$2.evaluate(ParentRunner.java:229)&#13;
	at org.junit.runners.ParentRunner.run(ParentRunner.java:309)&#13;
	at cucumber.runtime.junit.FeatureRunner.run(FeatureRunner.java:70)&#13;
	at cucumber.api.junit.Cucumber.runChild(Cucumber.java:77)&#13;
	at cucumber.api.junit.Cucumber.runChild(Cucumber.java:37)&#13;
	at org.junit.runners.ParentRunner$3.run(ParentRunner.java:238)&#13;
	at org.junit.runners.ParentRunner$1.schedule(ParentRunner.java:63)&#13;
	at org.junit.runners.ParentRunner.runChildren(ParentRunner.java:236)&#13;
	at org.junit.runners.ParentRunner.access$000(ParentRunner.java:53)&#13;
	at org.junit.runners.ParentRunner$2.evaluate(ParentRunner.java:229)&#13;
	at org.junit.runners.ParentRunner.run(ParentRunner.java:309)&#13;
	at cucumber.api.junit.Cucumber.run(Cucumber.java:82)&#13;
	at org.eclipse.jdt.internal.junit4.runner.JUnit4TestReference.run(JUnit4TestReference.java:50)&#13;
	at org.eclipse.jdt.internal.junit.runner.TestExecution.run(TestExecution.java:38)&#13;
	at org.eclipse.jdt.internal.junit.runner.RemoteTestRunner.runTests(RemoteTestRunner.java:459)&#13;
	at org.eclipse.jdt.internal.junit.runner.RemoteTestRunner.runTests(RemoteTestRunner.java:675)&#13;
	at org.eclipse.jdt.internal.junit.runner.RemoteTestRunner.run(RemoteTestRunner.java:382)&#13;
	at org.eclipse.jdt.internal.junit.runner.RemoteTestRunner.main(RemoteTestRunner.java:192)&#13;
&#13;
</error>
        <testcase name="Given I navigate to mifos" classname="Scenario: Loan-488-RBI-EPP-DB-DL-REC-NON-RNI-CTRFD-DL-MD-TR-1-EarlyRePayment" incomplete="true"/>
        <testcase name="And I login into mifos site using &quot;Login&quot; excel sheet" classname="Scenario: Loan-488-RBI-EPP-DB-DL-REC-NON-RNI-CTRFD-DL-MD-TR-1-EarlyRePayment" incomplete="true"/>
        <testcase name="Then I should see logged in successfully" classname="Scenario: Loan-488-RBI-EPP-DB-DL-REC-NON-RNI-CTRFD-DL-MD-TR-1-EarlyRePayment" incomplete="true"/>
        <testcase name="Given I setup the clients" classname="Scenario: Loan-488-RBI-EPP-DB-DL-REC-NON-RNI-CTRFD-DL-MD-TR-1-EarlyRePayment" time="0.001" ignored="true"/>
        <testcase name="Then I entered the values into client from &quot;Input&quot; sheet" classname="Scenario: Loan-488-RBI-EPP-DB-DL-REC-NON-RNI-CTRFD-DL-MD-TR-1-EarlyRePayment" time="0.0" ignored="true"/>
        <testcase name="Then I should see client created successfully from &quot;Output&quot; sheet" classname="Scenario: Loan-488-RBI-EPP-DB-DL-REC-NON-RNI-CTRFD-DL-MD-TR-1-EarlyRePayment" time="0.001" ignored="true"/>
        <testcase name="When I set up the new create loan from &quot;NewLoanInput&quot; sheet" classname="Scenario: Loan-488-RBI-EPP-DB-DL-REC-NON-RNI-CTRFD-DL-MD-TR-1-EarlyRePayment" time="0.0" ignored="true"/>
        <testcase name="Then I verified the &quot;Summary&quot; details successfully" classname="Scenario: Loan-488-RBI-EPP-DB-DL-REC-NON-RNI-CTRFD-DL-MD-TR-1-EarlyRePayment" time="0.001" ignored="true"/>
        <testcase name="And I verified the &quot;Repayment Schedule&quot; details successfully" classname="Scenario: Loan-488-RBI-EPP-DB-DL-REC-NON-RNI-CTRFD-DL-MD-TR-1-EarlyRePayment" time="0.0" ignored="true"/>
        <testcase name="Then I make repayment and verified the following tabs" classname="Scenario: Loan-488-RBI-EPP-DB-DL-REC-NON-RNI-CTRFD-DL-MD-TR-1-EarlyRePayment" time="1.963" ignored="true"/>
      </testsuite>
      <testsuite name="Scenario: Loan-533-RBI-EPP-DB-SAR-REC-NON-RNI-CTPD-SAR-MD-TR-1-EarlyRePayment" incomplete="true">
        <error>org.openqa.selenium.TimeoutException: Timed out after 100 seconds waiting for visibility of element located by By.id: save
Build info: version: '2.29.1', revision: 'dfb1306b85be4934d23c123122e06e602a15e446', time: '2013-01-22 12:58:05'
System info: os.name: 'Windows 8.1', os.arch: 'amd64', os.version: '6.3', java.version: '1.7.0_60'
Driver info: driver.version: unknown&#13;
	at org.openqa.selenium.support.ui.FluentWait.timeoutException(FluentWait.java:259)&#13;
	at org.openqa.selenium.support.ui.FluentWait.until(FluentWait.java:228)&#13;
	at com.mifos.pages.MifosWebPage.waitForElementToBeVisible(MifosWebPage.java:239)&#13;
	at com.mifos.pages.MifosWebPage.clickButton(MifosWebPage.java:1418)&#13;
	at com.mifos.pages.MifosWebPage.clickButton(MifosWebPage.java:1356)&#13;
	at com.mifos.pages.MifosWebPage.clickButton(MifosWebPage.java:1325)&#13;
	at com.mifos.pages.FrontPage.makeRepayment(FrontPage.java:642)&#13;
	at com.mifos.pages.FrontPage.makeAndVerifyRepayment(FrontPage.java:610)&#13;
	at com.mifos.steps.ClientSteps.I_make_repayment_and_verified_the_following_tabs(ClientSteps.java:67)&#13;
	at ✽.Then I make repayment and verified the following tabs(src\test\resources\features\Test.feature:252)&#13;
Caused by: org.openqa.selenium.NoSuchElementException: no such element
  (Session info: chrome=44.0.2403.125)
  (Driver info: chromedriver=2.14.313457 (3d645c400edf2e2c500566c9aa096063e707c9cf),platform=Windows NT 6.3 x86_64) (WARNING: The server did not provide any stacktrace information)
Command duration or timeout: 30.03 seconds
For documentation on this error, please visit: http://seleniumhq.org/exceptions/no_such_element.html
Build info: version: '2.29.1', revision: 'dfb1306b85be4934d23c123122e06e602a15e446', time: '2013-01-22 12:58:05'
System info: os.name: 'Windows 8.1', os.arch: 'amd64', os.version: '6.3', java.version: '1.7.0_60'
Session ID: 8fca21a99a71e9b0ad4af0ea5d68d8ba
Driver info: org.openqa.selenium.chrome.ChromeDriver
Capabilities [{platform=XP, acceptSslCerts=true, javascriptEnabled=true, browserName=chrome, chrome={userDataDir=C:\Users\30\AppData\Local\Temp\scoped_dir16288_31974}, rotatable=false, locationContextEnabled=true, mobileEmulationEnabled=false, version=44.0.2403.125, takesHeapSnapshot=true, cssSelectorsEnabled=true, databaseEnabled=false, handlesAlerts=true, browserConnectionEnabled=false, webStorageEnabled=true, nativeEvents=true, applicationCacheEnabled=false, takesScreenshot=true}]&#13;
	at sun.reflect.GeneratedConstructorAccessor34.newInstance(Unknown Source)&#13;
	at sun.reflect.DelegatingConstructorAccessorImpl.newInstance(Unknown Source)&#13;
	at java.lang.reflect.Constructor.newInstance(Unknown Source)&#13;
	at org.openqa.selenium.remote.ErrorHandler.createThrowable(ErrorHandler.java:187)&#13;
	at org.openqa.selenium.remote.ErrorHandler.throwIfResponseFailed(ErrorHandler.java:145)&#13;
	at org.openqa.selenium.remote.RemoteWebDriver.execute(RemoteWebDriver.java:554)&#13;
	at org.openqa.selenium.remote.RemoteWebDriver.findElement(RemoteWebDriver.java:307)&#13;
	at org.openqa.selenium.remote.RemoteWebDriver.findElementById(RemoteWebDriver.java:348)&#13;
	at org.openqa.selenium.By$ById.findElement(By.java:216)&#13;
	at org.openqa.selenium.remote.RemoteWebDriver.findElement(RemoteWebDriver.java:299)&#13;
	at sun.reflect.GeneratedMethodAccessor6.invoke(Unknown Source)&#13;
	at sun.reflect.DelegatingMethodAccessorImpl.invoke(Unknown Source)&#13;
	at java.lang.reflect.Method.invoke(Unknown Source)&#13;
	at org.openqa.selenium.support.events.EventFiringWebDriver$2.invoke(EventFiringWebDriver.java:101)&#13;
	at com.sun.proxy.$Proxy15.findElement(Unknown Source)&#13;
	at org.openqa.selenium.support.events.EventFiringWebDriver.findElement(EventFiringWebDriver.java:180)&#13;
	at org.openqa.selenium.support.ui.ExpectedConditions.findElement(ExpectedConditions.java:523)&#13;
	at org.openqa.selenium.support.ui.ExpectedConditions.access$000(ExpectedConditions.java:39)&#13;
	at org.openqa.selenium.support.ui.ExpectedConditions$4.apply(ExpectedConditions.java:130)&#13;
	at org.openqa.selenium.support.ui.ExpectedConditions$4.apply(ExpectedConditions.java:126)&#13;
	at org.openqa.selenium.support.ui.FluentWait.until(FluentWait.java:208)&#13;
	at com.mifos.pages.MifosWebPage.waitForElementToBeVisible(MifosWebPage.java:239)&#13;
	at com.mifos.pages.MifosWebPage.clickButton(MifosWebPage.java:1418)&#13;
	at com.mifos.pages.MifosWebPage.clickButton(MifosWebPage.java:1356)&#13;
	at com.mifos.pages.MifosWebPage.clickButton(MifosWebPage.java:1325)&#13;
	at com.mifos.pages.FrontPage.makeRepayment(FrontPage.java:642)&#13;
	at com.mifos.pages.FrontPage.makeAndVerifyRepayment(FrontPage.java:610)&#13;
	at com.mifos.steps.ClientSteps.I_make_repayment_and_verified_the_following_tabs(ClientSteps.java:67)&#13;
	at sun.reflect.NativeMethodAccessorImpl.invoke0(Native Method)&#13;
	at sun.reflect.NativeMethodAccessorImpl.invoke(Unknown Source)&#13;
	at sun.reflect.DelegatingMethodAccessorImpl.invoke(Unknown Source)&#13;
	at java.lang.reflect.Method.invoke(Unknown Source)&#13;
	at cucumber.runtime.Utils$1.call(Utils.java:44)&#13;
	at cucumber.runtime.Timeout.timeout(Timeout.java:12)&#13;
	at cucumber.runtime.Utils.invoke(Utils.java:40)&#13;
	at cucumber.runtime.java.JavaStepDefinition.execute(JavaStepDefinition.java:35)&#13;
	at cucumber.runtime.StepDefinitionMatch.runStep(StepDefinitionMatch.java:38)&#13;
	at cucumber.runtime.Runtime.runStep(Runtime.java:268)&#13;
	at cucumber.runtime.model.StepContainer.runStep(StepContainer.java:45)&#13;
	at cucumber.runtime.model.StepContainer.runSteps(StepContainer.java:40)&#13;
	at cucumber.runtime.model.CucumberScenario.run(CucumberScenario.java:36)&#13;
	at cucumber.runtime.junit.ExecutionUnitRunner.run(ExecutionUnitRunner.java:83)&#13;
	at cucumber.runtime.junit.FeatureRunner.runChild(FeatureRunner.java:63)&#13;
	at cucumber.runtime.junit.FeatureRunner.runChild(FeatureRunner.java:18)&#13;
	at org.junit.runners.ParentRunner$3.run(ParentRunner.java:238)&#13;
	at org.junit.runners.ParentRunner$1.schedule(ParentRunner.java:63)&#13;
	at org.junit.runners.ParentRunner.runChildren(ParentRunner.java:236)&#13;
	at org.junit.runners.ParentRunner.access$000(ParentRunner.java:53)&#13;
	at org.junit.runners.ParentRunner$2.evaluate(ParentRunner.java:229)&#13;
	at org.junit.runners.ParentRunner.run(ParentRunner.java:309)&#13;
	at cucumber.runtime.junit.FeatureRunner.run(FeatureRunner.java:70)&#13;
	at cucumber.api.junit.Cucumber.runChild(Cucumber.java:77)&#13;
	at cucumber.api.junit.Cucumber.runChild(Cucumber.java:37)&#13;
	at org.junit.runners.ParentRunner$3.run(ParentRunner.java:238)&#13;
	at org.junit.runners.ParentRunner$1.schedule(ParentRunner.java:63)&#13;
	at org.junit.runners.ParentRunner.runChildren(ParentRunner.java:236)&#13;
	at org.junit.runners.ParentRunner.access$000(ParentRunner.java:53)&#13;
	at org.junit.runners.ParentRunner$2.evaluate(ParentRunner.java:229)&#13;
	at org.junit.runners.ParentRunner.run(ParentRunner.java:309)&#13;
	at cucumber.api.junit.Cucumber.run(Cucumber.java:82)&#13;
	at org.eclipse.jdt.internal.junit4.runner.JUnit4TestReference.run(JUnit4TestReference.java:50)&#13;
	at org.eclipse.jdt.internal.junit.runner.TestExecution.run(TestExecution.java:38)&#13;
	at org.eclipse.jdt.internal.junit.runner.RemoteTestRunner.runTests(RemoteTestRunner.java:459)&#13;
	at org.eclipse.jdt.internal.junit.runner.RemoteTestRunner.runTests(RemoteTestRunner.java:675)&#13;
	at org.eclipse.jdt.internal.junit.runner.RemoteTestRunner.run(RemoteTestRunner.java:382)&#13;
	at org.eclipse.jdt.internal.junit.runner.RemoteTestRunner.main(RemoteTestRunner.java:192)&#13;
&#13;
</error>
        <testcase name="Given I navigate to mifos" classname="Scenario: Loan-533-RBI-EPP-DB-SAR-REC-NON-RNI-CTPD-SAR-MD-TR-1-EarlyRePayment" incomplete="true"/>
        <testcase name="And I login into mifos site using &quot;Login&quot; excel sheet" classname="Scenario: Loan-533-RBI-EPP-DB-SAR-REC-NON-RNI-CTPD-SAR-MD-TR-1-EarlyRePayment" incomplete="true"/>
        <testcase name="Then I should see logged in successfully" classname="Scenario: Loan-533-RBI-EPP-DB-SAR-REC-NON-RNI-CTPD-SAR-MD-TR-1-EarlyRePayment" incomplete="true"/>
        <testcase name="Given I setup the clients" classname="Scenario: Loan-533-RBI-EPP-DB-SAR-REC-NON-RNI-CTPD-SAR-MD-TR-1-EarlyRePayment" time="10.744"/>
        <testcase name="Then I entered the values into client from &quot;Input&quot; sheet" classname="Scenario: Loan-533-RBI-EPP-DB-SAR-REC-NON-RNI-CTPD-SAR-MD-TR-1-EarlyRePayment" time="0.079"/>
        <testcase name="Then I should see client created successfully from &quot;Output&quot; sheet" classname="Scenario: Loan-533-RBI-EPP-DB-SAR-REC-NON-RNI-CTPD-SAR-MD-TR-1-EarlyRePayment" time="3.003"/>
        <testcase name="When I set up the new create loan from &quot;NewLoanInput&quot; sheet" classname="Scenario: Loan-533-RBI-EPP-DB-SAR-REC-NON-RNI-CTPD-SAR-MD-TR-1-EarlyRePayment" time="0.002"/>
        <testcase name="Then I verified the &quot;Summary&quot; details successfully" classname="Scenario: Loan-533-RBI-EPP-DB-SAR-REC-NON-RNI-CTPD-SAR-MD-TR-1-EarlyRePayment" time="0.001"/>
        <testcase name="And I verified the &quot;Repayment Schedule&quot; details successfully" classname="Scenario: Loan-533-RBI-EPP-DB-SAR-REC-NON-RNI-CTPD-SAR-MD-TR-1-EarlyRePayment" time="364.959"/>
        <testcase name="Then I make repayment and verified the following tabs" classname="Scenario: Loan-533-RBI-EPP-DB-SAR-REC-NON-RNI-CTPD-SAR-MD-TR-1-EarlyRePayment" time="0.001">
          <error>org.openqa.selenium.TimeoutException: Timed out after 100 seconds waiting for visibility of element located by By.id: save
Build info: version: '2.29.1', revision: 'dfb1306b85be4934d23c123122e06e602a15e446', time: '2013-01-22 12:58:05'
System info: os.name: 'Windows 8.1', os.arch: 'amd64', os.version: '6.3', java.version: '1.7.0_60'
Driver info: driver.version: unknown&#13;
	at org.openqa.selenium.support.ui.FluentWait.timeoutException(FluentWait.java:259)&#13;
	at org.openqa.selenium.support.ui.FluentWait.until(FluentWait.java:228)&#13;
	at com.mifos.pages.MifosWebPage.waitForElementToBeVisible(MifosWebPage.java:239)&#13;
	at com.mifos.pages.MifosWebPage.clickButton(MifosWebPage.java:1418)&#13;
	at com.mifos.pages.MifosWebPage.clickButton(MifosWebPage.java:1356)&#13;
	at com.mifos.pages.MifosWebPage.clickButton(MifosWebPage.java:1325)&#13;
	at com.mifos.pages.FrontPage.makeRepayment(FrontPage.java:642)&#13;
	at com.mifos.pages.FrontPage.makeAndVerifyRepayment(FrontPage.java:610)&#13;
	at com.mifos.steps.ClientSteps.I_make_repayment_and_verified_the_following_tabs(ClientSteps.java:67)&#13;
	at ✽.Then I make repayment and verified the following tabs(src\test\resources\features\Test.feature:252)&#13;
Caused by: org.openqa.selenium.NoSuchElementException: no such element
  (Session info: chrome=44.0.2403.125)
  (Driver info: chromedriver=2.14.313457 (3d645c400edf2e2c500566c9aa096063e707c9cf),platform=Windows NT 6.3 x86_64) (WARNING: The server did not provide any stacktrace information)
Command duration or timeout: 30.03 seconds
For documentation on this error, please visit: http://seleniumhq.org/exceptions/no_such_element.html
Build info: version: '2.29.1', revision: 'dfb1306b85be4934d23c123122e06e602a15e446', time: '2013-01-22 12:58:05'
System info: os.name: 'Windows 8.1', os.arch: 'amd64', os.version: '6.3', java.version: '1.7.0_60'
Session ID: 8fca21a99a71e9b0ad4af0ea5d68d8ba
Driver info: org.openqa.selenium.chrome.ChromeDriver
Capabilities [{platform=XP, acceptSslCerts=true, javascriptEnabled=true, browserName=chrome, chrome={userDataDir=C:\Users\30\AppData\Local\Temp\scoped_dir16288_31974}, rotatable=false, locationContextEnabled=true, mobileEmulationEnabled=false, version=44.0.2403.125, takesHeapSnapshot=true, cssSelectorsEnabled=true, databaseEnabled=false, handlesAlerts=true, browserConnectionEnabled=false, webStorageEnabled=true, nativeEvents=true, applicationCacheEnabled=false, takesScreenshot=true}]&#13;
	at sun.reflect.GeneratedConstructorAccessor34.newInstance(Unknown Source)&#13;
	at sun.reflect.DelegatingConstructorAccessorImpl.newInstance(Unknown Source)&#13;
	at java.lang.reflect.Constructor.newInstance(Unknown Source)&#13;
	at org.openqa.selenium.remote.ErrorHandler.createThrowable(ErrorHandler.java:187)&#13;
	at org.openqa.selenium.remote.ErrorHandler.throwIfResponseFailed(ErrorHandler.java:145)&#13;
	at org.openqa.selenium.remote.RemoteWebDriver.execute(RemoteWebDriver.java:554)&#13;
	at org.openqa.selenium.remote.RemoteWebDriver.findElement(RemoteWebDriver.java:307)&#13;
	at org.openqa.selenium.remote.RemoteWebDriver.findElementById(RemoteWebDriver.java:348)&#13;
	at org.openqa.selenium.By$ById.findElement(By.java:216)&#13;
	at org.openqa.selenium.remote.RemoteWebDriver.findElement(RemoteWebDriver.java:299)&#13;
	at sun.reflect.GeneratedMethodAccessor6.invoke(Unknown Source)&#13;
	at sun.reflect.DelegatingMethodAccessorImpl.invoke(Unknown Source)&#13;
	at java.lang.reflect.Method.invoke(Unknown Source)&#13;
	at org.openqa.selenium.support.events.EventFiringWebDriver$2.invoke(EventFiringWebDriver.java:101)&#13;
	at com.sun.proxy.$Proxy15.findElement(Unknown Source)&#13;
	at org.openqa.selenium.support.events.EventFiringWebDriver.findElement(EventFiringWebDriver.java:180)&#13;
	at org.openqa.selenium.support.ui.ExpectedConditions.findElement(ExpectedConditions.java:523)&#13;
	at org.openqa.selenium.support.ui.ExpectedConditions.access$000(ExpectedConditions.java:39)&#13;
	at org.openqa.selenium.support.ui.ExpectedConditions$4.apply(ExpectedConditions.java:130)&#13;
	at org.openqa.selenium.support.ui.ExpectedConditions$4.apply(ExpectedConditions.java:126)&#13;
	at org.openqa.selenium.support.ui.FluentWait.until(FluentWait.java:208)&#13;
	at com.mifos.pages.MifosWebPage.waitForElementToBeVisible(MifosWebPage.java:239)&#13;
	at com.mifos.pages.MifosWebPage.clickButton(MifosWebPage.java:1418)&#13;
	at com.mifos.pages.MifosWebPage.clickButton(MifosWebPage.java:1356)&#13;
	at com.mifos.pages.MifosWebPage.clickButton(MifosWebPage.java:1325)&#13;
	at com.mifos.pages.FrontPage.makeRepayment(FrontPage.java:642)&#13;
	at com.mifos.pages.FrontPage.makeAndVerifyRepayment(FrontPage.java:610)&#13;
	at com.mifos.steps.ClientSteps.I_make_repayment_and_verified_the_following_tabs(ClientSteps.java:67)&#13;
	at sun.reflect.NativeMethodAccessorImpl.invoke0(Native Method)&#13;
	at sun.reflect.NativeMethodAccessorImpl.invoke(Unknown Source)&#13;
	at sun.reflect.DelegatingMethodAccessorImpl.invoke(Unknown Source)&#13;
	at java.lang.reflect.Method.invoke(Unknown Source)&#13;
	at cucumber.runtime.Utils$1.call(Utils.java:44)&#13;
	at cucumber.runtime.Timeout.timeout(Timeout.java:12)&#13;
	at cucumber.runtime.Utils.invoke(Utils.java:40)&#13;
	at cucumber.runtime.java.JavaStepDefinition.execute(JavaStepDefinition.java:35)&#13;
	at cucumber.runtime.StepDefinitionMatch.runStep(StepDefinitionMatch.java:38)&#13;
	at cucumber.runtime.Runtime.runStep(Runtime.java:268)&#13;
	at cucumber.runtime.model.StepContainer.runStep(StepContainer.java:45)&#13;
	at cucumber.runtime.model.StepContainer.runSteps(StepContainer.java:40)&#13;
	at cucumber.runtime.model.CucumberScenario.run(CucumberScenario.java:36)&#13;
	at cucumber.runtime.junit.ExecutionUnitRunner.run(ExecutionUnitRunner.java:83)&#13;
	at cucumber.runtime.junit.FeatureRunner.runChild(FeatureRunner.java:63)&#13;
	at cucumber.runtime.junit.FeatureRunner.runChild(FeatureRunner.java:18)&#13;
	at org.junit.runners.ParentRunner$3.run(ParentRunner.java:238)&#13;
	at org.junit.runners.ParentRunner$1.schedule(ParentRunner.java:63)&#13;
	at org.junit.runners.ParentRunner.runChildren(ParentRunner.java:236)&#13;
	at org.junit.runners.ParentRunner.access$000(ParentRunner.java:53)&#13;
	at org.junit.runners.ParentRunner$2.evaluate(ParentRunner.java:229)&#13;
	at org.junit.runners.ParentRunner.run(ParentRunner.java:309)&#13;
	at cucumber.runtime.junit.FeatureRunner.run(FeatureRunner.java:70)&#13;
	at cucumber.api.junit.Cucumber.runChild(Cucumber.java:77)&#13;
	at cucumber.api.junit.Cucumber.runChild(Cucumber.java:37)&#13;
	at org.junit.runners.ParentRunner$3.run(ParentRunner.java:238)&#13;
	at org.junit.runners.ParentRunner$1.schedule(ParentRunner.java:63)&#13;
	at org.junit.runners.ParentRunner.runChildren(ParentRunner.java:236)&#13;
	at org.junit.runners.ParentRunner.access$000(ParentRunner.java:53)&#13;
	at org.junit.runners.ParentRunner$2.evaluate(ParentRunner.java:229)&#13;
	at org.junit.runners.ParentRunner.run(ParentRunner.java:309)&#13;
	at cucumber.api.junit.Cucumber.run(Cucumber.java:82)&#13;
	at org.eclipse.jdt.internal.junit4.runner.JUnit4TestReference.run(JUnit4TestReference.java:50)&#13;
	at org.eclipse.jdt.internal.junit.runner.TestExecution.run(TestExecution.java:38)&#13;
	at org.eclipse.jdt.internal.junit.runner.RemoteTestRunner.runTests(RemoteTestRunner.java:459)&#13;
	at org.eclipse.jdt.internal.junit.runner.RemoteTestRunner.runTests(RemoteTestRunner.java:675)&#13;
	at org.eclipse.jdt.internal.junit.runner.RemoteTestRunner.run(RemoteTestRunner.java:382)&#13;
	at org.eclipse.jdt.internal.junit.runner.RemoteTestRunner.main(RemoteTestRunner.java:192)&#13;
&#13;
</error>
        </testcase>
      </testsuite>
      <testsuite name="Scenario: Loan-534-RBI-EPP-DB-SAR-REC-NON-RNI-CTPD-DL-MD-TR-1-EarlyRePayment" incomplete="true">
        <testcase name="Given I navigate to mifos" classname="Scenario: Loan-534-RBI-EPP-DB-SAR-REC-NON-RNI-CTPD-DL-MD-TR-1-EarlyRePayment" incomplete="true"/>
        <testcase name="And I login into mifos site using &quot;Login&quot; excel sheet" classname="Scenario: Loan-534-RBI-EPP-DB-SAR-REC-NON-RNI-CTPD-DL-MD-TR-1-EarlyRePayment" incomplete="true"/>
        <testcase name="Then I should see logged in successfully" classname="Scenario: Loan-534-RBI-EPP-DB-SAR-REC-NON-RNI-CTPD-DL-MD-TR-1-EarlyRePayment" incomplete="true"/>
        <testcase name="Given I setup the clients" classname="Scenario: Loan-534-RBI-EPP-DB-SAR-REC-NON-RNI-CTPD-DL-MD-TR-1-EarlyRePayment" time="11.109"/>
        <testcase name="Then I entered the values into client from &quot;Input&quot; sheet" classname="Scenario: Loan-534-RBI-EPP-DB-SAR-REC-NON-RNI-CTPD-DL-MD-TR-1-EarlyRePayment" time="0.118"/>
        <testcase name="Then I should see client created successfully from &quot;Output&quot; sheet" classname="Scenario: Loan-534-RBI-EPP-DB-SAR-REC-NON-RNI-CTPD-DL-MD-TR-1-EarlyRePayment" incomplete="true"/>
        <testcase name="When I set up the new create loan from &quot;NewLoanInput&quot; sheet" classname="Scenario: Loan-534-RBI-EPP-DB-SAR-REC-NON-RNI-CTPD-DL-MD-TR-1-EarlyRePayment" incomplete="true"/>
        <testcase name="Then I verified the &quot;Summary&quot; details successfully" classname="Scenario: Loan-534-RBI-EPP-DB-SAR-REC-NON-RNI-CTPD-DL-MD-TR-1-EarlyRePayment" incomplete="true"/>
        <testcase name="And I verified the &quot;Repayment Schedule&quot; details successfully" classname="Scenario: Loan-534-RBI-EPP-DB-SAR-REC-NON-RNI-CTPD-DL-MD-TR-1-EarlyRePayment" incomplete="true"/>
        <testcase name="Then I make repayment and verified the following tabs" classname="Scenario: Loan-534-RBI-EPP-DB-SAR-REC-NON-RNI-CTPD-DL-MD-TR-1-EarlyRePayment" incomplete="true"/>
      </testsuite>
      <testsuite name="Scenario: Loan-535-RBI-EPP-DB-SAR-REC-NON-RNI-CTRFD-SAR-MD-TR-1-EarlyRePayment" incomplete="true">
        <testcase name="Given I navigate to mifos" classname="Scenario: Loan-535-RBI-EPP-DB-SAR-REC-NON-RNI-CTRFD-SAR-MD-TR-1-EarlyRePayment" incomplete="true"/>
        <testcase name="And I login into mifos site using &quot;Login&quot; excel sheet" classname="Scenario: Loan-535-RBI-EPP-DB-SAR-REC-NON-RNI-CTRFD-SAR-MD-TR-1-EarlyRePayment" incomplete="true"/>
        <testcase name="Then I should see logged in successfully" classname="Scenario: Loan-535-RBI-EPP-DB-SAR-REC-NON-RNI-CTRFD-SAR-MD-TR-1-EarlyRePayment" incomplete="true"/>
        <testcase name="Given I setup the clients" classname="Scenario: Loan-535-RBI-EPP-DB-SAR-REC-NON-RNI-CTRFD-SAR-MD-TR-1-EarlyRePayment" incomplete="true"/>
        <testcase name="Then I entered the values into client from &quot;Input&quot; sheet" classname="Scenario: Loan-535-RBI-EPP-DB-SAR-REC-NON-RNI-CTRFD-SAR-MD-TR-1-EarlyRePayment" incomplete="true"/>
        <testcase name="Then I should see client created successfully from &quot;Output&quot; sheet" classname="Scenario: Loan-535-RBI-EPP-DB-SAR-REC-NON-RNI-CTRFD-SAR-MD-TR-1-EarlyRePayment" incomplete="true"/>
        <testcase name="When I set up the new create loan from &quot;NewLoanInput&quot; sheet" classname="Scenario: Loan-535-RBI-EPP-DB-SAR-REC-NON-RNI-CTRFD-SAR-MD-TR-1-EarlyRePayment" incomplete="true"/>
        <testcase name="Then I verified the &quot;Summary&quot; details successfully" classname="Scenario: Loan-535-RBI-EPP-DB-SAR-REC-NON-RNI-CTRFD-SAR-MD-TR-1-EarlyRePayment" incomplete="true"/>
        <testcase name="And I verified the &quot;Repayment Schedule&quot; details successfully" classname="Scenario: Loan-535-RBI-EPP-DB-SAR-REC-NON-RNI-CTRFD-SAR-MD-TR-1-EarlyRePayment" incomplete="true"/>
        <testcase name="Then I make repayment and verified the following tabs" classname="Scenario: Loan-535-RBI-EPP-DB-SAR-REC-NON-RNI-CTRFD-SAR-MD-TR-1-EarlyRePayment" incomplete="true"/>
      </testsuite>
      <testsuite name="Scenario: Loan-536-RBI-EPP-DB-SAR-REC-NON-RNI-CTRFD-DL-MD-TR-1-EarlyRePayment" incomplete="true">
        <testcase name="Given I navigate to mifos" classname="Scenario: Loan-536-RBI-EPP-DB-SAR-REC-NON-RNI-CTRFD-DL-MD-TR-1-EarlyRePayment" incomplete="true"/>
        <testcase name="And I login into mifos site using &quot;Login&quot; excel sheet" classname="Scenario: Loan-536-RBI-EPP-DB-SAR-REC-NON-RNI-CTRFD-DL-MD-TR-1-EarlyRePayment" incomplete="true"/>
        <testcase name="Then I should see logged in successfully" classname="Scenario: Loan-536-RBI-EPP-DB-SAR-REC-NON-RNI-CTRFD-DL-MD-TR-1-EarlyRePayment" incomplete="true"/>
        <testcase name="Given I setup the clients" classname="Scenario: Loan-536-RBI-EPP-DB-SAR-REC-NON-RNI-CTRFD-DL-MD-TR-1-EarlyRePayment" incomplete="true"/>
        <testcase name="Then I entered the values into client from &quot;Input&quot; sheet" classname="Scenario: Loan-536-RBI-EPP-DB-SAR-REC-NON-RNI-CTRFD-DL-MD-TR-1-EarlyRePayment" incomplete="true"/>
        <testcase name="Then I should see client created successfully from &quot;Output&quot; sheet" classname="Scenario: Loan-536-RBI-EPP-DB-SAR-REC-NON-RNI-CTRFD-DL-MD-TR-1-EarlyRePayment" incomplete="true"/>
        <testcase name="When I set up the new create loan from &quot;NewLoanInput&quot; sheet" classname="Scenario: Loan-536-RBI-EPP-DB-SAR-REC-NON-RNI-CTRFD-DL-MD-TR-1-EarlyRePayment" incomplete="true"/>
        <testcase name="Then I verified the &quot;Summary&quot; details successfully" classname="Scenario: Loan-536-RBI-EPP-DB-SAR-REC-NON-RNI-CTRFD-DL-MD-TR-1-EarlyRePayment" incomplete="true"/>
        <testcase name="And I verified the &quot;Repayment Schedule&quot; details successfully" classname="Scenario: Loan-536-RBI-EPP-DB-SAR-REC-NON-RNI-CTRFD-DL-MD-TR-1-EarlyRePayment" incomplete="true"/>
        <testcase name="Then I make repayment and verified the following tabs" classname="Scenario: Loan-536-RBI-EPP-DB-SAR-REC-NON-RNI-CTRFD-DL-MD-TR-1-EarlyRePayment" incomplete="true"/>
      </testsuite>
    </testsuite>
  </testsuite>
  <testsuite name="Unrooted Tests" time="15.491">
    <testcase name="Given I navigate to mifos" classname="| 389-RBI-EI-DB-DL-REC-NON-RNI-CTPD-SAR-MD-TR-1-EarlyRePayment-Loanproduct.xlsx |" time="11.866"/>
    <testcase name="And I login into mifos site using &quot;Login&quot; excel sheet" classname="| 389-RBI-EI-DB-DL-REC-NON-RNI-CTPD-SAR-MD-TR-1-EarlyRePayment-Loanproduct.xlsx |" time="0.055"/>
    <testcase name="Then I should see logged in successfully" classname="| 389-RBI-EI-DB-DL-REC-NON-RNI-CTPD-SAR-MD-TR-1-EarlyRePayment-Loanproduct.xlsx |" time="6.29"/>
  </testsuite>
</testrun>
